[2022-01-25 23:12:32,657] {processor.py:163} INFO - Started process (PID=19502) to work on /Users/chang/opt/anaconda3/lib/python3.9/site-packages/airflow/example_dags/example_time_delta_sensor_async.py
[2022-01-25 23:12:32,658] {processor.py:642} INFO - Processing file /Users/chang/opt/anaconda3/lib/python3.9/site-packages/airflow/example_dags/example_time_delta_sensor_async.py for tasks to queue
[2022-01-25 23:12:32,658] {logging_mixin.py:109} INFO - [2022-01-25 23:12:32,658] {dagbag.py:500} INFO - Filling up the DagBag from /Users/chang/opt/anaconda3/lib/python3.9/site-packages/airflow/example_dags/example_time_delta_sensor_async.py
[2022-01-25 23:12:32,700] {processor.py:654} INFO - DAG(s) dict_keys(['example_time_delta_sensor_async']) retrieved from /Users/chang/opt/anaconda3/lib/python3.9/site-packages/airflow/example_dags/example_time_delta_sensor_async.py
[2022-01-25 23:12:32,718] {logging_mixin.py:109} INFO - [2022-01-25 23:12:32,718] {dag.py:2396} INFO - Sync 1 DAGs
[2022-01-25 23:12:32,726] {logging_mixin.py:109} INFO - [2022-01-25 23:12:32,725] {dag.py:2935} INFO - Setting next_dagrun for example_time_delta_sensor_async to None
[2022-01-25 23:12:32,731] {processor.py:171} INFO - Processing /Users/chang/opt/anaconda3/lib/python3.9/site-packages/airflow/example_dags/example_time_delta_sensor_async.py took 0.075 seconds
[2022-01-25 23:14:04,502] {processor.py:163} INFO - Started process (PID=19639) to work on /Users/chang/opt/anaconda3/lib/python3.9/site-packages/airflow/example_dags/example_time_delta_sensor_async.py
[2022-01-25 23:14:04,504] {processor.py:642} INFO - Processing file /Users/chang/opt/anaconda3/lib/python3.9/site-packages/airflow/example_dags/example_time_delta_sensor_async.py for tasks to queue
[2022-01-25 23:14:04,504] {logging_mixin.py:109} INFO - [2022-01-25 23:14:04,504] {dagbag.py:500} INFO - Filling up the DagBag from /Users/chang/opt/anaconda3/lib/python3.9/site-packages/airflow/example_dags/example_time_delta_sensor_async.py
[2022-01-25 23:14:04,533] {processor.py:654} INFO - DAG(s) dict_keys(['example_time_delta_sensor_async']) retrieved from /Users/chang/opt/anaconda3/lib/python3.9/site-packages/airflow/example_dags/example_time_delta_sensor_async.py
[2022-01-25 23:14:04,548] {logging_mixin.py:109} INFO - [2022-01-25 23:14:04,548] {dag.py:2396} INFO - Sync 1 DAGs
[2022-01-25 23:14:04,556] {logging_mixin.py:109} INFO - [2022-01-25 23:14:04,555] {dag.py:2935} INFO - Setting next_dagrun for example_time_delta_sensor_async to None
[2022-01-25 23:14:04,562] {processor.py:171} INFO - Processing /Users/chang/opt/anaconda3/lib/python3.9/site-packages/airflow/example_dags/example_time_delta_sensor_async.py took 0.060 seconds
[2022-01-25 23:15:32,320] {processor.py:163} INFO - Started process (PID=19704) to work on /Users/chang/opt/anaconda3/lib/python3.9/site-packages/airflow/example_dags/example_time_delta_sensor_async.py
[2022-01-25 23:15:32,320] {processor.py:642} INFO - Processing file /Users/chang/opt/anaconda3/lib/python3.9/site-packages/airflow/example_dags/example_time_delta_sensor_async.py for tasks to queue
[2022-01-25 23:15:32,320] {logging_mixin.py:109} INFO - [2022-01-25 23:15:32,320] {dagbag.py:500} INFO - Filling up the DagBag from /Users/chang/opt/anaconda3/lib/python3.9/site-packages/airflow/example_dags/example_time_delta_sensor_async.py
[2022-01-25 23:15:32,348] {processor.py:654} INFO - DAG(s) dict_keys(['example_time_delta_sensor_async']) retrieved from /Users/chang/opt/anaconda3/lib/python3.9/site-packages/airflow/example_dags/example_time_delta_sensor_async.py
[2022-01-25 23:15:32,363] {logging_mixin.py:109} INFO - [2022-01-25 23:15:32,363] {dag.py:2396} INFO - Sync 1 DAGs
[2022-01-25 23:15:32,370] {logging_mixin.py:109} INFO - [2022-01-25 23:15:32,370] {dag.py:2935} INFO - Setting next_dagrun for example_time_delta_sensor_async to None
[2022-01-25 23:15:32,376] {processor.py:171} INFO - Processing /Users/chang/opt/anaconda3/lib/python3.9/site-packages/airflow/example_dags/example_time_delta_sensor_async.py took 0.057 seconds
[2022-01-25 23:16:59,140] {processor.py:163} INFO - Started process (PID=19771) to work on /Users/chang/opt/anaconda3/lib/python3.9/site-packages/airflow/example_dags/example_time_delta_sensor_async.py
[2022-01-25 23:16:59,141] {processor.py:642} INFO - Processing file /Users/chang/opt/anaconda3/lib/python3.9/site-packages/airflow/example_dags/example_time_delta_sensor_async.py for tasks to queue
[2022-01-25 23:16:59,141] {logging_mixin.py:109} INFO - [2022-01-25 23:16:59,141] {dagbag.py:500} INFO - Filling up the DagBag from /Users/chang/opt/anaconda3/lib/python3.9/site-packages/airflow/example_dags/example_time_delta_sensor_async.py
[2022-01-25 23:16:59,170] {processor.py:654} INFO - DAG(s) dict_keys(['example_time_delta_sensor_async']) retrieved from /Users/chang/opt/anaconda3/lib/python3.9/site-packages/airflow/example_dags/example_time_delta_sensor_async.py
[2022-01-25 23:16:59,187] {logging_mixin.py:109} INFO - [2022-01-25 23:16:59,187] {dag.py:2396} INFO - Sync 1 DAGs
[2022-01-25 23:16:59,196] {logging_mixin.py:109} INFO - [2022-01-25 23:16:59,196] {dag.py:2935} INFO - Setting next_dagrun for example_time_delta_sensor_async to None
[2022-01-25 23:16:59,202] {processor.py:171} INFO - Processing /Users/chang/opt/anaconda3/lib/python3.9/site-packages/airflow/example_dags/example_time_delta_sensor_async.py took 0.063 seconds
[2022-01-25 23:18:35,480] {processor.py:163} INFO - Started process (PID=19845) to work on /Users/chang/opt/anaconda3/lib/python3.9/site-packages/airflow/example_dags/example_time_delta_sensor_async.py
[2022-01-25 23:18:35,481] {processor.py:642} INFO - Processing file /Users/chang/opt/anaconda3/lib/python3.9/site-packages/airflow/example_dags/example_time_delta_sensor_async.py for tasks to queue
[2022-01-25 23:18:35,482] {logging_mixin.py:109} INFO - [2022-01-25 23:18:35,482] {dagbag.py:500} INFO - Filling up the DagBag from /Users/chang/opt/anaconda3/lib/python3.9/site-packages/airflow/example_dags/example_time_delta_sensor_async.py
[2022-01-25 23:18:35,516] {processor.py:654} INFO - DAG(s) dict_keys(['example_time_delta_sensor_async']) retrieved from /Users/chang/opt/anaconda3/lib/python3.9/site-packages/airflow/example_dags/example_time_delta_sensor_async.py
[2022-01-25 23:18:35,530] {logging_mixin.py:109} INFO - [2022-01-25 23:18:35,530] {dag.py:2396} INFO - Sync 1 DAGs
[2022-01-25 23:18:35,538] {logging_mixin.py:109} INFO - [2022-01-25 23:18:35,538] {dag.py:2935} INFO - Setting next_dagrun for example_time_delta_sensor_async to None
[2022-01-25 23:18:35,546] {processor.py:171} INFO - Processing /Users/chang/opt/anaconda3/lib/python3.9/site-packages/airflow/example_dags/example_time_delta_sensor_async.py took 0.066 seconds
[2022-01-25 23:20:05,531] {processor.py:163} INFO - Started process (PID=19886) to work on /Users/chang/opt/anaconda3/lib/python3.9/site-packages/airflow/example_dags/example_time_delta_sensor_async.py
[2022-01-25 23:20:05,532] {processor.py:642} INFO - Processing file /Users/chang/opt/anaconda3/lib/python3.9/site-packages/airflow/example_dags/example_time_delta_sensor_async.py for tasks to queue
[2022-01-25 23:20:05,532] {logging_mixin.py:109} INFO - [2022-01-25 23:20:05,532] {dagbag.py:500} INFO - Filling up the DagBag from /Users/chang/opt/anaconda3/lib/python3.9/site-packages/airflow/example_dags/example_time_delta_sensor_async.py
[2022-01-25 23:20:05,567] {processor.py:654} INFO - DAG(s) dict_keys(['example_time_delta_sensor_async']) retrieved from /Users/chang/opt/anaconda3/lib/python3.9/site-packages/airflow/example_dags/example_time_delta_sensor_async.py
[2022-01-25 23:20:05,583] {logging_mixin.py:109} INFO - [2022-01-25 23:20:05,583] {dag.py:2396} INFO - Sync 1 DAGs
[2022-01-25 23:20:05,591] {logging_mixin.py:109} INFO - [2022-01-25 23:20:05,590] {dag.py:2935} INFO - Setting next_dagrun for example_time_delta_sensor_async to None
[2022-01-25 23:20:05,597] {processor.py:171} INFO - Processing /Users/chang/opt/anaconda3/lib/python3.9/site-packages/airflow/example_dags/example_time_delta_sensor_async.py took 0.067 seconds
[2022-01-25 23:21:38,204] {processor.py:163} INFO - Started process (PID=19935) to work on /Users/chang/opt/anaconda3/lib/python3.9/site-packages/airflow/example_dags/example_time_delta_sensor_async.py
[2022-01-25 23:21:38,205] {processor.py:642} INFO - Processing file /Users/chang/opt/anaconda3/lib/python3.9/site-packages/airflow/example_dags/example_time_delta_sensor_async.py for tasks to queue
[2022-01-25 23:21:38,205] {logging_mixin.py:109} INFO - [2022-01-25 23:21:38,205] {dagbag.py:500} INFO - Filling up the DagBag from /Users/chang/opt/anaconda3/lib/python3.9/site-packages/airflow/example_dags/example_time_delta_sensor_async.py
[2022-01-25 23:21:38,241] {processor.py:654} INFO - DAG(s) dict_keys(['example_time_delta_sensor_async']) retrieved from /Users/chang/opt/anaconda3/lib/python3.9/site-packages/airflow/example_dags/example_time_delta_sensor_async.py
[2022-01-25 23:21:38,256] {logging_mixin.py:109} INFO - [2022-01-25 23:21:38,256] {dag.py:2396} INFO - Sync 1 DAGs
[2022-01-25 23:21:38,264] {logging_mixin.py:109} INFO - [2022-01-25 23:21:38,264] {dag.py:2935} INFO - Setting next_dagrun for example_time_delta_sensor_async to None
[2022-01-25 23:21:38,270] {processor.py:171} INFO - Processing /Users/chang/opt/anaconda3/lib/python3.9/site-packages/airflow/example_dags/example_time_delta_sensor_async.py took 0.067 seconds
[2022-01-25 23:23:12,476] {processor.py:163} INFO - Started process (PID=19981) to work on /Users/chang/opt/anaconda3/lib/python3.9/site-packages/airflow/example_dags/example_time_delta_sensor_async.py
[2022-01-25 23:23:12,477] {processor.py:642} INFO - Processing file /Users/chang/opt/anaconda3/lib/python3.9/site-packages/airflow/example_dags/example_time_delta_sensor_async.py for tasks to queue
[2022-01-25 23:23:12,478] {logging_mixin.py:109} INFO - [2022-01-25 23:23:12,477] {dagbag.py:500} INFO - Filling up the DagBag from /Users/chang/opt/anaconda3/lib/python3.9/site-packages/airflow/example_dags/example_time_delta_sensor_async.py
[2022-01-25 23:23:12,514] {processor.py:654} INFO - DAG(s) dict_keys(['example_time_delta_sensor_async']) retrieved from /Users/chang/opt/anaconda3/lib/python3.9/site-packages/airflow/example_dags/example_time_delta_sensor_async.py
[2022-01-25 23:23:12,533] {logging_mixin.py:109} INFO - [2022-01-25 23:23:12,533] {dag.py:2396} INFO - Sync 1 DAGs
[2022-01-25 23:23:12,544] {logging_mixin.py:109} INFO - [2022-01-25 23:23:12,544] {dag.py:2935} INFO - Setting next_dagrun for example_time_delta_sensor_async to None
[2022-01-25 23:23:12,552] {processor.py:171} INFO - Processing /Users/chang/opt/anaconda3/lib/python3.9/site-packages/airflow/example_dags/example_time_delta_sensor_async.py took 0.077 seconds
[2022-01-25 23:24:43,312] {processor.py:163} INFO - Started process (PID=20028) to work on /Users/chang/opt/anaconda3/lib/python3.9/site-packages/airflow/example_dags/example_time_delta_sensor_async.py
[2022-01-25 23:24:43,313] {processor.py:642} INFO - Processing file /Users/chang/opt/anaconda3/lib/python3.9/site-packages/airflow/example_dags/example_time_delta_sensor_async.py for tasks to queue
[2022-01-25 23:24:43,314] {logging_mixin.py:109} INFO - [2022-01-25 23:24:43,314] {dagbag.py:500} INFO - Filling up the DagBag from /Users/chang/opt/anaconda3/lib/python3.9/site-packages/airflow/example_dags/example_time_delta_sensor_async.py
[2022-01-25 23:24:43,342] {processor.py:654} INFO - DAG(s) dict_keys(['example_time_delta_sensor_async']) retrieved from /Users/chang/opt/anaconda3/lib/python3.9/site-packages/airflow/example_dags/example_time_delta_sensor_async.py
[2022-01-25 23:24:43,356] {logging_mixin.py:109} INFO - [2022-01-25 23:24:43,356] {dag.py:2396} INFO - Sync 1 DAGs
[2022-01-25 23:24:43,363] {logging_mixin.py:109} INFO - [2022-01-25 23:24:43,363] {dag.py:2935} INFO - Setting next_dagrun for example_time_delta_sensor_async to None
[2022-01-25 23:24:43,369] {processor.py:171} INFO - Processing /Users/chang/opt/anaconda3/lib/python3.9/site-packages/airflow/example_dags/example_time_delta_sensor_async.py took 0.057 seconds
[2022-01-25 23:26:13,379] {processor.py:163} INFO - Started process (PID=20072) to work on /Users/chang/opt/anaconda3/lib/python3.9/site-packages/airflow/example_dags/example_time_delta_sensor_async.py
[2022-01-25 23:26:13,380] {processor.py:642} INFO - Processing file /Users/chang/opt/anaconda3/lib/python3.9/site-packages/airflow/example_dags/example_time_delta_sensor_async.py for tasks to queue
[2022-01-25 23:26:13,381] {logging_mixin.py:109} INFO - [2022-01-25 23:26:13,381] {dagbag.py:500} INFO - Filling up the DagBag from /Users/chang/opt/anaconda3/lib/python3.9/site-packages/airflow/example_dags/example_time_delta_sensor_async.py
[2022-01-25 23:26:13,418] {processor.py:654} INFO - DAG(s) dict_keys(['example_time_delta_sensor_async']) retrieved from /Users/chang/opt/anaconda3/lib/python3.9/site-packages/airflow/example_dags/example_time_delta_sensor_async.py
[2022-01-25 23:26:13,435] {logging_mixin.py:109} INFO - [2022-01-25 23:26:13,435] {dag.py:2396} INFO - Sync 1 DAGs
[2022-01-25 23:26:13,443] {logging_mixin.py:109} INFO - [2022-01-25 23:26:13,443] {dag.py:2935} INFO - Setting next_dagrun for example_time_delta_sensor_async to None
[2022-01-25 23:26:13,449] {processor.py:171} INFO - Processing /Users/chang/opt/anaconda3/lib/python3.9/site-packages/airflow/example_dags/example_time_delta_sensor_async.py took 0.071 seconds
[2022-01-25 23:27:48,570] {processor.py:163} INFO - Started process (PID=20336) to work on /Users/chang/opt/anaconda3/lib/python3.9/site-packages/airflow/example_dags/example_time_delta_sensor_async.py
[2022-01-25 23:27:48,571] {processor.py:642} INFO - Processing file /Users/chang/opt/anaconda3/lib/python3.9/site-packages/airflow/example_dags/example_time_delta_sensor_async.py for tasks to queue
[2022-01-25 23:27:48,572] {logging_mixin.py:109} INFO - [2022-01-25 23:27:48,572] {dagbag.py:500} INFO - Filling up the DagBag from /Users/chang/opt/anaconda3/lib/python3.9/site-packages/airflow/example_dags/example_time_delta_sensor_async.py
[2022-01-25 23:27:48,600] {processor.py:654} INFO - DAG(s) dict_keys(['example_time_delta_sensor_async']) retrieved from /Users/chang/opt/anaconda3/lib/python3.9/site-packages/airflow/example_dags/example_time_delta_sensor_async.py
[2022-01-25 23:27:48,615] {logging_mixin.py:109} INFO - [2022-01-25 23:27:48,614] {dag.py:2396} INFO - Sync 1 DAGs
[2022-01-25 23:27:48,622] {logging_mixin.py:109} INFO - [2022-01-25 23:27:48,622] {dag.py:2935} INFO - Setting next_dagrun for example_time_delta_sensor_async to None
[2022-01-25 23:27:48,628] {processor.py:171} INFO - Processing /Users/chang/opt/anaconda3/lib/python3.9/site-packages/airflow/example_dags/example_time_delta_sensor_async.py took 0.059 seconds
