[2022-01-25 23:13:10,347] {processor.py:163} INFO - Started process (PID=19535) to work on /Users/chang/opt/anaconda3/lib/python3.9/site-packages/airflow/example_dags/example_external_task_marker_dag.py
[2022-01-25 23:13:10,348] {processor.py:642} INFO - Processing file /Users/chang/opt/anaconda3/lib/python3.9/site-packages/airflow/example_dags/example_external_task_marker_dag.py for tasks to queue
[2022-01-25 23:13:10,348] {logging_mixin.py:109} INFO - [2022-01-25 23:13:10,348] {dagbag.py:500} INFO - Filling up the DagBag from /Users/chang/opt/anaconda3/lib/python3.9/site-packages/airflow/example_dags/example_external_task_marker_dag.py
[2022-01-25 23:13:10,376] {processor.py:654} INFO - DAG(s) dict_keys(['example_external_task_marker_parent', 'example_external_task_marker_child']) retrieved from /Users/chang/opt/anaconda3/lib/python3.9/site-packages/airflow/example_dags/example_external_task_marker_dag.py
[2022-01-25 23:13:10,394] {logging_mixin.py:109} INFO - [2022-01-25 23:13:10,394] {dag.py:2396} INFO - Sync 2 DAGs
[2022-01-25 23:13:10,402] {logging_mixin.py:109} INFO - [2022-01-25 23:13:10,402] {dag.py:2935} INFO - Setting next_dagrun for example_external_task_marker_child to None
[2022-01-25 23:13:10,402] {logging_mixin.py:109} INFO - [2022-01-25 23:13:10,402] {dag.py:2935} INFO - Setting next_dagrun for example_external_task_marker_parent to None
[2022-01-25 23:13:10,408] {processor.py:171} INFO - Processing /Users/chang/opt/anaconda3/lib/python3.9/site-packages/airflow/example_dags/example_external_task_marker_dag.py took 0.061 seconds
[2022-01-25 23:14:40,065] {processor.py:163} INFO - Started process (PID=19652) to work on /Users/chang/opt/anaconda3/lib/python3.9/site-packages/airflow/example_dags/example_external_task_marker_dag.py
[2022-01-25 23:14:40,067] {processor.py:642} INFO - Processing file /Users/chang/opt/anaconda3/lib/python3.9/site-packages/airflow/example_dags/example_external_task_marker_dag.py for tasks to queue
[2022-01-25 23:14:40,068] {logging_mixin.py:109} INFO - [2022-01-25 23:14:40,067] {dagbag.py:500} INFO - Filling up the DagBag from /Users/chang/opt/anaconda3/lib/python3.9/site-packages/airflow/example_dags/example_external_task_marker_dag.py
[2022-01-25 23:14:40,096] {processor.py:654} INFO - DAG(s) dict_keys(['example_external_task_marker_parent', 'example_external_task_marker_child']) retrieved from /Users/chang/opt/anaconda3/lib/python3.9/site-packages/airflow/example_dags/example_external_task_marker_dag.py
[2022-01-25 23:14:40,113] {logging_mixin.py:109} INFO - [2022-01-25 23:14:40,113] {dag.py:2396} INFO - Sync 2 DAGs
[2022-01-25 23:14:40,121] {logging_mixin.py:109} INFO - [2022-01-25 23:14:40,121] {dag.py:2935} INFO - Setting next_dagrun for example_external_task_marker_child to None
[2022-01-25 23:14:40,121] {logging_mixin.py:109} INFO - [2022-01-25 23:14:40,121] {dag.py:2935} INFO - Setting next_dagrun for example_external_task_marker_parent to None
[2022-01-25 23:14:40,127] {processor.py:171} INFO - Processing /Users/chang/opt/anaconda3/lib/python3.9/site-packages/airflow/example_dags/example_external_task_marker_dag.py took 0.062 seconds
[2022-01-25 23:16:08,831] {processor.py:163} INFO - Started process (PID=19728) to work on /Users/chang/opt/anaconda3/lib/python3.9/site-packages/airflow/example_dags/example_external_task_marker_dag.py
[2022-01-25 23:16:08,832] {processor.py:642} INFO - Processing file /Users/chang/opt/anaconda3/lib/python3.9/site-packages/airflow/example_dags/example_external_task_marker_dag.py for tasks to queue
[2022-01-25 23:16:08,832] {logging_mixin.py:109} INFO - [2022-01-25 23:16:08,832] {dagbag.py:500} INFO - Filling up the DagBag from /Users/chang/opt/anaconda3/lib/python3.9/site-packages/airflow/example_dags/example_external_task_marker_dag.py
[2022-01-25 23:16:08,862] {processor.py:654} INFO - DAG(s) dict_keys(['example_external_task_marker_parent', 'example_external_task_marker_child']) retrieved from /Users/chang/opt/anaconda3/lib/python3.9/site-packages/airflow/example_dags/example_external_task_marker_dag.py
[2022-01-25 23:16:08,880] {logging_mixin.py:109} INFO - [2022-01-25 23:16:08,879] {dag.py:2396} INFO - Sync 2 DAGs
[2022-01-25 23:16:08,887] {logging_mixin.py:109} INFO - [2022-01-25 23:16:08,887] {dag.py:2935} INFO - Setting next_dagrun for example_external_task_marker_child to None
[2022-01-25 23:16:08,887] {logging_mixin.py:109} INFO - [2022-01-25 23:16:08,887] {dag.py:2935} INFO - Setting next_dagrun for example_external_task_marker_parent to None
[2022-01-25 23:16:08,894] {processor.py:171} INFO - Processing /Users/chang/opt/anaconda3/lib/python3.9/site-packages/airflow/example_dags/example_external_task_marker_dag.py took 0.064 seconds
[2022-01-25 23:17:36,539] {processor.py:163} INFO - Started process (PID=19818) to work on /Users/chang/opt/anaconda3/lib/python3.9/site-packages/airflow/example_dags/example_external_task_marker_dag.py
[2022-01-25 23:17:36,541] {processor.py:642} INFO - Processing file /Users/chang/opt/anaconda3/lib/python3.9/site-packages/airflow/example_dags/example_external_task_marker_dag.py for tasks to queue
[2022-01-25 23:17:36,541] {logging_mixin.py:109} INFO - [2022-01-25 23:17:36,541] {dagbag.py:500} INFO - Filling up the DagBag from /Users/chang/opt/anaconda3/lib/python3.9/site-packages/airflow/example_dags/example_external_task_marker_dag.py
[2022-01-25 23:17:36,588] {processor.py:654} INFO - DAG(s) dict_keys(['example_external_task_marker_parent', 'example_external_task_marker_child']) retrieved from /Users/chang/opt/anaconda3/lib/python3.9/site-packages/airflow/example_dags/example_external_task_marker_dag.py
[2022-01-25 23:17:36,607] {logging_mixin.py:109} INFO - [2022-01-25 23:17:36,607] {dag.py:2396} INFO - Sync 2 DAGs
[2022-01-25 23:17:36,616] {logging_mixin.py:109} INFO - [2022-01-25 23:17:36,616] {dag.py:2935} INFO - Setting next_dagrun for example_external_task_marker_child to None
[2022-01-25 23:17:36,617] {logging_mixin.py:109} INFO - [2022-01-25 23:17:36,617] {dag.py:2935} INFO - Setting next_dagrun for example_external_task_marker_parent to None
[2022-01-25 23:17:36,625] {processor.py:171} INFO - Processing /Users/chang/opt/anaconda3/lib/python3.9/site-packages/airflow/example_dags/example_external_task_marker_dag.py took 0.087 seconds
[2022-01-25 23:19:10,784] {processor.py:163} INFO - Started process (PID=19858) to work on /Users/chang/opt/anaconda3/lib/python3.9/site-packages/airflow/example_dags/example_external_task_marker_dag.py
[2022-01-25 23:19:10,786] {processor.py:642} INFO - Processing file /Users/chang/opt/anaconda3/lib/python3.9/site-packages/airflow/example_dags/example_external_task_marker_dag.py for tasks to queue
[2022-01-25 23:19:10,786] {logging_mixin.py:109} INFO - [2022-01-25 23:19:10,786] {dagbag.py:500} INFO - Filling up the DagBag from /Users/chang/opt/anaconda3/lib/python3.9/site-packages/airflow/example_dags/example_external_task_marker_dag.py
[2022-01-25 23:19:10,816] {processor.py:654} INFO - DAG(s) dict_keys(['example_external_task_marker_parent', 'example_external_task_marker_child']) retrieved from /Users/chang/opt/anaconda3/lib/python3.9/site-packages/airflow/example_dags/example_external_task_marker_dag.py
[2022-01-25 23:19:10,833] {logging_mixin.py:109} INFO - [2022-01-25 23:19:10,833] {dag.py:2396} INFO - Sync 2 DAGs
[2022-01-25 23:19:10,841] {logging_mixin.py:109} INFO - [2022-01-25 23:19:10,841] {dag.py:2935} INFO - Setting next_dagrun for example_external_task_marker_child to None
[2022-01-25 23:19:10,842] {logging_mixin.py:109} INFO - [2022-01-25 23:19:10,842] {dag.py:2935} INFO - Setting next_dagrun for example_external_task_marker_parent to None
[2022-01-25 23:19:10,848] {processor.py:171} INFO - Processing /Users/chang/opt/anaconda3/lib/python3.9/site-packages/airflow/example_dags/example_external_task_marker_dag.py took 0.064 seconds
[2022-01-25 23:20:40,377] {processor.py:163} INFO - Started process (PID=19899) to work on /Users/chang/opt/anaconda3/lib/python3.9/site-packages/airflow/example_dags/example_external_task_marker_dag.py
[2022-01-25 23:20:40,378] {processor.py:642} INFO - Processing file /Users/chang/opt/anaconda3/lib/python3.9/site-packages/airflow/example_dags/example_external_task_marker_dag.py for tasks to queue
[2022-01-25 23:20:40,379] {logging_mixin.py:109} INFO - [2022-01-25 23:20:40,379] {dagbag.py:500} INFO - Filling up the DagBag from /Users/chang/opt/anaconda3/lib/python3.9/site-packages/airflow/example_dags/example_external_task_marker_dag.py
[2022-01-25 23:20:40,407] {processor.py:654} INFO - DAG(s) dict_keys(['example_external_task_marker_parent', 'example_external_task_marker_child']) retrieved from /Users/chang/opt/anaconda3/lib/python3.9/site-packages/airflow/example_dags/example_external_task_marker_dag.py
[2022-01-25 23:20:40,423] {logging_mixin.py:109} INFO - [2022-01-25 23:20:40,423] {dag.py:2396} INFO - Sync 2 DAGs
[2022-01-25 23:20:40,431] {logging_mixin.py:109} INFO - [2022-01-25 23:20:40,431] {dag.py:2935} INFO - Setting next_dagrun for example_external_task_marker_child to None
[2022-01-25 23:20:40,431] {logging_mixin.py:109} INFO - [2022-01-25 23:20:40,431] {dag.py:2935} INFO - Setting next_dagrun for example_external_task_marker_parent to None
[2022-01-25 23:20:40,436] {processor.py:171} INFO - Processing /Users/chang/opt/anaconda3/lib/python3.9/site-packages/airflow/example_dags/example_external_task_marker_dag.py took 0.060 seconds
[2022-01-25 23:22:15,877] {processor.py:163} INFO - Started process (PID=19956) to work on /Users/chang/opt/anaconda3/lib/python3.9/site-packages/airflow/example_dags/example_external_task_marker_dag.py
[2022-01-25 23:22:15,878] {processor.py:642} INFO - Processing file /Users/chang/opt/anaconda3/lib/python3.9/site-packages/airflow/example_dags/example_external_task_marker_dag.py for tasks to queue
[2022-01-25 23:22:15,878] {logging_mixin.py:109} INFO - [2022-01-25 23:22:15,878] {dagbag.py:500} INFO - Filling up the DagBag from /Users/chang/opt/anaconda3/lib/python3.9/site-packages/airflow/example_dags/example_external_task_marker_dag.py
[2022-01-25 23:22:15,905] {processor.py:654} INFO - DAG(s) dict_keys(['example_external_task_marker_parent', 'example_external_task_marker_child']) retrieved from /Users/chang/opt/anaconda3/lib/python3.9/site-packages/airflow/example_dags/example_external_task_marker_dag.py
[2022-01-25 23:22:15,920] {logging_mixin.py:109} INFO - [2022-01-25 23:22:15,920] {dag.py:2396} INFO - Sync 2 DAGs
[2022-01-25 23:22:15,927] {logging_mixin.py:109} INFO - [2022-01-25 23:22:15,927] {dag.py:2935} INFO - Setting next_dagrun for example_external_task_marker_child to None
[2022-01-25 23:22:15,927] {logging_mixin.py:109} INFO - [2022-01-25 23:22:15,927] {dag.py:2935} INFO - Setting next_dagrun for example_external_task_marker_parent to None
[2022-01-25 23:22:15,933] {processor.py:171} INFO - Processing /Users/chang/opt/anaconda3/lib/python3.9/site-packages/airflow/example_dags/example_external_task_marker_dag.py took 0.056 seconds
[2022-01-25 23:23:48,267] {processor.py:163} INFO - Started process (PID=20004) to work on /Users/chang/opt/anaconda3/lib/python3.9/site-packages/airflow/example_dags/example_external_task_marker_dag.py
[2022-01-25 23:23:48,268] {processor.py:642} INFO - Processing file /Users/chang/opt/anaconda3/lib/python3.9/site-packages/airflow/example_dags/example_external_task_marker_dag.py for tasks to queue
[2022-01-25 23:23:48,268] {logging_mixin.py:109} INFO - [2022-01-25 23:23:48,268] {dagbag.py:500} INFO - Filling up the DagBag from /Users/chang/opt/anaconda3/lib/python3.9/site-packages/airflow/example_dags/example_external_task_marker_dag.py
[2022-01-25 23:23:48,296] {processor.py:654} INFO - DAG(s) dict_keys(['example_external_task_marker_parent', 'example_external_task_marker_child']) retrieved from /Users/chang/opt/anaconda3/lib/python3.9/site-packages/airflow/example_dags/example_external_task_marker_dag.py
[2022-01-25 23:23:48,314] {logging_mixin.py:109} INFO - [2022-01-25 23:23:48,314] {dag.py:2396} INFO - Sync 2 DAGs
[2022-01-25 23:23:48,321] {logging_mixin.py:109} INFO - [2022-01-25 23:23:48,321] {dag.py:2935} INFO - Setting next_dagrun for example_external_task_marker_child to None
[2022-01-25 23:23:48,321] {logging_mixin.py:109} INFO - [2022-01-25 23:23:48,321] {dag.py:2935} INFO - Setting next_dagrun for example_external_task_marker_parent to None
[2022-01-25 23:23:48,327] {processor.py:171} INFO - Processing /Users/chang/opt/anaconda3/lib/python3.9/site-packages/airflow/example_dags/example_external_task_marker_dag.py took 0.061 seconds
[2022-01-25 23:25:18,357] {processor.py:163} INFO - Started process (PID=20041) to work on /Users/chang/opt/anaconda3/lib/python3.9/site-packages/airflow/example_dags/example_external_task_marker_dag.py
[2022-01-25 23:25:18,358] {processor.py:642} INFO - Processing file /Users/chang/opt/anaconda3/lib/python3.9/site-packages/airflow/example_dags/example_external_task_marker_dag.py for tasks to queue
[2022-01-25 23:25:18,358] {logging_mixin.py:109} INFO - [2022-01-25 23:25:18,358] {dagbag.py:500} INFO - Filling up the DagBag from /Users/chang/opt/anaconda3/lib/python3.9/site-packages/airflow/example_dags/example_external_task_marker_dag.py
[2022-01-25 23:25:18,388] {processor.py:654} INFO - DAG(s) dict_keys(['example_external_task_marker_parent', 'example_external_task_marker_child']) retrieved from /Users/chang/opt/anaconda3/lib/python3.9/site-packages/airflow/example_dags/example_external_task_marker_dag.py
[2022-01-25 23:25:18,406] {logging_mixin.py:109} INFO - [2022-01-25 23:25:18,406] {dag.py:2396} INFO - Sync 2 DAGs
[2022-01-25 23:25:18,414] {logging_mixin.py:109} INFO - [2022-01-25 23:25:18,414] {dag.py:2935} INFO - Setting next_dagrun for example_external_task_marker_child to None
[2022-01-25 23:25:18,415] {logging_mixin.py:109} INFO - [2022-01-25 23:25:18,415] {dag.py:2935} INFO - Setting next_dagrun for example_external_task_marker_parent to None
[2022-01-25 23:25:18,421] {processor.py:171} INFO - Processing /Users/chang/opt/anaconda3/lib/python3.9/site-packages/airflow/example_dags/example_external_task_marker_dag.py took 0.065 seconds
[2022-01-25 23:26:51,276] {processor.py:163} INFO - Started process (PID=20095) to work on /Users/chang/opt/anaconda3/lib/python3.9/site-packages/airflow/example_dags/example_external_task_marker_dag.py
[2022-01-25 23:26:51,277] {processor.py:642} INFO - Processing file /Users/chang/opt/anaconda3/lib/python3.9/site-packages/airflow/example_dags/example_external_task_marker_dag.py for tasks to queue
[2022-01-25 23:26:51,278] {logging_mixin.py:109} INFO - [2022-01-25 23:26:51,278] {dagbag.py:500} INFO - Filling up the DagBag from /Users/chang/opt/anaconda3/lib/python3.9/site-packages/airflow/example_dags/example_external_task_marker_dag.py
[2022-01-25 23:26:51,306] {processor.py:654} INFO - DAG(s) dict_keys(['example_external_task_marker_parent', 'example_external_task_marker_child']) retrieved from /Users/chang/opt/anaconda3/lib/python3.9/site-packages/airflow/example_dags/example_external_task_marker_dag.py
[2022-01-25 23:26:51,322] {logging_mixin.py:109} INFO - [2022-01-25 23:26:51,321] {dag.py:2396} INFO - Sync 2 DAGs
[2022-01-25 23:26:51,329] {logging_mixin.py:109} INFO - [2022-01-25 23:26:51,329] {dag.py:2935} INFO - Setting next_dagrun for example_external_task_marker_child to None
[2022-01-25 23:26:51,329] {logging_mixin.py:109} INFO - [2022-01-25 23:26:51,329] {dag.py:2935} INFO - Setting next_dagrun for example_external_task_marker_parent to None
[2022-01-25 23:26:51,334] {processor.py:171} INFO - Processing /Users/chang/opt/anaconda3/lib/python3.9/site-packages/airflow/example_dags/example_external_task_marker_dag.py took 0.058 seconds
