[2022-01-25 23:13:22,422] {processor.py:163} INFO - Started process (PID=19545) to work on /Users/chang/opt/anaconda3/lib/python3.9/site-packages/airflow/example_dags/example_branch_operator.py
[2022-01-25 23:13:22,422] {processor.py:642} INFO - Processing file /Users/chang/opt/anaconda3/lib/python3.9/site-packages/airflow/example_dags/example_branch_operator.py for tasks to queue
[2022-01-25 23:13:22,423] {logging_mixin.py:109} INFO - [2022-01-25 23:13:22,423] {dagbag.py:500} INFO - Filling up the DagBag from /Users/chang/opt/anaconda3/lib/python3.9/site-packages/airflow/example_dags/example_branch_operator.py
[2022-01-25 23:13:22,469] {processor.py:654} INFO - DAG(s) dict_keys(['example_branch_operator']) retrieved from /Users/chang/opt/anaconda3/lib/python3.9/site-packages/airflow/example_dags/example_branch_operator.py
[2022-01-25 23:13:22,485] {logging_mixin.py:109} INFO - [2022-01-25 23:13:22,485] {dag.py:2396} INFO - Sync 1 DAGs
[2022-01-25 23:13:22,495] {logging_mixin.py:109} INFO - [2022-01-25 23:13:22,495] {dag.py:2935} INFO - Setting next_dagrun for example_branch_operator to 2022-01-24 00:00:00+00:00
[2022-01-25 23:13:22,502] {processor.py:171} INFO - Processing /Users/chang/opt/anaconda3/lib/python3.9/site-packages/airflow/example_dags/example_branch_operator.py took 0.081 seconds
[2022-01-25 23:14:51,124] {processor.py:163} INFO - Started process (PID=19667) to work on /Users/chang/opt/anaconda3/lib/python3.9/site-packages/airflow/example_dags/example_branch_operator.py
[2022-01-25 23:14:51,125] {processor.py:642} INFO - Processing file /Users/chang/opt/anaconda3/lib/python3.9/site-packages/airflow/example_dags/example_branch_operator.py for tasks to queue
[2022-01-25 23:14:51,125] {logging_mixin.py:109} INFO - [2022-01-25 23:14:51,125] {dagbag.py:500} INFO - Filling up the DagBag from /Users/chang/opt/anaconda3/lib/python3.9/site-packages/airflow/example_dags/example_branch_operator.py
[2022-01-25 23:14:51,168] {processor.py:654} INFO - DAG(s) dict_keys(['example_branch_operator']) retrieved from /Users/chang/opt/anaconda3/lib/python3.9/site-packages/airflow/example_dags/example_branch_operator.py
[2022-01-25 23:14:51,184] {logging_mixin.py:109} INFO - [2022-01-25 23:14:51,184] {dag.py:2396} INFO - Sync 1 DAGs
[2022-01-25 23:14:51,192] {logging_mixin.py:109} INFO - [2022-01-25 23:14:51,192] {dag.py:2935} INFO - Setting next_dagrun for example_branch_operator to 2022-01-24 00:00:00+00:00
[2022-01-25 23:14:51,199] {processor.py:171} INFO - Processing /Users/chang/opt/anaconda3/lib/python3.9/site-packages/airflow/example_dags/example_branch_operator.py took 0.075 seconds
[2022-01-25 23:16:20,534] {processor.py:163} INFO - Started process (PID=19744) to work on /Users/chang/opt/anaconda3/lib/python3.9/site-packages/airflow/example_dags/example_branch_operator.py
[2022-01-25 23:16:20,535] {processor.py:642} INFO - Processing file /Users/chang/opt/anaconda3/lib/python3.9/site-packages/airflow/example_dags/example_branch_operator.py for tasks to queue
[2022-01-25 23:16:20,536] {logging_mixin.py:109} INFO - [2022-01-25 23:16:20,536] {dagbag.py:500} INFO - Filling up the DagBag from /Users/chang/opt/anaconda3/lib/python3.9/site-packages/airflow/example_dags/example_branch_operator.py
[2022-01-25 23:16:20,575] {processor.py:654} INFO - DAG(s) dict_keys(['example_branch_operator']) retrieved from /Users/chang/opt/anaconda3/lib/python3.9/site-packages/airflow/example_dags/example_branch_operator.py
[2022-01-25 23:16:20,591] {logging_mixin.py:109} INFO - [2022-01-25 23:16:20,591] {dag.py:2396} INFO - Sync 1 DAGs
[2022-01-25 23:16:20,599] {logging_mixin.py:109} INFO - [2022-01-25 23:16:20,599] {dag.py:2935} INFO - Setting next_dagrun for example_branch_operator to 2022-01-24 00:00:00+00:00
[2022-01-25 23:16:20,605] {processor.py:171} INFO - Processing /Users/chang/opt/anaconda3/lib/python3.9/site-packages/airflow/example_dags/example_branch_operator.py took 0.072 seconds
[2022-01-25 23:17:48,816] {processor.py:163} INFO - Started process (PID=19825) to work on /Users/chang/opt/anaconda3/lib/python3.9/site-packages/airflow/example_dags/example_branch_operator.py
[2022-01-25 23:17:48,818] {processor.py:642} INFO - Processing file /Users/chang/opt/anaconda3/lib/python3.9/site-packages/airflow/example_dags/example_branch_operator.py for tasks to queue
[2022-01-25 23:17:48,818] {logging_mixin.py:109} INFO - [2022-01-25 23:17:48,818] {dagbag.py:500} INFO - Filling up the DagBag from /Users/chang/opt/anaconda3/lib/python3.9/site-packages/airflow/example_dags/example_branch_operator.py
[2022-01-25 23:17:48,857] {processor.py:654} INFO - DAG(s) dict_keys(['example_branch_operator']) retrieved from /Users/chang/opt/anaconda3/lib/python3.9/site-packages/airflow/example_dags/example_branch_operator.py
[2022-01-25 23:17:48,872] {logging_mixin.py:109} INFO - [2022-01-25 23:17:48,872] {dag.py:2396} INFO - Sync 1 DAGs
[2022-01-25 23:17:48,880] {logging_mixin.py:109} INFO - [2022-01-25 23:17:48,880] {dag.py:2935} INFO - Setting next_dagrun for example_branch_operator to 2022-01-24 00:00:00+00:00
[2022-01-25 23:17:48,886] {processor.py:171} INFO - Processing /Users/chang/opt/anaconda3/lib/python3.9/site-packages/airflow/example_dags/example_branch_operator.py took 0.070 seconds
[2022-01-25 23:19:21,612] {processor.py:163} INFO - Started process (PID=19870) to work on /Users/chang/opt/anaconda3/lib/python3.9/site-packages/airflow/example_dags/example_branch_operator.py
[2022-01-25 23:19:21,614] {processor.py:642} INFO - Processing file /Users/chang/opt/anaconda3/lib/python3.9/site-packages/airflow/example_dags/example_branch_operator.py for tasks to queue
[2022-01-25 23:19:21,614] {logging_mixin.py:109} INFO - [2022-01-25 23:19:21,614] {dagbag.py:500} INFO - Filling up the DagBag from /Users/chang/opt/anaconda3/lib/python3.9/site-packages/airflow/example_dags/example_branch_operator.py
[2022-01-25 23:19:21,657] {processor.py:654} INFO - DAG(s) dict_keys(['example_branch_operator']) retrieved from /Users/chang/opt/anaconda3/lib/python3.9/site-packages/airflow/example_dags/example_branch_operator.py
[2022-01-25 23:19:21,672] {logging_mixin.py:109} INFO - [2022-01-25 23:19:21,671] {dag.py:2396} INFO - Sync 1 DAGs
[2022-01-25 23:19:21,680] {logging_mixin.py:109} INFO - [2022-01-25 23:19:21,679] {dag.py:2935} INFO - Setting next_dagrun for example_branch_operator to 2022-01-24 00:00:00+00:00
[2022-01-25 23:19:21,685] {processor.py:171} INFO - Processing /Users/chang/opt/anaconda3/lib/python3.9/site-packages/airflow/example_dags/example_branch_operator.py took 0.073 seconds
[2022-01-25 23:20:51,230] {processor.py:163} INFO - Started process (PID=19903) to work on /Users/chang/opt/anaconda3/lib/python3.9/site-packages/airflow/example_dags/example_branch_operator.py
[2022-01-25 23:20:51,231] {processor.py:642} INFO - Processing file /Users/chang/opt/anaconda3/lib/python3.9/site-packages/airflow/example_dags/example_branch_operator.py for tasks to queue
[2022-01-25 23:20:51,232] {logging_mixin.py:109} INFO - [2022-01-25 23:20:51,232] {dagbag.py:500} INFO - Filling up the DagBag from /Users/chang/opt/anaconda3/lib/python3.9/site-packages/airflow/example_dags/example_branch_operator.py
[2022-01-25 23:20:51,275] {processor.py:654} INFO - DAG(s) dict_keys(['example_branch_operator']) retrieved from /Users/chang/opt/anaconda3/lib/python3.9/site-packages/airflow/example_dags/example_branch_operator.py
[2022-01-25 23:20:51,291] {logging_mixin.py:109} INFO - [2022-01-25 23:20:51,290] {dag.py:2396} INFO - Sync 1 DAGs
[2022-01-25 23:20:51,300] {logging_mixin.py:109} INFO - [2022-01-25 23:20:51,300] {dag.py:2935} INFO - Setting next_dagrun for example_branch_operator to 2022-01-24 00:00:00+00:00
[2022-01-25 23:20:51,306] {processor.py:171} INFO - Processing /Users/chang/opt/anaconda3/lib/python3.9/site-packages/airflow/example_dags/example_branch_operator.py took 0.076 seconds
[2022-01-25 23:22:28,478] {processor.py:163} INFO - Started process (PID=19965) to work on /Users/chang/opt/anaconda3/lib/python3.9/site-packages/airflow/example_dags/example_branch_operator.py
[2022-01-25 23:22:28,478] {processor.py:642} INFO - Processing file /Users/chang/opt/anaconda3/lib/python3.9/site-packages/airflow/example_dags/example_branch_operator.py for tasks to queue
[2022-01-25 23:22:28,479] {logging_mixin.py:109} INFO - [2022-01-25 23:22:28,479] {dagbag.py:500} INFO - Filling up the DagBag from /Users/chang/opt/anaconda3/lib/python3.9/site-packages/airflow/example_dags/example_branch_operator.py
[2022-01-25 23:22:28,521] {processor.py:654} INFO - DAG(s) dict_keys(['example_branch_operator']) retrieved from /Users/chang/opt/anaconda3/lib/python3.9/site-packages/airflow/example_dags/example_branch_operator.py
[2022-01-25 23:22:28,536] {logging_mixin.py:109} INFO - [2022-01-25 23:22:28,536] {dag.py:2396} INFO - Sync 1 DAGs
[2022-01-25 23:22:28,547] {logging_mixin.py:109} INFO - [2022-01-25 23:22:28,547] {dag.py:2935} INFO - Setting next_dagrun for example_branch_operator to 2022-01-24 00:00:00+00:00
[2022-01-25 23:22:28,555] {processor.py:171} INFO - Processing /Users/chang/opt/anaconda3/lib/python3.9/site-packages/airflow/example_dags/example_branch_operator.py took 0.077 seconds
[2022-01-25 23:23:59,738] {processor.py:163} INFO - Started process (PID=20009) to work on /Users/chang/opt/anaconda3/lib/python3.9/site-packages/airflow/example_dags/example_branch_operator.py
[2022-01-25 23:23:59,739] {processor.py:642} INFO - Processing file /Users/chang/opt/anaconda3/lib/python3.9/site-packages/airflow/example_dags/example_branch_operator.py for tasks to queue
[2022-01-25 23:23:59,739] {logging_mixin.py:109} INFO - [2022-01-25 23:23:59,739] {dagbag.py:500} INFO - Filling up the DagBag from /Users/chang/opt/anaconda3/lib/python3.9/site-packages/airflow/example_dags/example_branch_operator.py
[2022-01-25 23:23:59,786] {processor.py:654} INFO - DAG(s) dict_keys(['example_branch_operator']) retrieved from /Users/chang/opt/anaconda3/lib/python3.9/site-packages/airflow/example_dags/example_branch_operator.py
[2022-01-25 23:23:59,806] {logging_mixin.py:109} INFO - [2022-01-25 23:23:59,806] {dag.py:2396} INFO - Sync 1 DAGs
[2022-01-25 23:23:59,829] {logging_mixin.py:109} INFO - [2022-01-25 23:23:59,829] {dag.py:2935} INFO - Setting next_dagrun for example_branch_operator to 2022-01-24 00:00:00+00:00
[2022-01-25 23:23:59,837] {processor.py:171} INFO - Processing /Users/chang/opt/anaconda3/lib/python3.9/site-packages/airflow/example_dags/example_branch_operator.py took 0.100 seconds
[2022-01-25 23:25:29,083] {processor.py:163} INFO - Started process (PID=20045) to work on /Users/chang/opt/anaconda3/lib/python3.9/site-packages/airflow/example_dags/example_branch_operator.py
[2022-01-25 23:25:29,084] {processor.py:642} INFO - Processing file /Users/chang/opt/anaconda3/lib/python3.9/site-packages/airflow/example_dags/example_branch_operator.py for tasks to queue
[2022-01-25 23:25:29,084] {logging_mixin.py:109} INFO - [2022-01-25 23:25:29,084] {dagbag.py:500} INFO - Filling up the DagBag from /Users/chang/opt/anaconda3/lib/python3.9/site-packages/airflow/example_dags/example_branch_operator.py
[2022-01-25 23:25:29,123] {processor.py:654} INFO - DAG(s) dict_keys(['example_branch_operator']) retrieved from /Users/chang/opt/anaconda3/lib/python3.9/site-packages/airflow/example_dags/example_branch_operator.py
[2022-01-25 23:25:29,139] {logging_mixin.py:109} INFO - [2022-01-25 23:25:29,139] {dag.py:2396} INFO - Sync 1 DAGs
[2022-01-25 23:25:29,147] {logging_mixin.py:109} INFO - [2022-01-25 23:25:29,147] {dag.py:2935} INFO - Setting next_dagrun for example_branch_operator to 2022-01-24 00:00:00+00:00
[2022-01-25 23:25:29,154] {processor.py:171} INFO - Processing /Users/chang/opt/anaconda3/lib/python3.9/site-packages/airflow/example_dags/example_branch_operator.py took 0.072 seconds
[2022-01-25 23:27:01,276] {processor.py:163} INFO - Started process (PID=20099) to work on /Users/chang/opt/anaconda3/lib/python3.9/site-packages/airflow/example_dags/example_branch_operator.py
[2022-01-25 23:27:01,277] {processor.py:642} INFO - Processing file /Users/chang/opt/anaconda3/lib/python3.9/site-packages/airflow/example_dags/example_branch_operator.py for tasks to queue
[2022-01-25 23:27:01,277] {logging_mixin.py:109} INFO - [2022-01-25 23:27:01,277] {dagbag.py:500} INFO - Filling up the DagBag from /Users/chang/opt/anaconda3/lib/python3.9/site-packages/airflow/example_dags/example_branch_operator.py
[2022-01-25 23:27:01,316] {processor.py:654} INFO - DAG(s) dict_keys(['example_branch_operator']) retrieved from /Users/chang/opt/anaconda3/lib/python3.9/site-packages/airflow/example_dags/example_branch_operator.py
[2022-01-25 23:27:01,331] {logging_mixin.py:109} INFO - [2022-01-25 23:27:01,330] {dag.py:2396} INFO - Sync 1 DAGs
[2022-01-25 23:27:01,339] {logging_mixin.py:109} INFO - [2022-01-25 23:27:01,339] {dag.py:2935} INFO - Setting next_dagrun for example_branch_operator to 2022-01-24 00:00:00+00:00
[2022-01-25 23:27:01,344] {processor.py:171} INFO - Processing /Users/chang/opt/anaconda3/lib/python3.9/site-packages/airflow/example_dags/example_branch_operator.py took 0.069 seconds
