[2022-01-25 23:12:48,871] {processor.py:163} INFO - Started process (PID=19517) to work on /Users/chang/opt/anaconda3/lib/python3.9/site-packages/airflow/example_dags/example_short_circuit_operator.py
[2022-01-25 23:12:48,872] {processor.py:642} INFO - Processing file /Users/chang/opt/anaconda3/lib/python3.9/site-packages/airflow/example_dags/example_short_circuit_operator.py for tasks to queue
[2022-01-25 23:12:48,872] {logging_mixin.py:109} INFO - [2022-01-25 23:12:48,872] {dagbag.py:500} INFO - Filling up the DagBag from /Users/chang/opt/anaconda3/lib/python3.9/site-packages/airflow/example_dags/example_short_circuit_operator.py
[2022-01-25 23:12:48,917] {processor.py:654} INFO - DAG(s) dict_keys(['example_short_circuit_operator']) retrieved from /Users/chang/opt/anaconda3/lib/python3.9/site-packages/airflow/example_dags/example_short_circuit_operator.py
[2022-01-25 23:12:48,932] {logging_mixin.py:109} INFO - [2022-01-25 23:12:48,932] {dag.py:2396} INFO - Sync 1 DAGs
[2022-01-25 23:12:48,939] {logging_mixin.py:109} INFO - [2022-01-25 23:12:48,939] {dag.py:2935} INFO - Setting next_dagrun for example_short_circuit_operator to 2022-01-24T14:12:48.939728+00:00
[2022-01-25 23:12:48,946] {processor.py:171} INFO - Processing /Users/chang/opt/anaconda3/lib/python3.9/site-packages/airflow/example_dags/example_short_circuit_operator.py took 0.075 seconds
[2022-01-25 23:14:20,920] {processor.py:163} INFO - Started process (PID=19645) to work on /Users/chang/opt/anaconda3/lib/python3.9/site-packages/airflow/example_dags/example_short_circuit_operator.py
[2022-01-25 23:14:20,921] {processor.py:642} INFO - Processing file /Users/chang/opt/anaconda3/lib/python3.9/site-packages/airflow/example_dags/example_short_circuit_operator.py for tasks to queue
[2022-01-25 23:14:20,921] {logging_mixin.py:109} INFO - [2022-01-25 23:14:20,921] {dagbag.py:500} INFO - Filling up the DagBag from /Users/chang/opt/anaconda3/lib/python3.9/site-packages/airflow/example_dags/example_short_circuit_operator.py
[2022-01-25 23:14:20,959] {processor.py:654} INFO - DAG(s) dict_keys(['example_short_circuit_operator']) retrieved from /Users/chang/opt/anaconda3/lib/python3.9/site-packages/airflow/example_dags/example_short_circuit_operator.py
[2022-01-25 23:14:20,973] {logging_mixin.py:109} INFO - [2022-01-25 23:14:20,973] {dag.py:2396} INFO - Sync 1 DAGs
[2022-01-25 23:14:20,980] {logging_mixin.py:109} INFO - [2022-01-25 23:14:20,980] {dag.py:2935} INFO - Setting next_dagrun for example_short_circuit_operator to 2022-01-24T14:14:20.980615+00:00
[2022-01-25 23:14:20,986] {processor.py:171} INFO - Processing /Users/chang/opt/anaconda3/lib/python3.9/site-packages/airflow/example_dags/example_short_circuit_operator.py took 0.066 seconds
[2022-01-25 23:15:48,853] {processor.py:163} INFO - Started process (PID=19712) to work on /Users/chang/opt/anaconda3/lib/python3.9/site-packages/airflow/example_dags/example_short_circuit_operator.py
[2022-01-25 23:15:48,854] {processor.py:642} INFO - Processing file /Users/chang/opt/anaconda3/lib/python3.9/site-packages/airflow/example_dags/example_short_circuit_operator.py for tasks to queue
[2022-01-25 23:15:48,854] {logging_mixin.py:109} INFO - [2022-01-25 23:15:48,854] {dagbag.py:500} INFO - Filling up the DagBag from /Users/chang/opt/anaconda3/lib/python3.9/site-packages/airflow/example_dags/example_short_circuit_operator.py
[2022-01-25 23:15:48,893] {processor.py:654} INFO - DAG(s) dict_keys(['example_short_circuit_operator']) retrieved from /Users/chang/opt/anaconda3/lib/python3.9/site-packages/airflow/example_dags/example_short_circuit_operator.py
[2022-01-25 23:15:48,907] {logging_mixin.py:109} INFO - [2022-01-25 23:15:48,907] {dag.py:2396} INFO - Sync 1 DAGs
[2022-01-25 23:15:48,914] {logging_mixin.py:109} INFO - [2022-01-25 23:15:48,913] {dag.py:2935} INFO - Setting next_dagrun for example_short_circuit_operator to 2022-01-24T14:15:48.913870+00:00
[2022-01-25 23:15:48,919] {processor.py:171} INFO - Processing /Users/chang/opt/anaconda3/lib/python3.9/site-packages/airflow/example_dags/example_short_circuit_operator.py took 0.066 seconds
[2022-01-25 23:17:16,076] {processor.py:163} INFO - Started process (PID=19799) to work on /Users/chang/opt/anaconda3/lib/python3.9/site-packages/airflow/example_dags/example_short_circuit_operator.py
[2022-01-25 23:17:16,077] {processor.py:642} INFO - Processing file /Users/chang/opt/anaconda3/lib/python3.9/site-packages/airflow/example_dags/example_short_circuit_operator.py for tasks to queue
[2022-01-25 23:17:16,077] {logging_mixin.py:109} INFO - [2022-01-25 23:17:16,077] {dagbag.py:500} INFO - Filling up the DagBag from /Users/chang/opt/anaconda3/lib/python3.9/site-packages/airflow/example_dags/example_short_circuit_operator.py
[2022-01-25 23:17:16,129] {processor.py:654} INFO - DAG(s) dict_keys(['example_short_circuit_operator']) retrieved from /Users/chang/opt/anaconda3/lib/python3.9/site-packages/airflow/example_dags/example_short_circuit_operator.py
[2022-01-25 23:17:16,148] {logging_mixin.py:109} INFO - [2022-01-25 23:17:16,148] {dag.py:2396} INFO - Sync 1 DAGs
[2022-01-25 23:17:16,157] {logging_mixin.py:109} INFO - [2022-01-25 23:17:16,157] {dag.py:2935} INFO - Setting next_dagrun for example_short_circuit_operator to 2022-01-24T14:17:16.156895+00:00
[2022-01-25 23:17:16,163] {processor.py:171} INFO - Processing /Users/chang/opt/anaconda3/lib/python3.9/site-packages/airflow/example_dags/example_short_circuit_operator.py took 0.088 seconds
[2022-01-25 23:18:51,946] {processor.py:163} INFO - Started process (PID=19851) to work on /Users/chang/opt/anaconda3/lib/python3.9/site-packages/airflow/example_dags/example_short_circuit_operator.py
[2022-01-25 23:18:51,947] {processor.py:642} INFO - Processing file /Users/chang/opt/anaconda3/lib/python3.9/site-packages/airflow/example_dags/example_short_circuit_operator.py for tasks to queue
[2022-01-25 23:18:51,947] {logging_mixin.py:109} INFO - [2022-01-25 23:18:51,947] {dagbag.py:500} INFO - Filling up the DagBag from /Users/chang/opt/anaconda3/lib/python3.9/site-packages/airflow/example_dags/example_short_circuit_operator.py
[2022-01-25 23:18:51,986] {processor.py:654} INFO - DAG(s) dict_keys(['example_short_circuit_operator']) retrieved from /Users/chang/opt/anaconda3/lib/python3.9/site-packages/airflow/example_dags/example_short_circuit_operator.py
[2022-01-25 23:18:52,000] {logging_mixin.py:109} INFO - [2022-01-25 23:18:52,000] {dag.py:2396} INFO - Sync 1 DAGs
[2022-01-25 23:18:52,007] {logging_mixin.py:109} INFO - [2022-01-25 23:18:52,007] {dag.py:2935} INFO - Setting next_dagrun for example_short_circuit_operator to 2022-01-24T14:18:52.007789+00:00
[2022-01-25 23:18:52,014] {processor.py:171} INFO - Processing /Users/chang/opt/anaconda3/lib/python3.9/site-packages/airflow/example_dags/example_short_circuit_operator.py took 0.069 seconds
[2022-01-25 23:20:21,706] {processor.py:163} INFO - Started process (PID=19892) to work on /Users/chang/opt/anaconda3/lib/python3.9/site-packages/airflow/example_dags/example_short_circuit_operator.py
[2022-01-25 23:20:21,707] {processor.py:642} INFO - Processing file /Users/chang/opt/anaconda3/lib/python3.9/site-packages/airflow/example_dags/example_short_circuit_operator.py for tasks to queue
[2022-01-25 23:20:21,707] {logging_mixin.py:109} INFO - [2022-01-25 23:20:21,707] {dagbag.py:500} INFO - Filling up the DagBag from /Users/chang/opt/anaconda3/lib/python3.9/site-packages/airflow/example_dags/example_short_circuit_operator.py
[2022-01-25 23:20:21,745] {processor.py:654} INFO - DAG(s) dict_keys(['example_short_circuit_operator']) retrieved from /Users/chang/opt/anaconda3/lib/python3.9/site-packages/airflow/example_dags/example_short_circuit_operator.py
[2022-01-25 23:20:21,759] {logging_mixin.py:109} INFO - [2022-01-25 23:20:21,758] {dag.py:2396} INFO - Sync 1 DAGs
[2022-01-25 23:20:21,765] {logging_mixin.py:109} INFO - [2022-01-25 23:20:21,765] {dag.py:2935} INFO - Setting next_dagrun for example_short_circuit_operator to 2022-01-24T14:20:21.765736+00:00
[2022-01-25 23:20:21,771] {processor.py:171} INFO - Processing /Users/chang/opt/anaconda3/lib/python3.9/site-packages/airflow/example_dags/example_short_circuit_operator.py took 0.066 seconds
[2022-01-25 23:21:57,222] {processor.py:163} INFO - Started process (PID=19949) to work on /Users/chang/opt/anaconda3/lib/python3.9/site-packages/airflow/example_dags/example_short_circuit_operator.py
[2022-01-25 23:21:57,223] {processor.py:642} INFO - Processing file /Users/chang/opt/anaconda3/lib/python3.9/site-packages/airflow/example_dags/example_short_circuit_operator.py for tasks to queue
[2022-01-25 23:21:57,223] {logging_mixin.py:109} INFO - [2022-01-25 23:21:57,223] {dagbag.py:500} INFO - Filling up the DagBag from /Users/chang/opt/anaconda3/lib/python3.9/site-packages/airflow/example_dags/example_short_circuit_operator.py
[2022-01-25 23:21:57,300] {processor.py:654} INFO - DAG(s) dict_keys(['example_short_circuit_operator']) retrieved from /Users/chang/opt/anaconda3/lib/python3.9/site-packages/airflow/example_dags/example_short_circuit_operator.py
[2022-01-25 23:21:57,408] {logging_mixin.py:109} INFO - [2022-01-25 23:21:57,406] {dag.py:2396} INFO - Sync 1 DAGs
[2022-01-25 23:21:57,429] {logging_mixin.py:109} INFO - [2022-01-25 23:21:57,429] {dag.py:2935} INFO - Setting next_dagrun for example_short_circuit_operator to 2022-01-24T14:21:57.429490+00:00
[2022-01-25 23:21:57,436] {processor.py:171} INFO - Processing /Users/chang/opt/anaconda3/lib/python3.9/site-packages/airflow/example_dags/example_short_circuit_operator.py took 0.214 seconds
[2022-01-25 23:23:28,625] {processor.py:163} INFO - Started process (PID=19988) to work on /Users/chang/opt/anaconda3/lib/python3.9/site-packages/airflow/example_dags/example_short_circuit_operator.py
[2022-01-25 23:23:28,626] {processor.py:642} INFO - Processing file /Users/chang/opt/anaconda3/lib/python3.9/site-packages/airflow/example_dags/example_short_circuit_operator.py for tasks to queue
[2022-01-25 23:23:28,627] {logging_mixin.py:109} INFO - [2022-01-25 23:23:28,627] {dagbag.py:500} INFO - Filling up the DagBag from /Users/chang/opt/anaconda3/lib/python3.9/site-packages/airflow/example_dags/example_short_circuit_operator.py
[2022-01-25 23:23:28,664] {processor.py:654} INFO - DAG(s) dict_keys(['example_short_circuit_operator']) retrieved from /Users/chang/opt/anaconda3/lib/python3.9/site-packages/airflow/example_dags/example_short_circuit_operator.py
[2022-01-25 23:23:28,678] {logging_mixin.py:109} INFO - [2022-01-25 23:23:28,678] {dag.py:2396} INFO - Sync 1 DAGs
[2022-01-25 23:23:28,685] {logging_mixin.py:109} INFO - [2022-01-25 23:23:28,685] {dag.py:2935} INFO - Setting next_dagrun for example_short_circuit_operator to 2022-01-24T14:23:28.684899+00:00
[2022-01-25 23:23:28,690] {processor.py:171} INFO - Processing /Users/chang/opt/anaconda3/lib/python3.9/site-packages/airflow/example_dags/example_short_circuit_operator.py took 0.065 seconds
[2022-01-25 23:24:59,596] {processor.py:163} INFO - Started process (PID=20034) to work on /Users/chang/opt/anaconda3/lib/python3.9/site-packages/airflow/example_dags/example_short_circuit_operator.py
[2022-01-25 23:24:59,598] {processor.py:642} INFO - Processing file /Users/chang/opt/anaconda3/lib/python3.9/site-packages/airflow/example_dags/example_short_circuit_operator.py for tasks to queue
[2022-01-25 23:24:59,598] {logging_mixin.py:109} INFO - [2022-01-25 23:24:59,598] {dagbag.py:500} INFO - Filling up the DagBag from /Users/chang/opt/anaconda3/lib/python3.9/site-packages/airflow/example_dags/example_short_circuit_operator.py
[2022-01-25 23:24:59,639] {processor.py:654} INFO - DAG(s) dict_keys(['example_short_circuit_operator']) retrieved from /Users/chang/opt/anaconda3/lib/python3.9/site-packages/airflow/example_dags/example_short_circuit_operator.py
[2022-01-25 23:24:59,653] {logging_mixin.py:109} INFO - [2022-01-25 23:24:59,653] {dag.py:2396} INFO - Sync 1 DAGs
[2022-01-25 23:24:59,661] {logging_mixin.py:109} INFO - [2022-01-25 23:24:59,661] {dag.py:2935} INFO - Setting next_dagrun for example_short_circuit_operator to 2022-01-24T14:24:59.661340+00:00
[2022-01-25 23:24:59,667] {processor.py:171} INFO - Processing /Users/chang/opt/anaconda3/lib/python3.9/site-packages/airflow/example_dags/example_short_circuit_operator.py took 0.072 seconds
[2022-01-25 23:26:30,414] {processor.py:163} INFO - Started process (PID=20086) to work on /Users/chang/opt/anaconda3/lib/python3.9/site-packages/airflow/example_dags/example_short_circuit_operator.py
[2022-01-25 23:26:30,415] {processor.py:642} INFO - Processing file /Users/chang/opt/anaconda3/lib/python3.9/site-packages/airflow/example_dags/example_short_circuit_operator.py for tasks to queue
[2022-01-25 23:26:30,415] {logging_mixin.py:109} INFO - [2022-01-25 23:26:30,415] {dagbag.py:500} INFO - Filling up the DagBag from /Users/chang/opt/anaconda3/lib/python3.9/site-packages/airflow/example_dags/example_short_circuit_operator.py
[2022-01-25 23:26:30,457] {processor.py:654} INFO - DAG(s) dict_keys(['example_short_circuit_operator']) retrieved from /Users/chang/opt/anaconda3/lib/python3.9/site-packages/airflow/example_dags/example_short_circuit_operator.py
[2022-01-25 23:26:30,472] {logging_mixin.py:109} INFO - [2022-01-25 23:26:30,472] {dag.py:2396} INFO - Sync 1 DAGs
[2022-01-25 23:26:30,480] {logging_mixin.py:109} INFO - [2022-01-25 23:26:30,479] {dag.py:2935} INFO - Setting next_dagrun for example_short_circuit_operator to 2022-01-24T14:26:30.479808+00:00
[2022-01-25 23:26:30,486] {processor.py:171} INFO - Processing /Users/chang/opt/anaconda3/lib/python3.9/site-packages/airflow/example_dags/example_short_circuit_operator.py took 0.072 seconds
[2022-01-25 23:28:05,484] {processor.py:163} INFO - Started process (PID=20362) to work on /Users/chang/opt/anaconda3/lib/python3.9/site-packages/airflow/example_dags/example_short_circuit_operator.py
[2022-01-25 23:28:05,486] {processor.py:642} INFO - Processing file /Users/chang/opt/anaconda3/lib/python3.9/site-packages/airflow/example_dags/example_short_circuit_operator.py for tasks to queue
[2022-01-25 23:28:05,486] {logging_mixin.py:109} INFO - [2022-01-25 23:28:05,486] {dagbag.py:500} INFO - Filling up the DagBag from /Users/chang/opt/anaconda3/lib/python3.9/site-packages/airflow/example_dags/example_short_circuit_operator.py
[2022-01-25 23:28:05,554] {processor.py:654} INFO - DAG(s) dict_keys(['example_short_circuit_operator']) retrieved from /Users/chang/opt/anaconda3/lib/python3.9/site-packages/airflow/example_dags/example_short_circuit_operator.py
[2022-01-25 23:28:05,578] {logging_mixin.py:109} INFO - [2022-01-25 23:28:05,578] {dag.py:2396} INFO - Sync 1 DAGs
[2022-01-25 23:28:05,590] {logging_mixin.py:109} INFO - [2022-01-25 23:28:05,590] {dag.py:2935} INFO - Setting next_dagrun for example_short_circuit_operator to 2022-01-24T14:28:05.589872+00:00
[2022-01-25 23:28:05,598] {processor.py:171} INFO - Processing /Users/chang/opt/anaconda3/lib/python3.9/site-packages/airflow/example_dags/example_short_circuit_operator.py took 0.114 seconds
