[2022-01-25 23:12:26,840] {processor.py:163} INFO - Started process (PID=19495) to work on /Users/chang/opt/anaconda3/lib/python3.9/site-packages/airflow/example_dags/example_trigger_target_dag.py
[2022-01-25 23:12:26,840] {processor.py:642} INFO - Processing file /Users/chang/opt/anaconda3/lib/python3.9/site-packages/airflow/example_dags/example_trigger_target_dag.py for tasks to queue
[2022-01-25 23:12:26,841] {logging_mixin.py:109} INFO - [2022-01-25 23:12:26,840] {dagbag.py:500} INFO - Filling up the DagBag from /Users/chang/opt/anaconda3/lib/python3.9/site-packages/airflow/example_dags/example_trigger_target_dag.py
[2022-01-25 23:12:26,883] {processor.py:654} INFO - DAG(s) dict_keys(['example_trigger_target_dag']) retrieved from /Users/chang/opt/anaconda3/lib/python3.9/site-packages/airflow/example_dags/example_trigger_target_dag.py
[2022-01-25 23:12:26,897] {logging_mixin.py:109} INFO - [2022-01-25 23:12:26,896] {dag.py:2396} INFO - Sync 1 DAGs
[2022-01-25 23:12:26,904] {logging_mixin.py:109} INFO - [2022-01-25 23:12:26,904] {dag.py:2935} INFO - Setting next_dagrun for example_trigger_target_dag to None
[2022-01-25 23:12:26,909] {processor.py:171} INFO - Processing /Users/chang/opt/anaconda3/lib/python3.9/site-packages/airflow/example_dags/example_trigger_target_dag.py took 0.070 seconds
[2022-01-25 23:13:58,868] {processor.py:163} INFO - Started process (PID=19637) to work on /Users/chang/opt/anaconda3/lib/python3.9/site-packages/airflow/example_dags/example_trigger_target_dag.py
[2022-01-25 23:13:58,869] {processor.py:642} INFO - Processing file /Users/chang/opt/anaconda3/lib/python3.9/site-packages/airflow/example_dags/example_trigger_target_dag.py for tasks to queue
[2022-01-25 23:13:58,869] {logging_mixin.py:109} INFO - [2022-01-25 23:13:58,869] {dagbag.py:500} INFO - Filling up the DagBag from /Users/chang/opt/anaconda3/lib/python3.9/site-packages/airflow/example_dags/example_trigger_target_dag.py
[2022-01-25 23:13:58,911] {processor.py:654} INFO - DAG(s) dict_keys(['example_trigger_target_dag']) retrieved from /Users/chang/opt/anaconda3/lib/python3.9/site-packages/airflow/example_dags/example_trigger_target_dag.py
[2022-01-25 23:13:58,926] {logging_mixin.py:109} INFO - [2022-01-25 23:13:58,926] {dag.py:2396} INFO - Sync 1 DAGs
[2022-01-25 23:13:58,937] {logging_mixin.py:109} INFO - [2022-01-25 23:13:58,937] {dag.py:2935} INFO - Setting next_dagrun for example_trigger_target_dag to None
[2022-01-25 23:13:58,944] {processor.py:171} INFO - Processing /Users/chang/opt/anaconda3/lib/python3.9/site-packages/airflow/example_dags/example_trigger_target_dag.py took 0.076 seconds
[2022-01-25 23:15:26,953] {processor.py:163} INFO - Started process (PID=19702) to work on /Users/chang/opt/anaconda3/lib/python3.9/site-packages/airflow/example_dags/example_trigger_target_dag.py
[2022-01-25 23:15:26,954] {processor.py:642} INFO - Processing file /Users/chang/opt/anaconda3/lib/python3.9/site-packages/airflow/example_dags/example_trigger_target_dag.py for tasks to queue
[2022-01-25 23:15:26,954] {logging_mixin.py:109} INFO - [2022-01-25 23:15:26,954] {dagbag.py:500} INFO - Filling up the DagBag from /Users/chang/opt/anaconda3/lib/python3.9/site-packages/airflow/example_dags/example_trigger_target_dag.py
[2022-01-25 23:15:26,997] {processor.py:654} INFO - DAG(s) dict_keys(['example_trigger_target_dag']) retrieved from /Users/chang/opt/anaconda3/lib/python3.9/site-packages/airflow/example_dags/example_trigger_target_dag.py
[2022-01-25 23:15:27,012] {logging_mixin.py:109} INFO - [2022-01-25 23:15:27,012] {dag.py:2396} INFO - Sync 1 DAGs
[2022-01-25 23:15:27,019] {logging_mixin.py:109} INFO - [2022-01-25 23:15:27,019] {dag.py:2935} INFO - Setting next_dagrun for example_trigger_target_dag to None
[2022-01-25 23:15:27,025] {processor.py:171} INFO - Processing /Users/chang/opt/anaconda3/lib/python3.9/site-packages/airflow/example_dags/example_trigger_target_dag.py took 0.072 seconds
[2022-01-25 23:16:54,396] {processor.py:163} INFO - Started process (PID=19768) to work on /Users/chang/opt/anaconda3/lib/python3.9/site-packages/airflow/example_dags/example_trigger_target_dag.py
[2022-01-25 23:16:54,398] {processor.py:642} INFO - Processing file /Users/chang/opt/anaconda3/lib/python3.9/site-packages/airflow/example_dags/example_trigger_target_dag.py for tasks to queue
[2022-01-25 23:16:54,398] {logging_mixin.py:109} INFO - [2022-01-25 23:16:54,398] {dagbag.py:500} INFO - Filling up the DagBag from /Users/chang/opt/anaconda3/lib/python3.9/site-packages/airflow/example_dags/example_trigger_target_dag.py
[2022-01-25 23:16:54,441] {processor.py:654} INFO - DAG(s) dict_keys(['example_trigger_target_dag']) retrieved from /Users/chang/opt/anaconda3/lib/python3.9/site-packages/airflow/example_dags/example_trigger_target_dag.py
[2022-01-25 23:16:54,455] {logging_mixin.py:109} INFO - [2022-01-25 23:16:54,455] {dag.py:2396} INFO - Sync 1 DAGs
[2022-01-25 23:16:54,462] {logging_mixin.py:109} INFO - [2022-01-25 23:16:54,462] {dag.py:2935} INFO - Setting next_dagrun for example_trigger_target_dag to None
[2022-01-25 23:16:54,468] {processor.py:171} INFO - Processing /Users/chang/opt/anaconda3/lib/python3.9/site-packages/airflow/example_dags/example_trigger_target_dag.py took 0.072 seconds
[2022-01-25 23:18:30,057] {processor.py:163} INFO - Started process (PID=19843) to work on /Users/chang/opt/anaconda3/lib/python3.9/site-packages/airflow/example_dags/example_trigger_target_dag.py
[2022-01-25 23:18:30,059] {processor.py:642} INFO - Processing file /Users/chang/opt/anaconda3/lib/python3.9/site-packages/airflow/example_dags/example_trigger_target_dag.py for tasks to queue
[2022-01-25 23:18:30,059] {logging_mixin.py:109} INFO - [2022-01-25 23:18:30,059] {dagbag.py:500} INFO - Filling up the DagBag from /Users/chang/opt/anaconda3/lib/python3.9/site-packages/airflow/example_dags/example_trigger_target_dag.py
[2022-01-25 23:18:30,100] {processor.py:654} INFO - DAG(s) dict_keys(['example_trigger_target_dag']) retrieved from /Users/chang/opt/anaconda3/lib/python3.9/site-packages/airflow/example_dags/example_trigger_target_dag.py
[2022-01-25 23:18:30,113] {logging_mixin.py:109} INFO - [2022-01-25 23:18:30,113] {dag.py:2396} INFO - Sync 1 DAGs
[2022-01-25 23:18:30,120] {logging_mixin.py:109} INFO - [2022-01-25 23:18:30,119] {dag.py:2935} INFO - Setting next_dagrun for example_trigger_target_dag to None
[2022-01-25 23:18:30,125] {processor.py:171} INFO - Processing /Users/chang/opt/anaconda3/lib/python3.9/site-packages/airflow/example_dags/example_trigger_target_dag.py took 0.068 seconds
[2022-01-25 23:20:00,197] {processor.py:163} INFO - Started process (PID=19884) to work on /Users/chang/opt/anaconda3/lib/python3.9/site-packages/airflow/example_dags/example_trigger_target_dag.py
[2022-01-25 23:20:00,198] {processor.py:642} INFO - Processing file /Users/chang/opt/anaconda3/lib/python3.9/site-packages/airflow/example_dags/example_trigger_target_dag.py for tasks to queue
[2022-01-25 23:20:00,199] {logging_mixin.py:109} INFO - [2022-01-25 23:20:00,198] {dagbag.py:500} INFO - Filling up the DagBag from /Users/chang/opt/anaconda3/lib/python3.9/site-packages/airflow/example_dags/example_trigger_target_dag.py
[2022-01-25 23:20:00,240] {processor.py:654} INFO - DAG(s) dict_keys(['example_trigger_target_dag']) retrieved from /Users/chang/opt/anaconda3/lib/python3.9/site-packages/airflow/example_dags/example_trigger_target_dag.py
[2022-01-25 23:20:00,254] {logging_mixin.py:109} INFO - [2022-01-25 23:20:00,253] {dag.py:2396} INFO - Sync 1 DAGs
[2022-01-25 23:20:00,261] {logging_mixin.py:109} INFO - [2022-01-25 23:20:00,261] {dag.py:2935} INFO - Setting next_dagrun for example_trigger_target_dag to None
[2022-01-25 23:20:00,266] {processor.py:171} INFO - Processing /Users/chang/opt/anaconda3/lib/python3.9/site-packages/airflow/example_dags/example_trigger_target_dag.py took 0.069 seconds
[2022-01-25 23:21:31,970] {processor.py:163} INFO - Started process (PID=19931) to work on /Users/chang/opt/anaconda3/lib/python3.9/site-packages/airflow/example_dags/example_trigger_target_dag.py
[2022-01-25 23:21:31,971] {processor.py:642} INFO - Processing file /Users/chang/opt/anaconda3/lib/python3.9/site-packages/airflow/example_dags/example_trigger_target_dag.py for tasks to queue
[2022-01-25 23:21:31,971] {logging_mixin.py:109} INFO - [2022-01-25 23:21:31,971] {dagbag.py:500} INFO - Filling up the DagBag from /Users/chang/opt/anaconda3/lib/python3.9/site-packages/airflow/example_dags/example_trigger_target_dag.py
[2022-01-25 23:21:32,037] {processor.py:654} INFO - DAG(s) dict_keys(['example_trigger_target_dag']) retrieved from /Users/chang/opt/anaconda3/lib/python3.9/site-packages/airflow/example_dags/example_trigger_target_dag.py
[2022-01-25 23:21:32,052] {logging_mixin.py:109} INFO - [2022-01-25 23:21:32,052] {dag.py:2396} INFO - Sync 1 DAGs
[2022-01-25 23:21:32,059] {logging_mixin.py:109} INFO - [2022-01-25 23:21:32,059] {dag.py:2935} INFO - Setting next_dagrun for example_trigger_target_dag to None
[2022-01-25 23:21:32,063] {processor.py:171} INFO - Processing /Users/chang/opt/anaconda3/lib/python3.9/site-packages/airflow/example_dags/example_trigger_target_dag.py took 0.094 seconds
[2022-01-25 23:23:07,162] {processor.py:163} INFO - Started process (PID=19979) to work on /Users/chang/opt/anaconda3/lib/python3.9/site-packages/airflow/example_dags/example_trigger_target_dag.py
[2022-01-25 23:23:07,163] {processor.py:642} INFO - Processing file /Users/chang/opt/anaconda3/lib/python3.9/site-packages/airflow/example_dags/example_trigger_target_dag.py for tasks to queue
[2022-01-25 23:23:07,163] {logging_mixin.py:109} INFO - [2022-01-25 23:23:07,163] {dagbag.py:500} INFO - Filling up the DagBag from /Users/chang/opt/anaconda3/lib/python3.9/site-packages/airflow/example_dags/example_trigger_target_dag.py
[2022-01-25 23:23:07,208] {processor.py:654} INFO - DAG(s) dict_keys(['example_trigger_target_dag']) retrieved from /Users/chang/opt/anaconda3/lib/python3.9/site-packages/airflow/example_dags/example_trigger_target_dag.py
[2022-01-25 23:23:07,223] {logging_mixin.py:109} INFO - [2022-01-25 23:23:07,223] {dag.py:2396} INFO - Sync 1 DAGs
[2022-01-25 23:23:07,231] {logging_mixin.py:109} INFO - [2022-01-25 23:23:07,231] {dag.py:2935} INFO - Setting next_dagrun for example_trigger_target_dag to None
[2022-01-25 23:23:07,238] {processor.py:171} INFO - Processing /Users/chang/opt/anaconda3/lib/python3.9/site-packages/airflow/example_dags/example_trigger_target_dag.py took 0.077 seconds
[2022-01-25 23:24:37,938] {processor.py:163} INFO - Started process (PID=20026) to work on /Users/chang/opt/anaconda3/lib/python3.9/site-packages/airflow/example_dags/example_trigger_target_dag.py
[2022-01-25 23:24:37,939] {processor.py:642} INFO - Processing file /Users/chang/opt/anaconda3/lib/python3.9/site-packages/airflow/example_dags/example_trigger_target_dag.py for tasks to queue
[2022-01-25 23:24:37,940] {logging_mixin.py:109} INFO - [2022-01-25 23:24:37,940] {dagbag.py:500} INFO - Filling up the DagBag from /Users/chang/opt/anaconda3/lib/python3.9/site-packages/airflow/example_dags/example_trigger_target_dag.py
[2022-01-25 23:24:37,980] {processor.py:654} INFO - DAG(s) dict_keys(['example_trigger_target_dag']) retrieved from /Users/chang/opt/anaconda3/lib/python3.9/site-packages/airflow/example_dags/example_trigger_target_dag.py
[2022-01-25 23:24:37,995] {logging_mixin.py:109} INFO - [2022-01-25 23:24:37,995] {dag.py:2396} INFO - Sync 1 DAGs
[2022-01-25 23:24:38,002] {logging_mixin.py:109} INFO - [2022-01-25 23:24:38,002] {dag.py:2935} INFO - Setting next_dagrun for example_trigger_target_dag to None
[2022-01-25 23:24:38,008] {processor.py:171} INFO - Processing /Users/chang/opt/anaconda3/lib/python3.9/site-packages/airflow/example_dags/example_trigger_target_dag.py took 0.071 seconds
[2022-01-25 23:26:07,775] {processor.py:163} INFO - Started process (PID=20070) to work on /Users/chang/opt/anaconda3/lib/python3.9/site-packages/airflow/example_dags/example_trigger_target_dag.py
[2022-01-25 23:26:07,776] {processor.py:642} INFO - Processing file /Users/chang/opt/anaconda3/lib/python3.9/site-packages/airflow/example_dags/example_trigger_target_dag.py for tasks to queue
[2022-01-25 23:26:07,776] {logging_mixin.py:109} INFO - [2022-01-25 23:26:07,776] {dagbag.py:500} INFO - Filling up the DagBag from /Users/chang/opt/anaconda3/lib/python3.9/site-packages/airflow/example_dags/example_trigger_target_dag.py
[2022-01-25 23:26:07,817] {processor.py:654} INFO - DAG(s) dict_keys(['example_trigger_target_dag']) retrieved from /Users/chang/opt/anaconda3/lib/python3.9/site-packages/airflow/example_dags/example_trigger_target_dag.py
[2022-01-25 23:26:07,844] {logging_mixin.py:109} INFO - [2022-01-25 23:26:07,844] {dag.py:2396} INFO - Sync 1 DAGs
[2022-01-25 23:26:07,850] {logging_mixin.py:109} INFO - [2022-01-25 23:26:07,850] {dag.py:2935} INFO - Setting next_dagrun for example_trigger_target_dag to None
[2022-01-25 23:26:07,854] {processor.py:171} INFO - Processing /Users/chang/opt/anaconda3/lib/python3.9/site-packages/airflow/example_dags/example_trigger_target_dag.py took 0.080 seconds
[2022-01-25 23:27:43,212] {processor.py:163} INFO - Started process (PID=20324) to work on /Users/chang/opt/anaconda3/lib/python3.9/site-packages/airflow/example_dags/example_trigger_target_dag.py
[2022-01-25 23:27:43,213] {processor.py:642} INFO - Processing file /Users/chang/opt/anaconda3/lib/python3.9/site-packages/airflow/example_dags/example_trigger_target_dag.py for tasks to queue
[2022-01-25 23:27:43,214] {logging_mixin.py:109} INFO - [2022-01-25 23:27:43,213] {dagbag.py:500} INFO - Filling up the DagBag from /Users/chang/opt/anaconda3/lib/python3.9/site-packages/airflow/example_dags/example_trigger_target_dag.py
[2022-01-25 23:27:43,254] {processor.py:654} INFO - DAG(s) dict_keys(['example_trigger_target_dag']) retrieved from /Users/chang/opt/anaconda3/lib/python3.9/site-packages/airflow/example_dags/example_trigger_target_dag.py
[2022-01-25 23:27:43,268] {logging_mixin.py:109} INFO - [2022-01-25 23:27:43,268] {dag.py:2396} INFO - Sync 1 DAGs
[2022-01-25 23:27:43,275] {logging_mixin.py:109} INFO - [2022-01-25 23:27:43,275] {dag.py:2935} INFO - Setting next_dagrun for example_trigger_target_dag to None
[2022-01-25 23:27:43,280] {processor.py:171} INFO - Processing /Users/chang/opt/anaconda3/lib/python3.9/site-packages/airflow/example_dags/example_trigger_target_dag.py took 0.069 seconds
