[2022-01-25 23:12:46,133] {processor.py:163} INFO - Started process (PID=19509) to work on /Users/chang/opt/anaconda3/lib/python3.9/site-packages/airflow/example_dags/example_skip_dag.py
[2022-01-25 23:12:46,133] {processor.py:642} INFO - Processing file /Users/chang/opt/anaconda3/lib/python3.9/site-packages/airflow/example_dags/example_skip_dag.py for tasks to queue
[2022-01-25 23:12:46,134] {logging_mixin.py:109} INFO - [2022-01-25 23:12:46,133] {dagbag.py:500} INFO - Filling up the DagBag from /Users/chang/opt/anaconda3/lib/python3.9/site-packages/airflow/example_dags/example_skip_dag.py
[2022-01-25 23:12:46,161] {processor.py:654} INFO - DAG(s) dict_keys(['example_skip_dag']) retrieved from /Users/chang/opt/anaconda3/lib/python3.9/site-packages/airflow/example_dags/example_skip_dag.py
[2022-01-25 23:12:46,177] {logging_mixin.py:109} INFO - [2022-01-25 23:12:46,177] {dag.py:2396} INFO - Sync 1 DAGs
[2022-01-25 23:12:46,189] {logging_mixin.py:109} INFO - [2022-01-25 23:12:46,189] {dag.py:2935} INFO - Setting next_dagrun for example_skip_dag to 2022-01-24T14:12:46.189156+00:00
[2022-01-25 23:12:46,196] {processor.py:171} INFO - Processing /Users/chang/opt/anaconda3/lib/python3.9/site-packages/airflow/example_dags/example_skip_dag.py took 0.064 seconds
[2022-01-25 23:14:18,316] {processor.py:163} INFO - Started process (PID=19644) to work on /Users/chang/opt/anaconda3/lib/python3.9/site-packages/airflow/example_dags/example_skip_dag.py
[2022-01-25 23:14:18,317] {processor.py:642} INFO - Processing file /Users/chang/opt/anaconda3/lib/python3.9/site-packages/airflow/example_dags/example_skip_dag.py for tasks to queue
[2022-01-25 23:14:18,318] {logging_mixin.py:109} INFO - [2022-01-25 23:14:18,318] {dagbag.py:500} INFO - Filling up the DagBag from /Users/chang/opt/anaconda3/lib/python3.9/site-packages/airflow/example_dags/example_skip_dag.py
[2022-01-25 23:14:18,345] {processor.py:654} INFO - DAG(s) dict_keys(['example_skip_dag']) retrieved from /Users/chang/opt/anaconda3/lib/python3.9/site-packages/airflow/example_dags/example_skip_dag.py
[2022-01-25 23:14:18,360] {logging_mixin.py:109} INFO - [2022-01-25 23:14:18,360] {dag.py:2396} INFO - Sync 1 DAGs
[2022-01-25 23:14:18,367] {logging_mixin.py:109} INFO - [2022-01-25 23:14:18,367] {dag.py:2935} INFO - Setting next_dagrun for example_skip_dag to 2022-01-24T14:14:18.367734+00:00
[2022-01-25 23:14:18,374] {processor.py:171} INFO - Processing /Users/chang/opt/anaconda3/lib/python3.9/site-packages/airflow/example_dags/example_skip_dag.py took 0.058 seconds
[2022-01-25 23:15:46,137] {processor.py:163} INFO - Started process (PID=19711) to work on /Users/chang/opt/anaconda3/lib/python3.9/site-packages/airflow/example_dags/example_skip_dag.py
[2022-01-25 23:15:46,137] {processor.py:642} INFO - Processing file /Users/chang/opt/anaconda3/lib/python3.9/site-packages/airflow/example_dags/example_skip_dag.py for tasks to queue
[2022-01-25 23:15:46,137] {logging_mixin.py:109} INFO - [2022-01-25 23:15:46,137] {dagbag.py:500} INFO - Filling up the DagBag from /Users/chang/opt/anaconda3/lib/python3.9/site-packages/airflow/example_dags/example_skip_dag.py
[2022-01-25 23:15:46,164] {processor.py:654} INFO - DAG(s) dict_keys(['example_skip_dag']) retrieved from /Users/chang/opt/anaconda3/lib/python3.9/site-packages/airflow/example_dags/example_skip_dag.py
[2022-01-25 23:15:46,179] {logging_mixin.py:109} INFO - [2022-01-25 23:15:46,178] {dag.py:2396} INFO - Sync 1 DAGs
[2022-01-25 23:15:46,186] {logging_mixin.py:109} INFO - [2022-01-25 23:15:46,186] {dag.py:2935} INFO - Setting next_dagrun for example_skip_dag to 2022-01-24T14:15:46.186079+00:00
[2022-01-25 23:15:46,192] {processor.py:171} INFO - Processing /Users/chang/opt/anaconda3/lib/python3.9/site-packages/airflow/example_dags/example_skip_dag.py took 0.055 seconds
[2022-01-25 23:17:13,930] {processor.py:163} INFO - Started process (PID=19798) to work on /Users/chang/opt/anaconda3/lib/python3.9/site-packages/airflow/example_dags/example_skip_dag.py
[2022-01-25 23:17:13,932] {processor.py:642} INFO - Processing file /Users/chang/opt/anaconda3/lib/python3.9/site-packages/airflow/example_dags/example_skip_dag.py for tasks to queue
[2022-01-25 23:17:13,932] {logging_mixin.py:109} INFO - [2022-01-25 23:17:13,932] {dagbag.py:500} INFO - Filling up the DagBag from /Users/chang/opt/anaconda3/lib/python3.9/site-packages/airflow/example_dags/example_skip_dag.py
[2022-01-25 23:17:13,961] {processor.py:654} INFO - DAG(s) dict_keys(['example_skip_dag']) retrieved from /Users/chang/opt/anaconda3/lib/python3.9/site-packages/airflow/example_dags/example_skip_dag.py
[2022-01-25 23:17:13,977] {logging_mixin.py:109} INFO - [2022-01-25 23:17:13,977] {dag.py:2396} INFO - Sync 1 DAGs
[2022-01-25 23:17:13,987] {logging_mixin.py:109} INFO - [2022-01-25 23:17:13,986] {dag.py:2935} INFO - Setting next_dagrun for example_skip_dag to 2022-01-24T14:17:13.986774+00:00
[2022-01-25 23:17:13,993] {processor.py:171} INFO - Processing /Users/chang/opt/anaconda3/lib/python3.9/site-packages/airflow/example_dags/example_skip_dag.py took 0.063 seconds
[2022-01-25 23:18:49,258] {processor.py:163} INFO - Started process (PID=19850) to work on /Users/chang/opt/anaconda3/lib/python3.9/site-packages/airflow/example_dags/example_skip_dag.py
[2022-01-25 23:18:49,259] {processor.py:642} INFO - Processing file /Users/chang/opt/anaconda3/lib/python3.9/site-packages/airflow/example_dags/example_skip_dag.py for tasks to queue
[2022-01-25 23:18:49,259] {logging_mixin.py:109} INFO - [2022-01-25 23:18:49,259] {dagbag.py:500} INFO - Filling up the DagBag from /Users/chang/opt/anaconda3/lib/python3.9/site-packages/airflow/example_dags/example_skip_dag.py
[2022-01-25 23:18:49,286] {processor.py:654} INFO - DAG(s) dict_keys(['example_skip_dag']) retrieved from /Users/chang/opt/anaconda3/lib/python3.9/site-packages/airflow/example_dags/example_skip_dag.py
[2022-01-25 23:18:49,301] {logging_mixin.py:109} INFO - [2022-01-25 23:18:49,301] {dag.py:2396} INFO - Sync 1 DAGs
[2022-01-25 23:18:49,309] {logging_mixin.py:109} INFO - [2022-01-25 23:18:49,308] {dag.py:2935} INFO - Setting next_dagrun for example_skip_dag to 2022-01-24T14:18:49.308853+00:00
[2022-01-25 23:18:49,314] {processor.py:171} INFO - Processing /Users/chang/opt/anaconda3/lib/python3.9/site-packages/airflow/example_dags/example_skip_dag.py took 0.057 seconds
[2022-01-25 23:20:19,116] {processor.py:163} INFO - Started process (PID=19891) to work on /Users/chang/opt/anaconda3/lib/python3.9/site-packages/airflow/example_dags/example_skip_dag.py
[2022-01-25 23:20:19,118] {processor.py:642} INFO - Processing file /Users/chang/opt/anaconda3/lib/python3.9/site-packages/airflow/example_dags/example_skip_dag.py for tasks to queue
[2022-01-25 23:20:19,118] {logging_mixin.py:109} INFO - [2022-01-25 23:20:19,118] {dagbag.py:500} INFO - Filling up the DagBag from /Users/chang/opt/anaconda3/lib/python3.9/site-packages/airflow/example_dags/example_skip_dag.py
[2022-01-25 23:20:19,145] {processor.py:654} INFO - DAG(s) dict_keys(['example_skip_dag']) retrieved from /Users/chang/opt/anaconda3/lib/python3.9/site-packages/airflow/example_dags/example_skip_dag.py
[2022-01-25 23:20:19,160] {logging_mixin.py:109} INFO - [2022-01-25 23:20:19,159] {dag.py:2396} INFO - Sync 1 DAGs
[2022-01-25 23:20:19,166] {logging_mixin.py:109} INFO - [2022-01-25 23:20:19,166] {dag.py:2935} INFO - Setting next_dagrun for example_skip_dag to 2022-01-24T14:20:19.166792+00:00
[2022-01-25 23:20:19,172] {processor.py:171} INFO - Processing /Users/chang/opt/anaconda3/lib/python3.9/site-packages/airflow/example_dags/example_skip_dag.py took 0.056 seconds
[2022-01-25 23:21:54,451] {processor.py:163} INFO - Started process (PID=19948) to work on /Users/chang/opt/anaconda3/lib/python3.9/site-packages/airflow/example_dags/example_skip_dag.py
[2022-01-25 23:21:54,452] {processor.py:642} INFO - Processing file /Users/chang/opt/anaconda3/lib/python3.9/site-packages/airflow/example_dags/example_skip_dag.py for tasks to queue
[2022-01-25 23:21:54,452] {logging_mixin.py:109} INFO - [2022-01-25 23:21:54,452] {dagbag.py:500} INFO - Filling up the DagBag from /Users/chang/opt/anaconda3/lib/python3.9/site-packages/airflow/example_dags/example_skip_dag.py
[2022-01-25 23:21:54,480] {processor.py:654} INFO - DAG(s) dict_keys(['example_skip_dag']) retrieved from /Users/chang/opt/anaconda3/lib/python3.9/site-packages/airflow/example_dags/example_skip_dag.py
[2022-01-25 23:21:54,495] {logging_mixin.py:109} INFO - [2022-01-25 23:21:54,495] {dag.py:2396} INFO - Sync 1 DAGs
[2022-01-25 23:21:54,502] {logging_mixin.py:109} INFO - [2022-01-25 23:21:54,502] {dag.py:2935} INFO - Setting next_dagrun for example_skip_dag to 2022-01-24T14:21:54.501993+00:00
[2022-01-25 23:21:54,510] {processor.py:171} INFO - Processing /Users/chang/opt/anaconda3/lib/python3.9/site-packages/airflow/example_dags/example_skip_dag.py took 0.059 seconds
[2022-01-25 23:23:26,015] {processor.py:163} INFO - Started process (PID=19987) to work on /Users/chang/opt/anaconda3/lib/python3.9/site-packages/airflow/example_dags/example_skip_dag.py
[2022-01-25 23:23:26,016] {processor.py:642} INFO - Processing file /Users/chang/opt/anaconda3/lib/python3.9/site-packages/airflow/example_dags/example_skip_dag.py for tasks to queue
[2022-01-25 23:23:26,016] {logging_mixin.py:109} INFO - [2022-01-25 23:23:26,016] {dagbag.py:500} INFO - Filling up the DagBag from /Users/chang/opt/anaconda3/lib/python3.9/site-packages/airflow/example_dags/example_skip_dag.py
[2022-01-25 23:23:26,044] {processor.py:654} INFO - DAG(s) dict_keys(['example_skip_dag']) retrieved from /Users/chang/opt/anaconda3/lib/python3.9/site-packages/airflow/example_dags/example_skip_dag.py
[2022-01-25 23:23:26,059] {logging_mixin.py:109} INFO - [2022-01-25 23:23:26,059] {dag.py:2396} INFO - Sync 1 DAGs
[2022-01-25 23:23:26,066] {logging_mixin.py:109} INFO - [2022-01-25 23:23:26,066] {dag.py:2935} INFO - Setting next_dagrun for example_skip_dag to 2022-01-24T14:23:26.066806+00:00
[2022-01-25 23:23:26,073] {processor.py:171} INFO - Processing /Users/chang/opt/anaconda3/lib/python3.9/site-packages/airflow/example_dags/example_skip_dag.py took 0.059 seconds
[2022-01-25 23:24:56,984] {processor.py:163} INFO - Started process (PID=20033) to work on /Users/chang/opt/anaconda3/lib/python3.9/site-packages/airflow/example_dags/example_skip_dag.py
[2022-01-25 23:24:56,986] {processor.py:642} INFO - Processing file /Users/chang/opt/anaconda3/lib/python3.9/site-packages/airflow/example_dags/example_skip_dag.py for tasks to queue
[2022-01-25 23:24:56,986] {logging_mixin.py:109} INFO - [2022-01-25 23:24:56,986] {dagbag.py:500} INFO - Filling up the DagBag from /Users/chang/opt/anaconda3/lib/python3.9/site-packages/airflow/example_dags/example_skip_dag.py
[2022-01-25 23:24:57,012] {processor.py:654} INFO - DAG(s) dict_keys(['example_skip_dag']) retrieved from /Users/chang/opt/anaconda3/lib/python3.9/site-packages/airflow/example_dags/example_skip_dag.py
[2022-01-25 23:24:57,026] {logging_mixin.py:109} INFO - [2022-01-25 23:24:57,026] {dag.py:2396} INFO - Sync 1 DAGs
[2022-01-25 23:24:57,033] {logging_mixin.py:109} INFO - [2022-01-25 23:24:57,033] {dag.py:2935} INFO - Setting next_dagrun for example_skip_dag to 2022-01-24T14:24:57.033690+00:00
[2022-01-25 23:24:57,039] {processor.py:171} INFO - Processing /Users/chang/opt/anaconda3/lib/python3.9/site-packages/airflow/example_dags/example_skip_dag.py took 0.055 seconds
[2022-01-25 23:26:27,496] {processor.py:163} INFO - Started process (PID=20085) to work on /Users/chang/opt/anaconda3/lib/python3.9/site-packages/airflow/example_dags/example_skip_dag.py
[2022-01-25 23:26:27,497] {processor.py:642} INFO - Processing file /Users/chang/opt/anaconda3/lib/python3.9/site-packages/airflow/example_dags/example_skip_dag.py for tasks to queue
[2022-01-25 23:26:27,498] {logging_mixin.py:109} INFO - [2022-01-25 23:26:27,498] {dagbag.py:500} INFO - Filling up the DagBag from /Users/chang/opt/anaconda3/lib/python3.9/site-packages/airflow/example_dags/example_skip_dag.py
[2022-01-25 23:26:27,536] {processor.py:654} INFO - DAG(s) dict_keys(['example_skip_dag']) retrieved from /Users/chang/opt/anaconda3/lib/python3.9/site-packages/airflow/example_dags/example_skip_dag.py
[2022-01-25 23:26:27,555] {logging_mixin.py:109} INFO - [2022-01-25 23:26:27,555] {dag.py:2396} INFO - Sync 1 DAGs
[2022-01-25 23:26:27,563] {logging_mixin.py:109} INFO - [2022-01-25 23:26:27,563] {dag.py:2935} INFO - Setting next_dagrun for example_skip_dag to 2022-01-24T14:26:27.563756+00:00
[2022-01-25 23:26:27,571] {processor.py:171} INFO - Processing /Users/chang/opt/anaconda3/lib/python3.9/site-packages/airflow/example_dags/example_skip_dag.py took 0.076 seconds
[2022-01-25 23:28:03,574] {processor.py:163} INFO - Started process (PID=20361) to work on /Users/chang/opt/anaconda3/lib/python3.9/site-packages/airflow/example_dags/example_skip_dag.py
[2022-01-25 23:28:03,575] {processor.py:642} INFO - Processing file /Users/chang/opt/anaconda3/lib/python3.9/site-packages/airflow/example_dags/example_skip_dag.py for tasks to queue
[2022-01-25 23:28:03,575] {logging_mixin.py:109} INFO - [2022-01-25 23:28:03,575] {dagbag.py:500} INFO - Filling up the DagBag from /Users/chang/opt/anaconda3/lib/python3.9/site-packages/airflow/example_dags/example_skip_dag.py
[2022-01-25 23:28:03,603] {processor.py:654} INFO - DAG(s) dict_keys(['example_skip_dag']) retrieved from /Users/chang/opt/anaconda3/lib/python3.9/site-packages/airflow/example_dags/example_skip_dag.py
[2022-01-25 23:28:03,618] {logging_mixin.py:109} INFO - [2022-01-25 23:28:03,618] {dag.py:2396} INFO - Sync 1 DAGs
[2022-01-25 23:28:03,626] {logging_mixin.py:109} INFO - [2022-01-25 23:28:03,626] {dag.py:2935} INFO - Setting next_dagrun for example_skip_dag to 2022-01-24T14:28:03.626374+00:00
[2022-01-25 23:28:03,633] {processor.py:171} INFO - Processing /Users/chang/opt/anaconda3/lib/python3.9/site-packages/airflow/example_dags/example_skip_dag.py took 0.060 seconds
