[2022-01-25 23:12:21,010] {processor.py:163} INFO - Started process (PID=19493) to work on /Users/chang/opt/anaconda3/lib/python3.9/site-packages/airflow/example_dags/example_xcomargs.py
[2022-01-25 23:12:21,011] {processor.py:642} INFO - Processing file /Users/chang/opt/anaconda3/lib/python3.9/site-packages/airflow/example_dags/example_xcomargs.py for tasks to queue
[2022-01-25 23:12:21,011] {logging_mixin.py:109} INFO - [2022-01-25 23:12:21,011] {dagbag.py:500} INFO - Filling up the DagBag from /Users/chang/opt/anaconda3/lib/python3.9/site-packages/airflow/example_dags/example_xcomargs.py
[2022-01-25 23:12:21,055] {processor.py:654} INFO - DAG(s) dict_keys(['example_xcom_args', 'example_xcom_args_with_operators']) retrieved from /Users/chang/opt/anaconda3/lib/python3.9/site-packages/airflow/example_dags/example_xcomargs.py
[2022-01-25 23:12:21,063] {logging_mixin.py:109} INFO - [2022-01-25 23:12:21,063] {dag.py:2396} INFO - Sync 2 DAGs
[2022-01-25 23:12:21,074] {logging_mixin.py:109} INFO - [2022-01-25 23:12:21,073] {dag.py:2935} INFO - Setting next_dagrun for example_xcom_args to None
[2022-01-25 23:12:21,074] {logging_mixin.py:109} INFO - [2022-01-25 23:12:21,074] {dag.py:2935} INFO - Setting next_dagrun for example_xcom_args_with_operators to None
[2022-01-25 23:12:21,079] {processor.py:171} INFO - Processing /Users/chang/opt/anaconda3/lib/python3.9/site-packages/airflow/example_dags/example_xcomargs.py took 0.070 seconds
[2022-01-25 23:13:53,026] {processor.py:163} INFO - Started process (PID=19635) to work on /Users/chang/opt/anaconda3/lib/python3.9/site-packages/airflow/example_dags/example_xcomargs.py
[2022-01-25 23:13:53,028] {processor.py:642} INFO - Processing file /Users/chang/opt/anaconda3/lib/python3.9/site-packages/airflow/example_dags/example_xcomargs.py for tasks to queue
[2022-01-25 23:13:53,028] {logging_mixin.py:109} INFO - [2022-01-25 23:13:53,028] {dagbag.py:500} INFO - Filling up the DagBag from /Users/chang/opt/anaconda3/lib/python3.9/site-packages/airflow/example_dags/example_xcomargs.py
[2022-01-25 23:13:53,076] {processor.py:654} INFO - DAG(s) dict_keys(['example_xcom_args', 'example_xcom_args_with_operators']) retrieved from /Users/chang/opt/anaconda3/lib/python3.9/site-packages/airflow/example_dags/example_xcomargs.py
[2022-01-25 23:13:53,263] {logging_mixin.py:109} INFO - [2022-01-25 23:13:53,262] {dag.py:2396} INFO - Sync 2 DAGs
[2022-01-25 23:13:53,270] {logging_mixin.py:109} INFO - [2022-01-25 23:13:53,270] {dag.py:2935} INFO - Setting next_dagrun for example_xcom_args to None
[2022-01-25 23:13:53,270] {logging_mixin.py:109} INFO - [2022-01-25 23:13:53,270] {dag.py:2935} INFO - Setting next_dagrun for example_xcom_args_with_operators to None
[2022-01-25 23:13:53,276] {processor.py:171} INFO - Processing /Users/chang/opt/anaconda3/lib/python3.9/site-packages/airflow/example_dags/example_xcomargs.py took 0.251 seconds
[2022-01-25 23:15:21,148] {processor.py:163} INFO - Started process (PID=19700) to work on /Users/chang/opt/anaconda3/lib/python3.9/site-packages/airflow/example_dags/example_xcomargs.py
[2022-01-25 23:15:21,148] {processor.py:642} INFO - Processing file /Users/chang/opt/anaconda3/lib/python3.9/site-packages/airflow/example_dags/example_xcomargs.py for tasks to queue
[2022-01-25 23:15:21,149] {logging_mixin.py:109} INFO - [2022-01-25 23:15:21,149] {dagbag.py:500} INFO - Filling up the DagBag from /Users/chang/opt/anaconda3/lib/python3.9/site-packages/airflow/example_dags/example_xcomargs.py
[2022-01-25 23:15:21,194] {processor.py:654} INFO - DAG(s) dict_keys(['example_xcom_args', 'example_xcom_args_with_operators']) retrieved from /Users/chang/opt/anaconda3/lib/python3.9/site-packages/airflow/example_dags/example_xcomargs.py
[2022-01-25 23:15:21,379] {logging_mixin.py:109} INFO - [2022-01-25 23:15:21,379] {dag.py:2396} INFO - Sync 2 DAGs
[2022-01-25 23:15:21,387] {logging_mixin.py:109} INFO - [2022-01-25 23:15:21,387] {dag.py:2935} INFO - Setting next_dagrun for example_xcom_args to None
[2022-01-25 23:15:21,387] {logging_mixin.py:109} INFO - [2022-01-25 23:15:21,387] {dag.py:2935} INFO - Setting next_dagrun for example_xcom_args_with_operators to None
[2022-01-25 23:15:21,392] {processor.py:171} INFO - Processing /Users/chang/opt/anaconda3/lib/python3.9/site-packages/airflow/example_dags/example_xcomargs.py took 0.245 seconds
[2022-01-25 23:16:49,365] {processor.py:163} INFO - Started process (PID=19755) to work on /Users/chang/opt/anaconda3/lib/python3.9/site-packages/airflow/example_dags/example_xcomargs.py
[2022-01-25 23:16:49,367] {processor.py:642} INFO - Processing file /Users/chang/opt/anaconda3/lib/python3.9/site-packages/airflow/example_dags/example_xcomargs.py for tasks to queue
[2022-01-25 23:16:49,367] {logging_mixin.py:109} INFO - [2022-01-25 23:16:49,367] {dagbag.py:500} INFO - Filling up the DagBag from /Users/chang/opt/anaconda3/lib/python3.9/site-packages/airflow/example_dags/example_xcomargs.py
[2022-01-25 23:16:49,411] {processor.py:654} INFO - DAG(s) dict_keys(['example_xcom_args', 'example_xcom_args_with_operators']) retrieved from /Users/chang/opt/anaconda3/lib/python3.9/site-packages/airflow/example_dags/example_xcomargs.py
[2022-01-25 23:16:49,594] {logging_mixin.py:109} INFO - [2022-01-25 23:16:49,594] {dag.py:2396} INFO - Sync 2 DAGs
[2022-01-25 23:16:49,601] {logging_mixin.py:109} INFO - [2022-01-25 23:16:49,601] {dag.py:2935} INFO - Setting next_dagrun for example_xcom_args to None
[2022-01-25 23:16:49,602] {logging_mixin.py:109} INFO - [2022-01-25 23:16:49,601] {dag.py:2935} INFO - Setting next_dagrun for example_xcom_args_with_operators to None
[2022-01-25 23:16:49,609] {processor.py:171} INFO - Processing /Users/chang/opt/anaconda3/lib/python3.9/site-packages/airflow/example_dags/example_xcomargs.py took 0.244 seconds
[2022-01-25 23:18:24,328] {processor.py:163} INFO - Started process (PID=19841) to work on /Users/chang/opt/anaconda3/lib/python3.9/site-packages/airflow/example_dags/example_xcomargs.py
[2022-01-25 23:18:24,329] {processor.py:642} INFO - Processing file /Users/chang/opt/anaconda3/lib/python3.9/site-packages/airflow/example_dags/example_xcomargs.py for tasks to queue
[2022-01-25 23:18:24,329] {logging_mixin.py:109} INFO - [2022-01-25 23:18:24,329] {dagbag.py:500} INFO - Filling up the DagBag from /Users/chang/opt/anaconda3/lib/python3.9/site-packages/airflow/example_dags/example_xcomargs.py
[2022-01-25 23:18:24,373] {processor.py:654} INFO - DAG(s) dict_keys(['example_xcom_args', 'example_xcom_args_with_operators']) retrieved from /Users/chang/opt/anaconda3/lib/python3.9/site-packages/airflow/example_dags/example_xcomargs.py
[2022-01-25 23:18:24,561] {logging_mixin.py:109} INFO - [2022-01-25 23:18:24,560] {dag.py:2396} INFO - Sync 2 DAGs
[2022-01-25 23:18:24,568] {logging_mixin.py:109} INFO - [2022-01-25 23:18:24,568] {dag.py:2935} INFO - Setting next_dagrun for example_xcom_args to None
[2022-01-25 23:18:24,568] {logging_mixin.py:109} INFO - [2022-01-25 23:18:24,568] {dag.py:2935} INFO - Setting next_dagrun for example_xcom_args_with_operators to None
[2022-01-25 23:18:24,573] {processor.py:171} INFO - Processing /Users/chang/opt/anaconda3/lib/python3.9/site-packages/airflow/example_dags/example_xcomargs.py took 0.246 seconds
[2022-01-25 23:19:54,502] {processor.py:163} INFO - Started process (PID=19882) to work on /Users/chang/opt/anaconda3/lib/python3.9/site-packages/airflow/example_dags/example_xcomargs.py
[2022-01-25 23:19:54,503] {processor.py:642} INFO - Processing file /Users/chang/opt/anaconda3/lib/python3.9/site-packages/airflow/example_dags/example_xcomargs.py for tasks to queue
[2022-01-25 23:19:54,503] {logging_mixin.py:109} INFO - [2022-01-25 23:19:54,503] {dagbag.py:500} INFO - Filling up the DagBag from /Users/chang/opt/anaconda3/lib/python3.9/site-packages/airflow/example_dags/example_xcomargs.py
[2022-01-25 23:19:54,547] {processor.py:654} INFO - DAG(s) dict_keys(['example_xcom_args', 'example_xcom_args_with_operators']) retrieved from /Users/chang/opt/anaconda3/lib/python3.9/site-packages/airflow/example_dags/example_xcomargs.py
[2022-01-25 23:19:54,721] {logging_mixin.py:109} INFO - [2022-01-25 23:19:54,721] {dag.py:2396} INFO - Sync 2 DAGs
[2022-01-25 23:19:54,728] {logging_mixin.py:109} INFO - [2022-01-25 23:19:54,728] {dag.py:2935} INFO - Setting next_dagrun for example_xcom_args to None
[2022-01-25 23:19:54,728] {logging_mixin.py:109} INFO - [2022-01-25 23:19:54,728] {dag.py:2935} INFO - Setting next_dagrun for example_xcom_args_with_operators to None
[2022-01-25 23:19:54,733] {processor.py:171} INFO - Processing /Users/chang/opt/anaconda3/lib/python3.9/site-packages/airflow/example_dags/example_xcomargs.py took 0.232 seconds
[2022-01-25 23:21:25,496] {processor.py:163} INFO - Started process (PID=19924) to work on /Users/chang/opt/anaconda3/lib/python3.9/site-packages/airflow/example_dags/example_xcomargs.py
[2022-01-25 23:21:25,496] {processor.py:642} INFO - Processing file /Users/chang/opt/anaconda3/lib/python3.9/site-packages/airflow/example_dags/example_xcomargs.py for tasks to queue
[2022-01-25 23:21:25,496] {logging_mixin.py:109} INFO - [2022-01-25 23:21:25,496] {dagbag.py:500} INFO - Filling up the DagBag from /Users/chang/opt/anaconda3/lib/python3.9/site-packages/airflow/example_dags/example_xcomargs.py
[2022-01-25 23:21:25,542] {processor.py:654} INFO - DAG(s) dict_keys(['example_xcom_args', 'example_xcom_args_with_operators']) retrieved from /Users/chang/opt/anaconda3/lib/python3.9/site-packages/airflow/example_dags/example_xcomargs.py
[2022-01-25 23:21:25,716] {logging_mixin.py:109} INFO - [2022-01-25 23:21:25,715] {dag.py:2396} INFO - Sync 2 DAGs
[2022-01-25 23:21:25,723] {logging_mixin.py:109} INFO - [2022-01-25 23:21:25,723] {dag.py:2935} INFO - Setting next_dagrun for example_xcom_args to None
[2022-01-25 23:21:25,723] {logging_mixin.py:109} INFO - [2022-01-25 23:21:25,723] {dag.py:2935} INFO - Setting next_dagrun for example_xcom_args_with_operators to None
[2022-01-25 23:21:25,728] {processor.py:171} INFO - Processing /Users/chang/opt/anaconda3/lib/python3.9/site-packages/airflow/example_dags/example_xcomargs.py took 0.233 seconds
[2022-01-25 23:23:01,447] {processor.py:163} INFO - Started process (PID=19977) to work on /Users/chang/opt/anaconda3/lib/python3.9/site-packages/airflow/example_dags/example_xcomargs.py
[2022-01-25 23:23:01,448] {processor.py:642} INFO - Processing file /Users/chang/opt/anaconda3/lib/python3.9/site-packages/airflow/example_dags/example_xcomargs.py for tasks to queue
[2022-01-25 23:23:01,448] {logging_mixin.py:109} INFO - [2022-01-25 23:23:01,448] {dagbag.py:500} INFO - Filling up the DagBag from /Users/chang/opt/anaconda3/lib/python3.9/site-packages/airflow/example_dags/example_xcomargs.py
[2022-01-25 23:23:01,490] {processor.py:654} INFO - DAG(s) dict_keys(['example_xcom_args', 'example_xcom_args_with_operators']) retrieved from /Users/chang/opt/anaconda3/lib/python3.9/site-packages/airflow/example_dags/example_xcomargs.py
[2022-01-25 23:23:01,663] {logging_mixin.py:109} INFO - [2022-01-25 23:23:01,663] {dag.py:2396} INFO - Sync 2 DAGs
[2022-01-25 23:23:01,672] {logging_mixin.py:109} INFO - [2022-01-25 23:23:01,672] {dag.py:2935} INFO - Setting next_dagrun for example_xcom_args to None
[2022-01-25 23:23:01,672] {logging_mixin.py:109} INFO - [2022-01-25 23:23:01,672] {dag.py:2935} INFO - Setting next_dagrun for example_xcom_args_with_operators to None
[2022-01-25 23:23:01,679] {processor.py:171} INFO - Processing /Users/chang/opt/anaconda3/lib/python3.9/site-packages/airflow/example_dags/example_xcomargs.py took 0.233 seconds
[2022-01-25 23:24:31,975] {processor.py:163} INFO - Started process (PID=20024) to work on /Users/chang/opt/anaconda3/lib/python3.9/site-packages/airflow/example_dags/example_xcomargs.py
[2022-01-25 23:24:31,976] {processor.py:642} INFO - Processing file /Users/chang/opt/anaconda3/lib/python3.9/site-packages/airflow/example_dags/example_xcomargs.py for tasks to queue
[2022-01-25 23:24:31,976] {logging_mixin.py:109} INFO - [2022-01-25 23:24:31,976] {dagbag.py:500} INFO - Filling up the DagBag from /Users/chang/opt/anaconda3/lib/python3.9/site-packages/airflow/example_dags/example_xcomargs.py
[2022-01-25 23:24:32,022] {processor.py:654} INFO - DAG(s) dict_keys(['example_xcom_args', 'example_xcom_args_with_operators']) retrieved from /Users/chang/opt/anaconda3/lib/python3.9/site-packages/airflow/example_dags/example_xcomargs.py
[2022-01-25 23:24:32,244] {logging_mixin.py:109} INFO - [2022-01-25 23:24:32,244] {dag.py:2396} INFO - Sync 2 DAGs
[2022-01-25 23:24:32,254] {logging_mixin.py:109} INFO - [2022-01-25 23:24:32,253] {dag.py:2935} INFO - Setting next_dagrun for example_xcom_args to None
[2022-01-25 23:24:32,254] {logging_mixin.py:109} INFO - [2022-01-25 23:24:32,254] {dag.py:2935} INFO - Setting next_dagrun for example_xcom_args_with_operators to None
[2022-01-25 23:24:32,263] {processor.py:171} INFO - Processing /Users/chang/opt/anaconda3/lib/python3.9/site-packages/airflow/example_dags/example_xcomargs.py took 0.289 seconds
[2022-01-25 23:26:02,173] {processor.py:163} INFO - Started process (PID=20068) to work on /Users/chang/opt/anaconda3/lib/python3.9/site-packages/airflow/example_dags/example_xcomargs.py
[2022-01-25 23:26:02,174] {processor.py:642} INFO - Processing file /Users/chang/opt/anaconda3/lib/python3.9/site-packages/airflow/example_dags/example_xcomargs.py for tasks to queue
[2022-01-25 23:26:02,174] {logging_mixin.py:109} INFO - [2022-01-25 23:26:02,174] {dagbag.py:500} INFO - Filling up the DagBag from /Users/chang/opt/anaconda3/lib/python3.9/site-packages/airflow/example_dags/example_xcomargs.py
[2022-01-25 23:26:02,223] {processor.py:654} INFO - DAG(s) dict_keys(['example_xcom_args', 'example_xcom_args_with_operators']) retrieved from /Users/chang/opt/anaconda3/lib/python3.9/site-packages/airflow/example_dags/example_xcomargs.py
[2022-01-25 23:26:02,398] {logging_mixin.py:109} INFO - [2022-01-25 23:26:02,398] {dag.py:2396} INFO - Sync 2 DAGs
[2022-01-25 23:26:02,405] {logging_mixin.py:109} INFO - [2022-01-25 23:26:02,405] {dag.py:2935} INFO - Setting next_dagrun for example_xcom_args to None
[2022-01-25 23:26:02,405] {logging_mixin.py:109} INFO - [2022-01-25 23:26:02,405] {dag.py:2935} INFO - Setting next_dagrun for example_xcom_args_with_operators to None
[2022-01-25 23:26:02,411] {processor.py:171} INFO - Processing /Users/chang/opt/anaconda3/lib/python3.9/site-packages/airflow/example_dags/example_xcomargs.py took 0.239 seconds
[2022-01-25 23:27:36,398] {processor.py:163} INFO - Started process (PID=20209) to work on /Users/chang/opt/anaconda3/lib/python3.9/site-packages/airflow/example_dags/example_xcomargs.py
[2022-01-25 23:27:36,399] {processor.py:642} INFO - Processing file /Users/chang/opt/anaconda3/lib/python3.9/site-packages/airflow/example_dags/example_xcomargs.py for tasks to queue
[2022-01-25 23:27:36,400] {logging_mixin.py:109} INFO - [2022-01-25 23:27:36,400] {dagbag.py:500} INFO - Filling up the DagBag from /Users/chang/opt/anaconda3/lib/python3.9/site-packages/airflow/example_dags/example_xcomargs.py
[2022-01-25 23:27:36,471] {processor.py:654} INFO - DAG(s) dict_keys(['example_xcom_args', 'example_xcom_args_with_operators']) retrieved from /Users/chang/opt/anaconda3/lib/python3.9/site-packages/airflow/example_dags/example_xcomargs.py
[2022-01-25 23:27:36,722] {logging_mixin.py:109} INFO - [2022-01-25 23:27:36,722] {dag.py:2396} INFO - Sync 2 DAGs
[2022-01-25 23:27:36,746] {logging_mixin.py:109} INFO - [2022-01-25 23:27:36,746] {dag.py:2935} INFO - Setting next_dagrun for example_xcom_args to None
[2022-01-25 23:27:36,762] {logging_mixin.py:109} INFO - [2022-01-25 23:27:36,762] {dag.py:2935} INFO - Setting next_dagrun for example_xcom_args_with_operators to None
[2022-01-25 23:27:36,770] {processor.py:171} INFO - Processing /Users/chang/opt/anaconda3/lib/python3.9/site-packages/airflow/example_dags/example_xcomargs.py took 0.373 seconds
