[2022-01-25 23:12:29,852] {processor.py:163} INFO - Started process (PID=19496) to work on /Users/chang/opt/anaconda3/lib/python3.9/site-packages/airflow/example_dags/example_trigger_controller_dag.py
[2022-01-25 23:12:29,852] {processor.py:642} INFO - Processing file /Users/chang/opt/anaconda3/lib/python3.9/site-packages/airflow/example_dags/example_trigger_controller_dag.py for tasks to queue
[2022-01-25 23:12:29,852] {logging_mixin.py:109} INFO - [2022-01-25 23:12:29,852] {dagbag.py:500} INFO - Filling up the DagBag from /Users/chang/opt/anaconda3/lib/python3.9/site-packages/airflow/example_dags/example_trigger_controller_dag.py
[2022-01-25 23:12:29,882] {processor.py:654} INFO - DAG(s) dict_keys(['example_trigger_controller_dag']) retrieved from /Users/chang/opt/anaconda3/lib/python3.9/site-packages/airflow/example_dags/example_trigger_controller_dag.py
[2022-01-25 23:12:29,898] {logging_mixin.py:109} INFO - [2022-01-25 23:12:29,898] {dag.py:2396} INFO - Sync 1 DAGs
[2022-01-25 23:12:29,905] {logging_mixin.py:109} INFO - [2022-01-25 23:12:29,905] {dag.py:2935} INFO - Setting next_dagrun for example_trigger_controller_dag to 2021-01-01T00:00:00+00:00
[2022-01-25 23:12:29,912] {processor.py:171} INFO - Processing /Users/chang/opt/anaconda3/lib/python3.9/site-packages/airflow/example_dags/example_trigger_controller_dag.py took 0.061 seconds
[2022-01-25 23:14:01,588] {processor.py:163} INFO - Started process (PID=19638) to work on /Users/chang/opt/anaconda3/lib/python3.9/site-packages/airflow/example_dags/example_trigger_controller_dag.py
[2022-01-25 23:14:01,589] {processor.py:642} INFO - Processing file /Users/chang/opt/anaconda3/lib/python3.9/site-packages/airflow/example_dags/example_trigger_controller_dag.py for tasks to queue
[2022-01-25 23:14:01,589] {logging_mixin.py:109} INFO - [2022-01-25 23:14:01,589] {dagbag.py:500} INFO - Filling up the DagBag from /Users/chang/opt/anaconda3/lib/python3.9/site-packages/airflow/example_dags/example_trigger_controller_dag.py
[2022-01-25 23:14:01,617] {processor.py:654} INFO - DAG(s) dict_keys(['example_trigger_controller_dag']) retrieved from /Users/chang/opt/anaconda3/lib/python3.9/site-packages/airflow/example_dags/example_trigger_controller_dag.py
[2022-01-25 23:14:01,633] {logging_mixin.py:109} INFO - [2022-01-25 23:14:01,633] {dag.py:2396} INFO - Sync 1 DAGs
[2022-01-25 23:14:01,640] {logging_mixin.py:109} INFO - [2022-01-25 23:14:01,640] {dag.py:2935} INFO - Setting next_dagrun for example_trigger_controller_dag to 2021-01-01T00:00:00+00:00
[2022-01-25 23:14:01,646] {processor.py:171} INFO - Processing /Users/chang/opt/anaconda3/lib/python3.9/site-packages/airflow/example_dags/example_trigger_controller_dag.py took 0.059 seconds
[2022-01-25 23:15:29,569] {processor.py:163} INFO - Started process (PID=19703) to work on /Users/chang/opt/anaconda3/lib/python3.9/site-packages/airflow/example_dags/example_trigger_controller_dag.py
[2022-01-25 23:15:29,569] {processor.py:642} INFO - Processing file /Users/chang/opt/anaconda3/lib/python3.9/site-packages/airflow/example_dags/example_trigger_controller_dag.py for tasks to queue
[2022-01-25 23:15:29,570] {logging_mixin.py:109} INFO - [2022-01-25 23:15:29,570] {dagbag.py:500} INFO - Filling up the DagBag from /Users/chang/opt/anaconda3/lib/python3.9/site-packages/airflow/example_dags/example_trigger_controller_dag.py
[2022-01-25 23:15:29,596] {processor.py:654} INFO - DAG(s) dict_keys(['example_trigger_controller_dag']) retrieved from /Users/chang/opt/anaconda3/lib/python3.9/site-packages/airflow/example_dags/example_trigger_controller_dag.py
[2022-01-25 23:15:29,611] {logging_mixin.py:109} INFO - [2022-01-25 23:15:29,611] {dag.py:2396} INFO - Sync 1 DAGs
[2022-01-25 23:15:29,618] {logging_mixin.py:109} INFO - [2022-01-25 23:15:29,618] {dag.py:2935} INFO - Setting next_dagrun for example_trigger_controller_dag to 2021-01-01T00:00:00+00:00
[2022-01-25 23:15:29,624] {processor.py:171} INFO - Processing /Users/chang/opt/anaconda3/lib/python3.9/site-packages/airflow/example_dags/example_trigger_controller_dag.py took 0.056 seconds
[2022-01-25 23:16:56,326] {processor.py:163} INFO - Started process (PID=19769) to work on /Users/chang/opt/anaconda3/lib/python3.9/site-packages/airflow/example_dags/example_trigger_controller_dag.py
[2022-01-25 23:16:56,328] {processor.py:642} INFO - Processing file /Users/chang/opt/anaconda3/lib/python3.9/site-packages/airflow/example_dags/example_trigger_controller_dag.py for tasks to queue
[2022-01-25 23:16:56,328] {logging_mixin.py:109} INFO - [2022-01-25 23:16:56,328] {dagbag.py:500} INFO - Filling up the DagBag from /Users/chang/opt/anaconda3/lib/python3.9/site-packages/airflow/example_dags/example_trigger_controller_dag.py
[2022-01-25 23:16:56,355] {processor.py:654} INFO - DAG(s) dict_keys(['example_trigger_controller_dag']) retrieved from /Users/chang/opt/anaconda3/lib/python3.9/site-packages/airflow/example_dags/example_trigger_controller_dag.py
[2022-01-25 23:16:56,370] {logging_mixin.py:109} INFO - [2022-01-25 23:16:56,370] {dag.py:2396} INFO - Sync 1 DAGs
[2022-01-25 23:16:56,377] {logging_mixin.py:109} INFO - [2022-01-25 23:16:56,377] {dag.py:2935} INFO - Setting next_dagrun for example_trigger_controller_dag to 2021-01-01T00:00:00+00:00
[2022-01-25 23:16:56,383] {processor.py:171} INFO - Processing /Users/chang/opt/anaconda3/lib/python3.9/site-packages/airflow/example_dags/example_trigger_controller_dag.py took 0.057 seconds
[2022-01-25 23:18:32,800] {processor.py:163} INFO - Started process (PID=19844) to work on /Users/chang/opt/anaconda3/lib/python3.9/site-packages/airflow/example_dags/example_trigger_controller_dag.py
[2022-01-25 23:18:32,801] {processor.py:642} INFO - Processing file /Users/chang/opt/anaconda3/lib/python3.9/site-packages/airflow/example_dags/example_trigger_controller_dag.py for tasks to queue
[2022-01-25 23:18:32,801] {logging_mixin.py:109} INFO - [2022-01-25 23:18:32,801] {dagbag.py:500} INFO - Filling up the DagBag from /Users/chang/opt/anaconda3/lib/python3.9/site-packages/airflow/example_dags/example_trigger_controller_dag.py
[2022-01-25 23:18:32,831] {processor.py:654} INFO - DAG(s) dict_keys(['example_trigger_controller_dag']) retrieved from /Users/chang/opt/anaconda3/lib/python3.9/site-packages/airflow/example_dags/example_trigger_controller_dag.py
[2022-01-25 23:18:32,846] {logging_mixin.py:109} INFO - [2022-01-25 23:18:32,846] {dag.py:2396} INFO - Sync 1 DAGs
[2022-01-25 23:18:32,854] {logging_mixin.py:109} INFO - [2022-01-25 23:18:32,853] {dag.py:2935} INFO - Setting next_dagrun for example_trigger_controller_dag to 2021-01-01T00:00:00+00:00
[2022-01-25 23:18:32,862] {processor.py:171} INFO - Processing /Users/chang/opt/anaconda3/lib/python3.9/site-packages/airflow/example_dags/example_trigger_controller_dag.py took 0.063 seconds
[2022-01-25 23:20:02,840] {processor.py:163} INFO - Started process (PID=19885) to work on /Users/chang/opt/anaconda3/lib/python3.9/site-packages/airflow/example_dags/example_trigger_controller_dag.py
[2022-01-25 23:20:02,841] {processor.py:642} INFO - Processing file /Users/chang/opt/anaconda3/lib/python3.9/site-packages/airflow/example_dags/example_trigger_controller_dag.py for tasks to queue
[2022-01-25 23:20:02,842] {logging_mixin.py:109} INFO - [2022-01-25 23:20:02,842] {dagbag.py:500} INFO - Filling up the DagBag from /Users/chang/opt/anaconda3/lib/python3.9/site-packages/airflow/example_dags/example_trigger_controller_dag.py
[2022-01-25 23:20:02,871] {processor.py:654} INFO - DAG(s) dict_keys(['example_trigger_controller_dag']) retrieved from /Users/chang/opt/anaconda3/lib/python3.9/site-packages/airflow/example_dags/example_trigger_controller_dag.py
[2022-01-25 23:20:02,886] {logging_mixin.py:109} INFO - [2022-01-25 23:20:02,886] {dag.py:2396} INFO - Sync 1 DAGs
[2022-01-25 23:20:02,893] {logging_mixin.py:109} INFO - [2022-01-25 23:20:02,893] {dag.py:2935} INFO - Setting next_dagrun for example_trigger_controller_dag to 2021-01-01T00:00:00+00:00
[2022-01-25 23:20:02,898] {processor.py:171} INFO - Processing /Users/chang/opt/anaconda3/lib/python3.9/site-packages/airflow/example_dags/example_trigger_controller_dag.py took 0.058 seconds
[2022-01-25 23:21:35,090] {processor.py:163} INFO - Started process (PID=19934) to work on /Users/chang/opt/anaconda3/lib/python3.9/site-packages/airflow/example_dags/example_trigger_controller_dag.py
[2022-01-25 23:21:35,090] {processor.py:642} INFO - Processing file /Users/chang/opt/anaconda3/lib/python3.9/site-packages/airflow/example_dags/example_trigger_controller_dag.py for tasks to queue
[2022-01-25 23:21:35,090] {logging_mixin.py:109} INFO - [2022-01-25 23:21:35,090] {dagbag.py:500} INFO - Filling up the DagBag from /Users/chang/opt/anaconda3/lib/python3.9/site-packages/airflow/example_dags/example_trigger_controller_dag.py
[2022-01-25 23:21:35,116] {processor.py:654} INFO - DAG(s) dict_keys(['example_trigger_controller_dag']) retrieved from /Users/chang/opt/anaconda3/lib/python3.9/site-packages/airflow/example_dags/example_trigger_controller_dag.py
[2022-01-25 23:21:35,130] {logging_mixin.py:109} INFO - [2022-01-25 23:21:35,130] {dag.py:2396} INFO - Sync 1 DAGs
[2022-01-25 23:21:35,137] {logging_mixin.py:109} INFO - [2022-01-25 23:21:35,137] {dag.py:2935} INFO - Setting next_dagrun for example_trigger_controller_dag to 2021-01-01T00:00:00+00:00
[2022-01-25 23:21:35,143] {processor.py:171} INFO - Processing /Users/chang/opt/anaconda3/lib/python3.9/site-packages/airflow/example_dags/example_trigger_controller_dag.py took 0.054 seconds
[2022-01-25 23:23:09,786] {processor.py:163} INFO - Started process (PID=19980) to work on /Users/chang/opt/anaconda3/lib/python3.9/site-packages/airflow/example_dags/example_trigger_controller_dag.py
[2022-01-25 23:23:09,787] {processor.py:642} INFO - Processing file /Users/chang/opt/anaconda3/lib/python3.9/site-packages/airflow/example_dags/example_trigger_controller_dag.py for tasks to queue
[2022-01-25 23:23:09,788] {logging_mixin.py:109} INFO - [2022-01-25 23:23:09,788] {dagbag.py:500} INFO - Filling up the DagBag from /Users/chang/opt/anaconda3/lib/python3.9/site-packages/airflow/example_dags/example_trigger_controller_dag.py
[2022-01-25 23:23:09,816] {processor.py:654} INFO - DAG(s) dict_keys(['example_trigger_controller_dag']) retrieved from /Users/chang/opt/anaconda3/lib/python3.9/site-packages/airflow/example_dags/example_trigger_controller_dag.py
[2022-01-25 23:23:09,830] {logging_mixin.py:109} INFO - [2022-01-25 23:23:09,830] {dag.py:2396} INFO - Sync 1 DAGs
[2022-01-25 23:23:09,837] {logging_mixin.py:109} INFO - [2022-01-25 23:23:09,837] {dag.py:2935} INFO - Setting next_dagrun for example_trigger_controller_dag to 2021-01-01T00:00:00+00:00
[2022-01-25 23:23:09,842] {processor.py:171} INFO - Processing /Users/chang/opt/anaconda3/lib/python3.9/site-packages/airflow/example_dags/example_trigger_controller_dag.py took 0.057 seconds
[2022-01-25 23:24:40,567] {processor.py:163} INFO - Started process (PID=20027) to work on /Users/chang/opt/anaconda3/lib/python3.9/site-packages/airflow/example_dags/example_trigger_controller_dag.py
[2022-01-25 23:24:40,569] {processor.py:642} INFO - Processing file /Users/chang/opt/anaconda3/lib/python3.9/site-packages/airflow/example_dags/example_trigger_controller_dag.py for tasks to queue
[2022-01-25 23:24:40,569] {logging_mixin.py:109} INFO - [2022-01-25 23:24:40,569] {dagbag.py:500} INFO - Filling up the DagBag from /Users/chang/opt/anaconda3/lib/python3.9/site-packages/airflow/example_dags/example_trigger_controller_dag.py
[2022-01-25 23:24:40,595] {processor.py:654} INFO - DAG(s) dict_keys(['example_trigger_controller_dag']) retrieved from /Users/chang/opt/anaconda3/lib/python3.9/site-packages/airflow/example_dags/example_trigger_controller_dag.py
[2022-01-25 23:24:40,609] {logging_mixin.py:109} INFO - [2022-01-25 23:24:40,609] {dag.py:2396} INFO - Sync 1 DAGs
[2022-01-25 23:24:40,615] {logging_mixin.py:109} INFO - [2022-01-25 23:24:40,615] {dag.py:2935} INFO - Setting next_dagrun for example_trigger_controller_dag to 2021-01-01T00:00:00+00:00
[2022-01-25 23:24:40,621] {processor.py:171} INFO - Processing /Users/chang/opt/anaconda3/lib/python3.9/site-packages/airflow/example_dags/example_trigger_controller_dag.py took 0.054 seconds
[2022-01-25 23:26:10,437] {processor.py:163} INFO - Started process (PID=20071) to work on /Users/chang/opt/anaconda3/lib/python3.9/site-packages/airflow/example_dags/example_trigger_controller_dag.py
[2022-01-25 23:26:10,438] {processor.py:642} INFO - Processing file /Users/chang/opt/anaconda3/lib/python3.9/site-packages/airflow/example_dags/example_trigger_controller_dag.py for tasks to queue
[2022-01-25 23:26:10,439] {logging_mixin.py:109} INFO - [2022-01-25 23:26:10,439] {dagbag.py:500} INFO - Filling up the DagBag from /Users/chang/opt/anaconda3/lib/python3.9/site-packages/airflow/example_dags/example_trigger_controller_dag.py
[2022-01-25 23:26:10,465] {processor.py:654} INFO - DAG(s) dict_keys(['example_trigger_controller_dag']) retrieved from /Users/chang/opt/anaconda3/lib/python3.9/site-packages/airflow/example_dags/example_trigger_controller_dag.py
[2022-01-25 23:26:10,479] {logging_mixin.py:109} INFO - [2022-01-25 23:26:10,479] {dag.py:2396} INFO - Sync 1 DAGs
[2022-01-25 23:26:10,485] {logging_mixin.py:109} INFO - [2022-01-25 23:26:10,485] {dag.py:2935} INFO - Setting next_dagrun for example_trigger_controller_dag to 2021-01-01T00:00:00+00:00
[2022-01-25 23:26:10,490] {processor.py:171} INFO - Processing /Users/chang/opt/anaconda3/lib/python3.9/site-packages/airflow/example_dags/example_trigger_controller_dag.py took 0.054 seconds
[2022-01-25 23:27:45,933] {processor.py:163} INFO - Started process (PID=20325) to work on /Users/chang/opt/anaconda3/lib/python3.9/site-packages/airflow/example_dags/example_trigger_controller_dag.py
[2022-01-25 23:27:45,934] {processor.py:642} INFO - Processing file /Users/chang/opt/anaconda3/lib/python3.9/site-packages/airflow/example_dags/example_trigger_controller_dag.py for tasks to queue
[2022-01-25 23:27:45,934] {logging_mixin.py:109} INFO - [2022-01-25 23:27:45,934] {dagbag.py:500} INFO - Filling up the DagBag from /Users/chang/opt/anaconda3/lib/python3.9/site-packages/airflow/example_dags/example_trigger_controller_dag.py
[2022-01-25 23:27:45,964] {processor.py:654} INFO - DAG(s) dict_keys(['example_trigger_controller_dag']) retrieved from /Users/chang/opt/anaconda3/lib/python3.9/site-packages/airflow/example_dags/example_trigger_controller_dag.py
[2022-01-25 23:27:45,979] {logging_mixin.py:109} INFO - [2022-01-25 23:27:45,979] {dag.py:2396} INFO - Sync 1 DAGs
[2022-01-25 23:27:45,986] {logging_mixin.py:109} INFO - [2022-01-25 23:27:45,986] {dag.py:2935} INFO - Setting next_dagrun for example_trigger_controller_dag to 2021-01-01T00:00:00+00:00
[2022-01-25 23:27:45,992] {processor.py:171} INFO - Processing /Users/chang/opt/anaconda3/lib/python3.9/site-packages/airflow/example_dags/example_trigger_controller_dag.py took 0.060 seconds
