[2022-01-25 23:13:25,321] {processor.py:163} INFO - Started process (PID=19546) to work on /Users/chang/opt/anaconda3/lib/python3.9/site-packages/airflow/example_dags/example_branch_labels.py
[2022-01-25 23:13:25,321] {processor.py:642} INFO - Processing file /Users/chang/opt/anaconda3/lib/python3.9/site-packages/airflow/example_dags/example_branch_labels.py for tasks to queue
[2022-01-25 23:13:25,321] {logging_mixin.py:109} INFO - [2022-01-25 23:13:25,321] {dagbag.py:500} INFO - Filling up the DagBag from /Users/chang/opt/anaconda3/lib/python3.9/site-packages/airflow/example_dags/example_branch_labels.py
[2022-01-25 23:13:25,350] {processor.py:654} INFO - DAG(s) dict_keys(['example_branch_labels']) retrieved from /Users/chang/opt/anaconda3/lib/python3.9/site-packages/airflow/example_dags/example_branch_labels.py
[2022-01-25 23:13:25,365] {logging_mixin.py:109} INFO - [2022-01-25 23:13:25,365] {dag.py:2396} INFO - Sync 1 DAGs
[2022-01-25 23:13:25,373] {logging_mixin.py:109} INFO - [2022-01-25 23:13:25,373] {dag.py:2935} INFO - Setting next_dagrun for example_branch_labels to 2022-01-24 00:00:00+00:00
[2022-01-25 23:13:25,381] {processor.py:171} INFO - Processing /Users/chang/opt/anaconda3/lib/python3.9/site-packages/airflow/example_dags/example_branch_labels.py took 0.061 seconds
[2022-01-25 23:14:53,878] {processor.py:163} INFO - Started process (PID=19668) to work on /Users/chang/opt/anaconda3/lib/python3.9/site-packages/airflow/example_dags/example_branch_labels.py
[2022-01-25 23:14:53,878] {processor.py:642} INFO - Processing file /Users/chang/opt/anaconda3/lib/python3.9/site-packages/airflow/example_dags/example_branch_labels.py for tasks to queue
[2022-01-25 23:14:53,878] {logging_mixin.py:109} INFO - [2022-01-25 23:14:53,878] {dagbag.py:500} INFO - Filling up the DagBag from /Users/chang/opt/anaconda3/lib/python3.9/site-packages/airflow/example_dags/example_branch_labels.py
[2022-01-25 23:14:53,909] {processor.py:654} INFO - DAG(s) dict_keys(['example_branch_labels']) retrieved from /Users/chang/opt/anaconda3/lib/python3.9/site-packages/airflow/example_dags/example_branch_labels.py
[2022-01-25 23:14:53,926] {logging_mixin.py:109} INFO - [2022-01-25 23:14:53,925] {dag.py:2396} INFO - Sync 1 DAGs
[2022-01-25 23:14:53,935] {logging_mixin.py:109} INFO - [2022-01-25 23:14:53,935] {dag.py:2935} INFO - Setting next_dagrun for example_branch_labels to 2022-01-24 00:00:00+00:00
[2022-01-25 23:14:53,941] {processor.py:171} INFO - Processing /Users/chang/opt/anaconda3/lib/python3.9/site-packages/airflow/example_dags/example_branch_labels.py took 0.063 seconds
[2022-01-25 23:16:22,513] {processor.py:163} INFO - Started process (PID=19745) to work on /Users/chang/opt/anaconda3/lib/python3.9/site-packages/airflow/example_dags/example_branch_labels.py
[2022-01-25 23:16:22,514] {processor.py:642} INFO - Processing file /Users/chang/opt/anaconda3/lib/python3.9/site-packages/airflow/example_dags/example_branch_labels.py for tasks to queue
[2022-01-25 23:16:22,514] {logging_mixin.py:109} INFO - [2022-01-25 23:16:22,514] {dagbag.py:500} INFO - Filling up the DagBag from /Users/chang/opt/anaconda3/lib/python3.9/site-packages/airflow/example_dags/example_branch_labels.py
[2022-01-25 23:16:22,541] {processor.py:654} INFO - DAG(s) dict_keys(['example_branch_labels']) retrieved from /Users/chang/opt/anaconda3/lib/python3.9/site-packages/airflow/example_dags/example_branch_labels.py
[2022-01-25 23:16:22,555] {logging_mixin.py:109} INFO - [2022-01-25 23:16:22,555] {dag.py:2396} INFO - Sync 1 DAGs
[2022-01-25 23:16:22,562] {logging_mixin.py:109} INFO - [2022-01-25 23:16:22,562] {dag.py:2935} INFO - Setting next_dagrun for example_branch_labels to 2022-01-24 00:00:00+00:00
[2022-01-25 23:16:22,567] {processor.py:171} INFO - Processing /Users/chang/opt/anaconda3/lib/python3.9/site-packages/airflow/example_dags/example_branch_labels.py took 0.055 seconds
[2022-01-25 23:17:51,587] {processor.py:163} INFO - Started process (PID=19828) to work on /Users/chang/opt/anaconda3/lib/python3.9/site-packages/airflow/example_dags/example_branch_labels.py
[2022-01-25 23:17:51,588] {processor.py:642} INFO - Processing file /Users/chang/opt/anaconda3/lib/python3.9/site-packages/airflow/example_dags/example_branch_labels.py for tasks to queue
[2022-01-25 23:17:51,589] {logging_mixin.py:109} INFO - [2022-01-25 23:17:51,589] {dagbag.py:500} INFO - Filling up the DagBag from /Users/chang/opt/anaconda3/lib/python3.9/site-packages/airflow/example_dags/example_branch_labels.py
[2022-01-25 23:17:51,622] {processor.py:654} INFO - DAG(s) dict_keys(['example_branch_labels']) retrieved from /Users/chang/opt/anaconda3/lib/python3.9/site-packages/airflow/example_dags/example_branch_labels.py
[2022-01-25 23:17:51,641] {logging_mixin.py:109} INFO - [2022-01-25 23:17:51,641] {dag.py:2396} INFO - Sync 1 DAGs
[2022-01-25 23:17:51,649] {logging_mixin.py:109} INFO - [2022-01-25 23:17:51,649] {dag.py:2935} INFO - Setting next_dagrun for example_branch_labels to 2022-01-24 00:00:00+00:00
[2022-01-25 23:17:51,655] {processor.py:171} INFO - Processing /Users/chang/opt/anaconda3/lib/python3.9/site-packages/airflow/example_dags/example_branch_labels.py took 0.068 seconds
[2022-01-25 23:19:24,302] {processor.py:163} INFO - Started process (PID=19871) to work on /Users/chang/opt/anaconda3/lib/python3.9/site-packages/airflow/example_dags/example_branch_labels.py
[2022-01-25 23:19:24,303] {processor.py:642} INFO - Processing file /Users/chang/opt/anaconda3/lib/python3.9/site-packages/airflow/example_dags/example_branch_labels.py for tasks to queue
[2022-01-25 23:19:24,304] {logging_mixin.py:109} INFO - [2022-01-25 23:19:24,304] {dagbag.py:500} INFO - Filling up the DagBag from /Users/chang/opt/anaconda3/lib/python3.9/site-packages/airflow/example_dags/example_branch_labels.py
[2022-01-25 23:19:24,338] {processor.py:654} INFO - DAG(s) dict_keys(['example_branch_labels']) retrieved from /Users/chang/opt/anaconda3/lib/python3.9/site-packages/airflow/example_dags/example_branch_labels.py
[2022-01-25 23:19:24,355] {logging_mixin.py:109} INFO - [2022-01-25 23:19:24,355] {dag.py:2396} INFO - Sync 1 DAGs
[2022-01-25 23:19:24,365] {logging_mixin.py:109} INFO - [2022-01-25 23:19:24,364] {dag.py:2935} INFO - Setting next_dagrun for example_branch_labels to 2022-01-24 00:00:00+00:00
[2022-01-25 23:19:24,371] {processor.py:171} INFO - Processing /Users/chang/opt/anaconda3/lib/python3.9/site-packages/airflow/example_dags/example_branch_labels.py took 0.069 seconds
[2022-01-25 23:20:53,919] {processor.py:163} INFO - Started process (PID=19904) to work on /Users/chang/opt/anaconda3/lib/python3.9/site-packages/airflow/example_dags/example_branch_labels.py
[2022-01-25 23:20:53,920] {processor.py:642} INFO - Processing file /Users/chang/opt/anaconda3/lib/python3.9/site-packages/airflow/example_dags/example_branch_labels.py for tasks to queue
[2022-01-25 23:20:53,921] {logging_mixin.py:109} INFO - [2022-01-25 23:20:53,921] {dagbag.py:500} INFO - Filling up the DagBag from /Users/chang/opt/anaconda3/lib/python3.9/site-packages/airflow/example_dags/example_branch_labels.py
[2022-01-25 23:20:53,950] {processor.py:654} INFO - DAG(s) dict_keys(['example_branch_labels']) retrieved from /Users/chang/opt/anaconda3/lib/python3.9/site-packages/airflow/example_dags/example_branch_labels.py
[2022-01-25 23:20:53,966] {logging_mixin.py:109} INFO - [2022-01-25 23:20:53,966] {dag.py:2396} INFO - Sync 1 DAGs
[2022-01-25 23:20:53,975] {logging_mixin.py:109} INFO - [2022-01-25 23:20:53,974] {dag.py:2935} INFO - Setting next_dagrun for example_branch_labels to 2022-01-24 00:00:00+00:00
[2022-01-25 23:20:53,980] {processor.py:171} INFO - Processing /Users/chang/opt/anaconda3/lib/python3.9/site-packages/airflow/example_dags/example_branch_labels.py took 0.061 seconds
[2022-01-25 23:22:31,203] {processor.py:163} INFO - Started process (PID=19966) to work on /Users/chang/opt/anaconda3/lib/python3.9/site-packages/airflow/example_dags/example_branch_labels.py
[2022-01-25 23:22:31,205] {processor.py:642} INFO - Processing file /Users/chang/opt/anaconda3/lib/python3.9/site-packages/airflow/example_dags/example_branch_labels.py for tasks to queue
[2022-01-25 23:22:31,205] {logging_mixin.py:109} INFO - [2022-01-25 23:22:31,205] {dagbag.py:500} INFO - Filling up the DagBag from /Users/chang/opt/anaconda3/lib/python3.9/site-packages/airflow/example_dags/example_branch_labels.py
[2022-01-25 23:22:31,234] {processor.py:654} INFO - DAG(s) dict_keys(['example_branch_labels']) retrieved from /Users/chang/opt/anaconda3/lib/python3.9/site-packages/airflow/example_dags/example_branch_labels.py
[2022-01-25 23:22:31,252] {logging_mixin.py:109} INFO - [2022-01-25 23:22:31,252] {dag.py:2396} INFO - Sync 1 DAGs
[2022-01-25 23:22:31,261] {logging_mixin.py:109} INFO - [2022-01-25 23:22:31,261] {dag.py:2935} INFO - Setting next_dagrun for example_branch_labels to 2022-01-24 00:00:00+00:00
[2022-01-25 23:22:31,268] {processor.py:171} INFO - Processing /Users/chang/opt/anaconda3/lib/python3.9/site-packages/airflow/example_dags/example_branch_labels.py took 0.066 seconds
[2022-01-25 23:24:03,031] {processor.py:163} INFO - Started process (PID=20010) to work on /Users/chang/opt/anaconda3/lib/python3.9/site-packages/airflow/example_dags/example_branch_labels.py
[2022-01-25 23:24:03,032] {processor.py:642} INFO - Processing file /Users/chang/opt/anaconda3/lib/python3.9/site-packages/airflow/example_dags/example_branch_labels.py for tasks to queue
[2022-01-25 23:24:03,033] {logging_mixin.py:109} INFO - [2022-01-25 23:24:03,033] {dagbag.py:500} INFO - Filling up the DagBag from /Users/chang/opt/anaconda3/lib/python3.9/site-packages/airflow/example_dags/example_branch_labels.py
[2022-01-25 23:24:03,073] {processor.py:654} INFO - DAG(s) dict_keys(['example_branch_labels']) retrieved from /Users/chang/opt/anaconda3/lib/python3.9/site-packages/airflow/example_dags/example_branch_labels.py
[2022-01-25 23:24:03,103] {logging_mixin.py:109} INFO - [2022-01-25 23:24:03,102] {dag.py:2396} INFO - Sync 1 DAGs
[2022-01-25 23:24:03,116] {logging_mixin.py:109} INFO - [2022-01-25 23:24:03,115] {dag.py:2935} INFO - Setting next_dagrun for example_branch_labels to 2022-01-24 00:00:00+00:00
[2022-01-25 23:24:03,127] {processor.py:171} INFO - Processing /Users/chang/opt/anaconda3/lib/python3.9/site-packages/airflow/example_dags/example_branch_labels.py took 0.096 seconds
[2022-01-25 23:25:31,891] {processor.py:163} INFO - Started process (PID=20046) to work on /Users/chang/opt/anaconda3/lib/python3.9/site-packages/airflow/example_dags/example_branch_labels.py
[2022-01-25 23:25:31,892] {processor.py:642} INFO - Processing file /Users/chang/opt/anaconda3/lib/python3.9/site-packages/airflow/example_dags/example_branch_labels.py for tasks to queue
[2022-01-25 23:25:31,892] {logging_mixin.py:109} INFO - [2022-01-25 23:25:31,892] {dagbag.py:500} INFO - Filling up the DagBag from /Users/chang/opt/anaconda3/lib/python3.9/site-packages/airflow/example_dags/example_branch_labels.py
[2022-01-25 23:25:31,924] {processor.py:654} INFO - DAG(s) dict_keys(['example_branch_labels']) retrieved from /Users/chang/opt/anaconda3/lib/python3.9/site-packages/airflow/example_dags/example_branch_labels.py
[2022-01-25 23:25:31,938] {logging_mixin.py:109} INFO - [2022-01-25 23:25:31,938] {dag.py:2396} INFO - Sync 1 DAGs
[2022-01-25 23:25:31,945] {logging_mixin.py:109} INFO - [2022-01-25 23:25:31,945] {dag.py:2935} INFO - Setting next_dagrun for example_branch_labels to 2022-01-24 00:00:00+00:00
[2022-01-25 23:25:31,950] {processor.py:171} INFO - Processing /Users/chang/opt/anaconda3/lib/python3.9/site-packages/airflow/example_dags/example_branch_labels.py took 0.060 seconds
[2022-01-25 23:27:04,069] {processor.py:163} INFO - Started process (PID=20100) to work on /Users/chang/opt/anaconda3/lib/python3.9/site-packages/airflow/example_dags/example_branch_labels.py
[2022-01-25 23:27:04,071] {processor.py:642} INFO - Processing file /Users/chang/opt/anaconda3/lib/python3.9/site-packages/airflow/example_dags/example_branch_labels.py for tasks to queue
[2022-01-25 23:27:04,071] {logging_mixin.py:109} INFO - [2022-01-25 23:27:04,071] {dagbag.py:500} INFO - Filling up the DagBag from /Users/chang/opt/anaconda3/lib/python3.9/site-packages/airflow/example_dags/example_branch_labels.py
[2022-01-25 23:27:04,098] {processor.py:654} INFO - DAG(s) dict_keys(['example_branch_labels']) retrieved from /Users/chang/opt/anaconda3/lib/python3.9/site-packages/airflow/example_dags/example_branch_labels.py
[2022-01-25 23:27:04,113] {logging_mixin.py:109} INFO - [2022-01-25 23:27:04,113] {dag.py:2396} INFO - Sync 1 DAGs
[2022-01-25 23:27:04,121] {logging_mixin.py:109} INFO - [2022-01-25 23:27:04,121] {dag.py:2935} INFO - Setting next_dagrun for example_branch_labels to 2022-01-24 00:00:00+00:00
[2022-01-25 23:27:04,127] {processor.py:171} INFO - Processing /Users/chang/opt/anaconda3/lib/python3.9/site-packages/airflow/example_dags/example_branch_labels.py took 0.058 seconds
