[2022-01-25 23:13:13,288] {processor.py:163} INFO - Started process (PID=19536) to work on /Users/chang/opt/anaconda3/lib/python3.9/site-packages/airflow/example_dags/example_dag_decorator.py
[2022-01-25 23:13:13,289] {processor.py:642} INFO - Processing file /Users/chang/opt/anaconda3/lib/python3.9/site-packages/airflow/example_dags/example_dag_decorator.py for tasks to queue
[2022-01-25 23:13:13,289] {logging_mixin.py:109} INFO - [2022-01-25 23:13:13,289] {dagbag.py:500} INFO - Filling up the DagBag from /Users/chang/opt/anaconda3/lib/python3.9/site-packages/airflow/example_dags/example_dag_decorator.py
[2022-01-25 23:13:13,350] {processor.py:654} INFO - DAG(s) dict_keys(['example_dag_decorator']) retrieved from /Users/chang/opt/anaconda3/lib/python3.9/site-packages/airflow/example_dags/example_dag_decorator.py
[2022-01-25 23:13:13,718] {logging_mixin.py:109} INFO - [2022-01-25 23:13:13,718] {dag.py:2396} INFO - Sync 1 DAGs
[2022-01-25 23:13:13,730] {logging_mixin.py:109} INFO - [2022-01-25 23:13:13,730] {dag.py:2935} INFO - Setting next_dagrun for example_dag_decorator to None
[2022-01-25 23:13:13,739] {processor.py:171} INFO - Processing /Users/chang/opt/anaconda3/lib/python3.9/site-packages/airflow/example_dags/example_dag_decorator.py took 0.452 seconds
[2022-01-25 23:14:42,790] {processor.py:163} INFO - Started process (PID=19664) to work on /Users/chang/opt/anaconda3/lib/python3.9/site-packages/airflow/example_dags/example_dag_decorator.py
[2022-01-25 23:14:42,790] {processor.py:642} INFO - Processing file /Users/chang/opt/anaconda3/lib/python3.9/site-packages/airflow/example_dags/example_dag_decorator.py for tasks to queue
[2022-01-25 23:14:42,791] {logging_mixin.py:109} INFO - [2022-01-25 23:14:42,791] {dagbag.py:500} INFO - Filling up the DagBag from /Users/chang/opt/anaconda3/lib/python3.9/site-packages/airflow/example_dags/example_dag_decorator.py
[2022-01-25 23:14:42,844] {processor.py:654} INFO - DAG(s) dict_keys(['example_dag_decorator']) retrieved from /Users/chang/opt/anaconda3/lib/python3.9/site-packages/airflow/example_dags/example_dag_decorator.py
[2022-01-25 23:14:43,075] {logging_mixin.py:109} INFO - [2022-01-25 23:14:43,075] {dag.py:2396} INFO - Sync 1 DAGs
[2022-01-25 23:14:43,083] {logging_mixin.py:109} INFO - [2022-01-25 23:14:43,083] {dag.py:2935} INFO - Setting next_dagrun for example_dag_decorator to None
[2022-01-25 23:14:43,090] {processor.py:171} INFO - Processing /Users/chang/opt/anaconda3/lib/python3.9/site-packages/airflow/example_dags/example_dag_decorator.py took 0.300 seconds
[2022-01-25 23:16:11,640] {processor.py:163} INFO - Started process (PID=19739) to work on /Users/chang/opt/anaconda3/lib/python3.9/site-packages/airflow/example_dags/example_dag_decorator.py
[2022-01-25 23:16:11,642] {processor.py:642} INFO - Processing file /Users/chang/opt/anaconda3/lib/python3.9/site-packages/airflow/example_dags/example_dag_decorator.py for tasks to queue
[2022-01-25 23:16:11,642] {logging_mixin.py:109} INFO - [2022-01-25 23:16:11,642] {dagbag.py:500} INFO - Filling up the DagBag from /Users/chang/opt/anaconda3/lib/python3.9/site-packages/airflow/example_dags/example_dag_decorator.py
[2022-01-25 23:16:11,710] {processor.py:654} INFO - DAG(s) dict_keys(['example_dag_decorator']) retrieved from /Users/chang/opt/anaconda3/lib/python3.9/site-packages/airflow/example_dags/example_dag_decorator.py
[2022-01-25 23:16:11,998] {logging_mixin.py:109} INFO - [2022-01-25 23:16:11,998] {dag.py:2396} INFO - Sync 1 DAGs
[2022-01-25 23:16:12,005] {logging_mixin.py:109} INFO - [2022-01-25 23:16:12,005] {dag.py:2935} INFO - Setting next_dagrun for example_dag_decorator to None
[2022-01-25 23:16:12,013] {processor.py:171} INFO - Processing /Users/chang/opt/anaconda3/lib/python3.9/site-packages/airflow/example_dags/example_dag_decorator.py took 0.373 seconds
[2022-01-25 23:17:39,723] {processor.py:163} INFO - Started process (PID=19819) to work on /Users/chang/opt/anaconda3/lib/python3.9/site-packages/airflow/example_dags/example_dag_decorator.py
[2022-01-25 23:17:39,724] {processor.py:642} INFO - Processing file /Users/chang/opt/anaconda3/lib/python3.9/site-packages/airflow/example_dags/example_dag_decorator.py for tasks to queue
[2022-01-25 23:17:39,725] {logging_mixin.py:109} INFO - [2022-01-25 23:17:39,725] {dagbag.py:500} INFO - Filling up the DagBag from /Users/chang/opt/anaconda3/lib/python3.9/site-packages/airflow/example_dags/example_dag_decorator.py
[2022-01-25 23:17:39,768] {processor.py:654} INFO - DAG(s) dict_keys(['example_dag_decorator']) retrieved from /Users/chang/opt/anaconda3/lib/python3.9/site-packages/airflow/example_dags/example_dag_decorator.py
[2022-01-25 23:17:40,046] {logging_mixin.py:109} INFO - [2022-01-25 23:17:40,046] {dag.py:2396} INFO - Sync 1 DAGs
[2022-01-25 23:17:40,057] {logging_mixin.py:109} INFO - [2022-01-25 23:17:40,057] {dag.py:2935} INFO - Setting next_dagrun for example_dag_decorator to None
[2022-01-25 23:17:40,066] {processor.py:171} INFO - Processing /Users/chang/opt/anaconda3/lib/python3.9/site-packages/airflow/example_dags/example_dag_decorator.py took 0.344 seconds
[2022-01-25 23:19:13,452] {processor.py:163} INFO - Started process (PID=19867) to work on /Users/chang/opt/anaconda3/lib/python3.9/site-packages/airflow/example_dags/example_dag_decorator.py
[2022-01-25 23:19:13,453] {processor.py:642} INFO - Processing file /Users/chang/opt/anaconda3/lib/python3.9/site-packages/airflow/example_dags/example_dag_decorator.py for tasks to queue
[2022-01-25 23:19:13,454] {logging_mixin.py:109} INFO - [2022-01-25 23:19:13,454] {dagbag.py:500} INFO - Filling up the DagBag from /Users/chang/opt/anaconda3/lib/python3.9/site-packages/airflow/example_dags/example_dag_decorator.py
[2022-01-25 23:19:13,505] {processor.py:654} INFO - DAG(s) dict_keys(['example_dag_decorator']) retrieved from /Users/chang/opt/anaconda3/lib/python3.9/site-packages/airflow/example_dags/example_dag_decorator.py
[2022-01-25 23:19:13,710] {logging_mixin.py:109} INFO - [2022-01-25 23:19:13,710] {dag.py:2396} INFO - Sync 1 DAGs
[2022-01-25 23:19:13,717] {logging_mixin.py:109} INFO - [2022-01-25 23:19:13,717] {dag.py:2935} INFO - Setting next_dagrun for example_dag_decorator to None
[2022-01-25 23:19:13,723] {processor.py:171} INFO - Processing /Users/chang/opt/anaconda3/lib/python3.9/site-packages/airflow/example_dags/example_dag_decorator.py took 0.271 seconds
[2022-01-25 23:20:43,019] {processor.py:163} INFO - Started process (PID=19900) to work on /Users/chang/opt/anaconda3/lib/python3.9/site-packages/airflow/example_dags/example_dag_decorator.py
[2022-01-25 23:20:43,020] {processor.py:642} INFO - Processing file /Users/chang/opt/anaconda3/lib/python3.9/site-packages/airflow/example_dags/example_dag_decorator.py for tasks to queue
[2022-01-25 23:20:43,021] {logging_mixin.py:109} INFO - [2022-01-25 23:20:43,021] {dagbag.py:500} INFO - Filling up the DagBag from /Users/chang/opt/anaconda3/lib/python3.9/site-packages/airflow/example_dags/example_dag_decorator.py
[2022-01-25 23:20:43,064] {processor.py:654} INFO - DAG(s) dict_keys(['example_dag_decorator']) retrieved from /Users/chang/opt/anaconda3/lib/python3.9/site-packages/airflow/example_dags/example_dag_decorator.py
[2022-01-25 23:20:43,240] {logging_mixin.py:109} INFO - [2022-01-25 23:20:43,240] {dag.py:2396} INFO - Sync 1 DAGs
[2022-01-25 23:20:43,248] {logging_mixin.py:109} INFO - [2022-01-25 23:20:43,248] {dag.py:2935} INFO - Setting next_dagrun for example_dag_decorator to None
[2022-01-25 23:20:43,255] {processor.py:171} INFO - Processing /Users/chang/opt/anaconda3/lib/python3.9/site-packages/airflow/example_dags/example_dag_decorator.py took 0.236 seconds
[2022-01-25 23:22:19,965] {processor.py:163} INFO - Started process (PID=19957) to work on /Users/chang/opt/anaconda3/lib/python3.9/site-packages/airflow/example_dags/example_dag_decorator.py
[2022-01-25 23:22:19,966] {processor.py:642} INFO - Processing file /Users/chang/opt/anaconda3/lib/python3.9/site-packages/airflow/example_dags/example_dag_decorator.py for tasks to queue
[2022-01-25 23:22:19,966] {logging_mixin.py:109} INFO - [2022-01-25 23:22:19,966] {dagbag.py:500} INFO - Filling up the DagBag from /Users/chang/opt/anaconda3/lib/python3.9/site-packages/airflow/example_dags/example_dag_decorator.py
[2022-01-25 23:22:20,018] {processor.py:654} INFO - DAG(s) dict_keys(['example_dag_decorator']) retrieved from /Users/chang/opt/anaconda3/lib/python3.9/site-packages/airflow/example_dags/example_dag_decorator.py
[2022-01-25 23:22:20,280] {logging_mixin.py:109} INFO - [2022-01-25 23:22:20,280] {dag.py:2396} INFO - Sync 1 DAGs
[2022-01-25 23:22:20,287] {logging_mixin.py:109} INFO - [2022-01-25 23:22:20,287] {dag.py:2935} INFO - Setting next_dagrun for example_dag_decorator to None
[2022-01-25 23:22:20,293] {processor.py:171} INFO - Processing /Users/chang/opt/anaconda3/lib/python3.9/site-packages/airflow/example_dags/example_dag_decorator.py took 0.329 seconds
[2022-01-25 23:23:51,127] {processor.py:163} INFO - Started process (PID=20006) to work on /Users/chang/opt/anaconda3/lib/python3.9/site-packages/airflow/example_dags/example_dag_decorator.py
[2022-01-25 23:23:51,128] {processor.py:642} INFO - Processing file /Users/chang/opt/anaconda3/lib/python3.9/site-packages/airflow/example_dags/example_dag_decorator.py for tasks to queue
[2022-01-25 23:23:51,128] {logging_mixin.py:109} INFO - [2022-01-25 23:23:51,128] {dagbag.py:500} INFO - Filling up the DagBag from /Users/chang/opt/anaconda3/lib/python3.9/site-packages/airflow/example_dags/example_dag_decorator.py
[2022-01-25 23:23:51,180] {processor.py:654} INFO - DAG(s) dict_keys(['example_dag_decorator']) retrieved from /Users/chang/opt/anaconda3/lib/python3.9/site-packages/airflow/example_dags/example_dag_decorator.py
[2022-01-25 23:23:51,439] {logging_mixin.py:109} INFO - [2022-01-25 23:23:51,439] {dag.py:2396} INFO - Sync 1 DAGs
[2022-01-25 23:23:51,446] {logging_mixin.py:109} INFO - [2022-01-25 23:23:51,446] {dag.py:2935} INFO - Setting next_dagrun for example_dag_decorator to None
[2022-01-25 23:23:51,452] {processor.py:171} INFO - Processing /Users/chang/opt/anaconda3/lib/python3.9/site-packages/airflow/example_dags/example_dag_decorator.py took 0.326 seconds
[2022-01-25 23:25:20,968] {processor.py:163} INFO - Started process (PID=20042) to work on /Users/chang/opt/anaconda3/lib/python3.9/site-packages/airflow/example_dags/example_dag_decorator.py
[2022-01-25 23:25:20,969] {processor.py:642} INFO - Processing file /Users/chang/opt/anaconda3/lib/python3.9/site-packages/airflow/example_dags/example_dag_decorator.py for tasks to queue
[2022-01-25 23:25:20,970] {logging_mixin.py:109} INFO - [2022-01-25 23:25:20,969] {dagbag.py:500} INFO - Filling up the DagBag from /Users/chang/opt/anaconda3/lib/python3.9/site-packages/airflow/example_dags/example_dag_decorator.py
[2022-01-25 23:25:21,011] {processor.py:654} INFO - DAG(s) dict_keys(['example_dag_decorator']) retrieved from /Users/chang/opt/anaconda3/lib/python3.9/site-packages/airflow/example_dags/example_dag_decorator.py
[2022-01-25 23:25:21,195] {logging_mixin.py:109} INFO - [2022-01-25 23:25:21,195] {dag.py:2396} INFO - Sync 1 DAGs
[2022-01-25 23:25:21,202] {logging_mixin.py:109} INFO - [2022-01-25 23:25:21,202] {dag.py:2935} INFO - Setting next_dagrun for example_dag_decorator to None
[2022-01-25 23:25:21,208] {processor.py:171} INFO - Processing /Users/chang/opt/anaconda3/lib/python3.9/site-packages/airflow/example_dags/example_dag_decorator.py took 0.241 seconds
[2022-01-25 23:26:54,142] {processor.py:163} INFO - Started process (PID=20096) to work on /Users/chang/opt/anaconda3/lib/python3.9/site-packages/airflow/example_dags/example_dag_decorator.py
[2022-01-25 23:26:54,144] {processor.py:642} INFO - Processing file /Users/chang/opt/anaconda3/lib/python3.9/site-packages/airflow/example_dags/example_dag_decorator.py for tasks to queue
[2022-01-25 23:26:54,145] {logging_mixin.py:109} INFO - [2022-01-25 23:26:54,144] {dagbag.py:500} INFO - Filling up the DagBag from /Users/chang/opt/anaconda3/lib/python3.9/site-packages/airflow/example_dags/example_dag_decorator.py
[2022-01-25 23:26:54,200] {processor.py:654} INFO - DAG(s) dict_keys(['example_dag_decorator']) retrieved from /Users/chang/opt/anaconda3/lib/python3.9/site-packages/airflow/example_dags/example_dag_decorator.py
[2022-01-25 23:26:54,449] {logging_mixin.py:109} INFO - [2022-01-25 23:26:54,449] {dag.py:2396} INFO - Sync 1 DAGs
[2022-01-25 23:26:54,460] {logging_mixin.py:109} INFO - [2022-01-25 23:26:54,459] {dag.py:2935} INFO - Setting next_dagrun for example_dag_decorator to None
[2022-01-25 23:26:54,467] {processor.py:171} INFO - Processing /Users/chang/opt/anaconda3/lib/python3.9/site-packages/airflow/example_dags/example_dag_decorator.py took 0.325 seconds
