[2022-01-25 23:13:30,825] {processor.py:163} INFO - Started process (PID=19574) to work on /Users/chang/opt/anaconda3/lib/python3.9/site-packages/airflow/example_dags/example_branch_datetime_operator.py
[2022-01-25 23:13:30,826] {processor.py:642} INFO - Processing file /Users/chang/opt/anaconda3/lib/python3.9/site-packages/airflow/example_dags/example_branch_datetime_operator.py for tasks to queue
[2022-01-25 23:13:30,826] {logging_mixin.py:109} INFO - [2022-01-25 23:13:30,826] {dagbag.py:500} INFO - Filling up the DagBag from /Users/chang/opt/anaconda3/lib/python3.9/site-packages/airflow/example_dags/example_branch_datetime_operator.py
[2022-01-25 23:13:30,856] {processor.py:654} INFO - DAG(s) dict_keys(['example_branch_datetime_operator_2']) retrieved from /Users/chang/opt/anaconda3/lib/python3.9/site-packages/airflow/example_dags/example_branch_datetime_operator.py
[2022-01-25 23:13:30,872] {logging_mixin.py:109} INFO - [2022-01-25 23:13:30,872] {dag.py:2396} INFO - Sync 1 DAGs
[2022-01-25 23:13:30,880] {logging_mixin.py:109} INFO - [2022-01-25 23:13:30,880] {dag.py:2935} INFO - Setting next_dagrun for example_branch_datetime_operator_2 to 2022-01-24 00:00:00+00:00
[2022-01-25 23:13:30,885] {processor.py:171} INFO - Processing /Users/chang/opt/anaconda3/lib/python3.9/site-packages/airflow/example_dags/example_branch_datetime_operator.py took 0.061 seconds
[2022-01-25 23:14:59,239] {processor.py:163} INFO - Started process (PID=19670) to work on /Users/chang/opt/anaconda3/lib/python3.9/site-packages/airflow/example_dags/example_branch_datetime_operator.py
[2022-01-25 23:14:59,239] {processor.py:642} INFO - Processing file /Users/chang/opt/anaconda3/lib/python3.9/site-packages/airflow/example_dags/example_branch_datetime_operator.py for tasks to queue
[2022-01-25 23:14:59,240] {logging_mixin.py:109} INFO - [2022-01-25 23:14:59,239] {dagbag.py:500} INFO - Filling up the DagBag from /Users/chang/opt/anaconda3/lib/python3.9/site-packages/airflow/example_dags/example_branch_datetime_operator.py
[2022-01-25 23:14:59,268] {processor.py:654} INFO - DAG(s) dict_keys(['example_branch_datetime_operator_2']) retrieved from /Users/chang/opt/anaconda3/lib/python3.9/site-packages/airflow/example_dags/example_branch_datetime_operator.py
[2022-01-25 23:14:59,283] {logging_mixin.py:109} INFO - [2022-01-25 23:14:59,283] {dag.py:2396} INFO - Sync 1 DAGs
[2022-01-25 23:14:59,291] {logging_mixin.py:109} INFO - [2022-01-25 23:14:59,291] {dag.py:2935} INFO - Setting next_dagrun for example_branch_datetime_operator_2 to 2022-01-24 00:00:00+00:00
[2022-01-25 23:14:59,296] {processor.py:171} INFO - Processing /Users/chang/opt/anaconda3/lib/python3.9/site-packages/airflow/example_dags/example_branch_datetime_operator.py took 0.058 seconds
[2022-01-25 23:16:27,135] {processor.py:163} INFO - Started process (PID=19747) to work on /Users/chang/opt/anaconda3/lib/python3.9/site-packages/airflow/example_dags/example_branch_datetime_operator.py
[2022-01-25 23:16:27,136] {processor.py:642} INFO - Processing file /Users/chang/opt/anaconda3/lib/python3.9/site-packages/airflow/example_dags/example_branch_datetime_operator.py for tasks to queue
[2022-01-25 23:16:27,137] {logging_mixin.py:109} INFO - [2022-01-25 23:16:27,137] {dagbag.py:500} INFO - Filling up the DagBag from /Users/chang/opt/anaconda3/lib/python3.9/site-packages/airflow/example_dags/example_branch_datetime_operator.py
[2022-01-25 23:16:27,164] {processor.py:654} INFO - DAG(s) dict_keys(['example_branch_datetime_operator_2']) retrieved from /Users/chang/opt/anaconda3/lib/python3.9/site-packages/airflow/example_dags/example_branch_datetime_operator.py
[2022-01-25 23:16:27,179] {logging_mixin.py:109} INFO - [2022-01-25 23:16:27,179] {dag.py:2396} INFO - Sync 1 DAGs
[2022-01-25 23:16:27,187] {logging_mixin.py:109} INFO - [2022-01-25 23:16:27,187] {dag.py:2935} INFO - Setting next_dagrun for example_branch_datetime_operator_2 to 2022-01-24 00:00:00+00:00
[2022-01-25 23:16:27,193] {processor.py:171} INFO - Processing /Users/chang/opt/anaconda3/lib/python3.9/site-packages/airflow/example_dags/example_branch_datetime_operator.py took 0.058 seconds
[2022-01-25 23:17:57,114] {processor.py:163} INFO - Started process (PID=19830) to work on /Users/chang/opt/anaconda3/lib/python3.9/site-packages/airflow/example_dags/example_branch_datetime_operator.py
[2022-01-25 23:17:57,116] {processor.py:642} INFO - Processing file /Users/chang/opt/anaconda3/lib/python3.9/site-packages/airflow/example_dags/example_branch_datetime_operator.py for tasks to queue
[2022-01-25 23:17:57,116] {logging_mixin.py:109} INFO - [2022-01-25 23:17:57,116] {dagbag.py:500} INFO - Filling up the DagBag from /Users/chang/opt/anaconda3/lib/python3.9/site-packages/airflow/example_dags/example_branch_datetime_operator.py
[2022-01-25 23:17:57,144] {processor.py:654} INFO - DAG(s) dict_keys(['example_branch_datetime_operator_2']) retrieved from /Users/chang/opt/anaconda3/lib/python3.9/site-packages/airflow/example_dags/example_branch_datetime_operator.py
[2022-01-25 23:17:57,158] {logging_mixin.py:109} INFO - [2022-01-25 23:17:57,158] {dag.py:2396} INFO - Sync 1 DAGs
[2022-01-25 23:17:57,166] {logging_mixin.py:109} INFO - [2022-01-25 23:17:57,166] {dag.py:2935} INFO - Setting next_dagrun for example_branch_datetime_operator_2 to 2022-01-24 00:00:00+00:00
[2022-01-25 23:17:57,171] {processor.py:171} INFO - Processing /Users/chang/opt/anaconda3/lib/python3.9/site-packages/airflow/example_dags/example_branch_datetime_operator.py took 0.058 seconds
[2022-01-25 23:19:29,556] {processor.py:163} INFO - Started process (PID=19873) to work on /Users/chang/opt/anaconda3/lib/python3.9/site-packages/airflow/example_dags/example_branch_datetime_operator.py
[2022-01-25 23:19:29,556] {processor.py:642} INFO - Processing file /Users/chang/opt/anaconda3/lib/python3.9/site-packages/airflow/example_dags/example_branch_datetime_operator.py for tasks to queue
[2022-01-25 23:19:29,557] {logging_mixin.py:109} INFO - [2022-01-25 23:19:29,556] {dagbag.py:500} INFO - Filling up the DagBag from /Users/chang/opt/anaconda3/lib/python3.9/site-packages/airflow/example_dags/example_branch_datetime_operator.py
[2022-01-25 23:19:29,586] {processor.py:654} INFO - DAG(s) dict_keys(['example_branch_datetime_operator_2']) retrieved from /Users/chang/opt/anaconda3/lib/python3.9/site-packages/airflow/example_dags/example_branch_datetime_operator.py
[2022-01-25 23:19:29,601] {logging_mixin.py:109} INFO - [2022-01-25 23:19:29,600] {dag.py:2396} INFO - Sync 1 DAGs
[2022-01-25 23:19:29,609] {logging_mixin.py:109} INFO - [2022-01-25 23:19:29,609] {dag.py:2935} INFO - Setting next_dagrun for example_branch_datetime_operator_2 to 2022-01-24 00:00:00+00:00
[2022-01-25 23:19:29,615] {processor.py:171} INFO - Processing /Users/chang/opt/anaconda3/lib/python3.9/site-packages/airflow/example_dags/example_branch_datetime_operator.py took 0.060 seconds
[2022-01-25 23:20:59,230] {processor.py:163} INFO - Started process (PID=19914) to work on /Users/chang/opt/anaconda3/lib/python3.9/site-packages/airflow/example_dags/example_branch_datetime_operator.py
[2022-01-25 23:20:59,231] {processor.py:642} INFO - Processing file /Users/chang/opt/anaconda3/lib/python3.9/site-packages/airflow/example_dags/example_branch_datetime_operator.py for tasks to queue
[2022-01-25 23:20:59,231] {logging_mixin.py:109} INFO - [2022-01-25 23:20:59,231] {dagbag.py:500} INFO - Filling up the DagBag from /Users/chang/opt/anaconda3/lib/python3.9/site-packages/airflow/example_dags/example_branch_datetime_operator.py
[2022-01-25 23:20:59,260] {processor.py:654} INFO - DAG(s) dict_keys(['example_branch_datetime_operator_2']) retrieved from /Users/chang/opt/anaconda3/lib/python3.9/site-packages/airflow/example_dags/example_branch_datetime_operator.py
[2022-01-25 23:20:59,275] {logging_mixin.py:109} INFO - [2022-01-25 23:20:59,275] {dag.py:2396} INFO - Sync 1 DAGs
[2022-01-25 23:20:59,283] {logging_mixin.py:109} INFO - [2022-01-25 23:20:59,283] {dag.py:2935} INFO - Setting next_dagrun for example_branch_datetime_operator_2 to 2022-01-24 00:00:00+00:00
[2022-01-25 23:20:59,289] {processor.py:171} INFO - Processing /Users/chang/opt/anaconda3/lib/python3.9/site-packages/airflow/example_dags/example_branch_datetime_operator.py took 0.060 seconds
[2022-01-25 23:22:36,859] {processor.py:163} INFO - Started process (PID=19968) to work on /Users/chang/opt/anaconda3/lib/python3.9/site-packages/airflow/example_dags/example_branch_datetime_operator.py
[2022-01-25 23:22:36,860] {processor.py:642} INFO - Processing file /Users/chang/opt/anaconda3/lib/python3.9/site-packages/airflow/example_dags/example_branch_datetime_operator.py for tasks to queue
[2022-01-25 23:22:36,860] {logging_mixin.py:109} INFO - [2022-01-25 23:22:36,860] {dagbag.py:500} INFO - Filling up the DagBag from /Users/chang/opt/anaconda3/lib/python3.9/site-packages/airflow/example_dags/example_branch_datetime_operator.py
[2022-01-25 23:22:36,889] {processor.py:654} INFO - DAG(s) dict_keys(['example_branch_datetime_operator_2']) retrieved from /Users/chang/opt/anaconda3/lib/python3.9/site-packages/airflow/example_dags/example_branch_datetime_operator.py
[2022-01-25 23:22:36,903] {logging_mixin.py:109} INFO - [2022-01-25 23:22:36,903] {dag.py:2396} INFO - Sync 1 DAGs
[2022-01-25 23:22:36,912] {logging_mixin.py:109} INFO - [2022-01-25 23:22:36,912] {dag.py:2935} INFO - Setting next_dagrun for example_branch_datetime_operator_2 to 2022-01-24 00:00:00+00:00
[2022-01-25 23:22:36,918] {processor.py:171} INFO - Processing /Users/chang/opt/anaconda3/lib/python3.9/site-packages/airflow/example_dags/example_branch_datetime_operator.py took 0.060 seconds
[2022-01-25 23:24:08,477] {processor.py:163} INFO - Started process (PID=20015) to work on /Users/chang/opt/anaconda3/lib/python3.9/site-packages/airflow/example_dags/example_branch_datetime_operator.py
[2022-01-25 23:24:08,478] {processor.py:642} INFO - Processing file /Users/chang/opt/anaconda3/lib/python3.9/site-packages/airflow/example_dags/example_branch_datetime_operator.py for tasks to queue
[2022-01-25 23:24:08,478] {logging_mixin.py:109} INFO - [2022-01-25 23:24:08,478] {dagbag.py:500} INFO - Filling up the DagBag from /Users/chang/opt/anaconda3/lib/python3.9/site-packages/airflow/example_dags/example_branch_datetime_operator.py
[2022-01-25 23:24:08,506] {processor.py:654} INFO - DAG(s) dict_keys(['example_branch_datetime_operator_2']) retrieved from /Users/chang/opt/anaconda3/lib/python3.9/site-packages/airflow/example_dags/example_branch_datetime_operator.py
[2022-01-25 23:24:08,520] {logging_mixin.py:109} INFO - [2022-01-25 23:24:08,520] {dag.py:2396} INFO - Sync 1 DAGs
[2022-01-25 23:24:08,528] {logging_mixin.py:109} INFO - [2022-01-25 23:24:08,528] {dag.py:2935} INFO - Setting next_dagrun for example_branch_datetime_operator_2 to 2022-01-24 00:00:00+00:00
[2022-01-25 23:24:08,536] {processor.py:171} INFO - Processing /Users/chang/opt/anaconda3/lib/python3.9/site-packages/airflow/example_dags/example_branch_datetime_operator.py took 0.059 seconds
[2022-01-25 23:25:37,987] {processor.py:163} INFO - Started process (PID=20057) to work on /Users/chang/opt/anaconda3/lib/python3.9/site-packages/airflow/example_dags/example_branch_datetime_operator.py
[2022-01-25 23:25:37,988] {processor.py:642} INFO - Processing file /Users/chang/opt/anaconda3/lib/python3.9/site-packages/airflow/example_dags/example_branch_datetime_operator.py for tasks to queue
[2022-01-25 23:25:37,988] {logging_mixin.py:109} INFO - [2022-01-25 23:25:37,988] {dagbag.py:500} INFO - Filling up the DagBag from /Users/chang/opt/anaconda3/lib/python3.9/site-packages/airflow/example_dags/example_branch_datetime_operator.py
[2022-01-25 23:25:38,022] {processor.py:654} INFO - DAG(s) dict_keys(['example_branch_datetime_operator_2']) retrieved from /Users/chang/opt/anaconda3/lib/python3.9/site-packages/airflow/example_dags/example_branch_datetime_operator.py
[2022-01-25 23:25:38,038] {logging_mixin.py:109} INFO - [2022-01-25 23:25:38,038] {dag.py:2396} INFO - Sync 1 DAGs
[2022-01-25 23:25:38,046] {logging_mixin.py:109} INFO - [2022-01-25 23:25:38,046] {dag.py:2935} INFO - Setting next_dagrun for example_branch_datetime_operator_2 to 2022-01-24 00:00:00+00:00
[2022-01-25 23:25:38,052] {processor.py:171} INFO - Processing /Users/chang/opt/anaconda3/lib/python3.9/site-packages/airflow/example_dags/example_branch_datetime_operator.py took 0.066 seconds
[2022-01-25 23:27:09,518] {processor.py:163} INFO - Started process (PID=20113) to work on /Users/chang/opt/anaconda3/lib/python3.9/site-packages/airflow/example_dags/example_branch_datetime_operator.py
[2022-01-25 23:27:09,519] {processor.py:642} INFO - Processing file /Users/chang/opt/anaconda3/lib/python3.9/site-packages/airflow/example_dags/example_branch_datetime_operator.py for tasks to queue
[2022-01-25 23:27:09,519] {logging_mixin.py:109} INFO - [2022-01-25 23:27:09,519] {dagbag.py:500} INFO - Filling up the DagBag from /Users/chang/opt/anaconda3/lib/python3.9/site-packages/airflow/example_dags/example_branch_datetime_operator.py
[2022-01-25 23:27:09,549] {processor.py:654} INFO - DAG(s) dict_keys(['example_branch_datetime_operator_2']) retrieved from /Users/chang/opt/anaconda3/lib/python3.9/site-packages/airflow/example_dags/example_branch_datetime_operator.py
[2022-01-25 23:27:09,565] {logging_mixin.py:109} INFO - [2022-01-25 23:27:09,565] {dag.py:2396} INFO - Sync 1 DAGs
[2022-01-25 23:27:09,574] {logging_mixin.py:109} INFO - [2022-01-25 23:27:09,573] {dag.py:2935} INFO - Setting next_dagrun for example_branch_datetime_operator_2 to 2022-01-24 00:00:00+00:00
[2022-01-25 23:27:09,579] {processor.py:171} INFO - Processing /Users/chang/opt/anaconda3/lib/python3.9/site-packages/airflow/example_dags/example_branch_datetime_operator.py took 0.061 seconds
