[2022-01-25 23:12:51,731] {processor.py:163} INFO - Started process (PID=19520) to work on /Users/chang/opt/anaconda3/lib/python3.9/site-packages/airflow/example_dags/example_python_operator.py
[2022-01-25 23:12:51,732] {processor.py:642} INFO - Processing file /Users/chang/opt/anaconda3/lib/python3.9/site-packages/airflow/example_dags/example_python_operator.py for tasks to queue
[2022-01-25 23:12:51,732] {logging_mixin.py:109} INFO - [2022-01-25 23:12:51,732] {dagbag.py:500} INFO - Filling up the DagBag from /Users/chang/opt/anaconda3/lib/python3.9/site-packages/airflow/example_dags/example_python_operator.py
[2022-01-25 23:12:51,750] {logging_mixin.py:109} INFO - [2022-01-25 23:12:51,750] {example_python_operator.py:67} WARNING - The virtalenv_python example task requires virtualenv, please install it.
[2022-01-25 23:12:51,773] {processor.py:654} INFO - DAG(s) dict_keys(['example_python_operator']) retrieved from /Users/chang/opt/anaconda3/lib/python3.9/site-packages/airflow/example_dags/example_python_operator.py
[2022-01-25 23:12:51,787] {logging_mixin.py:109} INFO - [2022-01-25 23:12:51,787] {dag.py:2396} INFO - Sync 1 DAGs
[2022-01-25 23:12:51,794] {logging_mixin.py:109} INFO - [2022-01-25 23:12:51,794] {dag.py:2935} INFO - Setting next_dagrun for example_python_operator to None
[2022-01-25 23:12:51,800] {processor.py:171} INFO - Processing /Users/chang/opt/anaconda3/lib/python3.9/site-packages/airflow/example_dags/example_python_operator.py took 0.069 seconds
[2022-01-25 23:14:23,590] {processor.py:163} INFO - Started process (PID=19646) to work on /Users/chang/opt/anaconda3/lib/python3.9/site-packages/airflow/example_dags/example_python_operator.py
[2022-01-25 23:14:23,591] {processor.py:642} INFO - Processing file /Users/chang/opt/anaconda3/lib/python3.9/site-packages/airflow/example_dags/example_python_operator.py for tasks to queue
[2022-01-25 23:14:23,591] {logging_mixin.py:109} INFO - [2022-01-25 23:14:23,591] {dagbag.py:500} INFO - Filling up the DagBag from /Users/chang/opt/anaconda3/lib/python3.9/site-packages/airflow/example_dags/example_python_operator.py
[2022-01-25 23:14:23,609] {logging_mixin.py:109} INFO - [2022-01-25 23:14:23,609] {example_python_operator.py:67} WARNING - The virtalenv_python example task requires virtualenv, please install it.
[2022-01-25 23:14:23,632] {processor.py:654} INFO - DAG(s) dict_keys(['example_python_operator']) retrieved from /Users/chang/opt/anaconda3/lib/python3.9/site-packages/airflow/example_dags/example_python_operator.py
[2022-01-25 23:14:23,646] {logging_mixin.py:109} INFO - [2022-01-25 23:14:23,646] {dag.py:2396} INFO - Sync 1 DAGs
[2022-01-25 23:14:23,653] {logging_mixin.py:109} INFO - [2022-01-25 23:14:23,653] {dag.py:2935} INFO - Setting next_dagrun for example_python_operator to None
[2022-01-25 23:14:23,659] {processor.py:171} INFO - Processing /Users/chang/opt/anaconda3/lib/python3.9/site-packages/airflow/example_dags/example_python_operator.py took 0.069 seconds
[2022-01-25 23:15:51,502] {processor.py:163} INFO - Started process (PID=19713) to work on /Users/chang/opt/anaconda3/lib/python3.9/site-packages/airflow/example_dags/example_python_operator.py
[2022-01-25 23:15:51,503] {processor.py:642} INFO - Processing file /Users/chang/opt/anaconda3/lib/python3.9/site-packages/airflow/example_dags/example_python_operator.py for tasks to queue
[2022-01-25 23:15:51,503] {logging_mixin.py:109} INFO - [2022-01-25 23:15:51,503] {dagbag.py:500} INFO - Filling up the DagBag from /Users/chang/opt/anaconda3/lib/python3.9/site-packages/airflow/example_dags/example_python_operator.py
[2022-01-25 23:15:51,521] {logging_mixin.py:109} INFO - [2022-01-25 23:15:51,521] {example_python_operator.py:67} WARNING - The virtalenv_python example task requires virtualenv, please install it.
[2022-01-25 23:15:51,544] {processor.py:654} INFO - DAG(s) dict_keys(['example_python_operator']) retrieved from /Users/chang/opt/anaconda3/lib/python3.9/site-packages/airflow/example_dags/example_python_operator.py
[2022-01-25 23:15:51,558] {logging_mixin.py:109} INFO - [2022-01-25 23:15:51,558] {dag.py:2396} INFO - Sync 1 DAGs
[2022-01-25 23:15:51,565] {logging_mixin.py:109} INFO - [2022-01-25 23:15:51,565] {dag.py:2935} INFO - Setting next_dagrun for example_python_operator to None
[2022-01-25 23:15:51,570] {processor.py:171} INFO - Processing /Users/chang/opt/anaconda3/lib/python3.9/site-packages/airflow/example_dags/example_python_operator.py took 0.069 seconds
[2022-01-25 23:17:19,082] {processor.py:163} INFO - Started process (PID=19801) to work on /Users/chang/opt/anaconda3/lib/python3.9/site-packages/airflow/example_dags/example_python_operator.py
[2022-01-25 23:17:19,083] {processor.py:642} INFO - Processing file /Users/chang/opt/anaconda3/lib/python3.9/site-packages/airflow/example_dags/example_python_operator.py for tasks to queue
[2022-01-25 23:17:19,084] {logging_mixin.py:109} INFO - [2022-01-25 23:17:19,083] {dagbag.py:500} INFO - Filling up the DagBag from /Users/chang/opt/anaconda3/lib/python3.9/site-packages/airflow/example_dags/example_python_operator.py
[2022-01-25 23:17:19,102] {logging_mixin.py:109} INFO - [2022-01-25 23:17:19,102] {example_python_operator.py:67} WARNING - The virtalenv_python example task requires virtualenv, please install it.
[2022-01-25 23:17:19,127] {processor.py:654} INFO - DAG(s) dict_keys(['example_python_operator']) retrieved from /Users/chang/opt/anaconda3/lib/python3.9/site-packages/airflow/example_dags/example_python_operator.py
[2022-01-25 23:17:19,141] {logging_mixin.py:109} INFO - [2022-01-25 23:17:19,141] {dag.py:2396} INFO - Sync 1 DAGs
[2022-01-25 23:17:19,148] {logging_mixin.py:109} INFO - [2022-01-25 23:17:19,148] {dag.py:2935} INFO - Setting next_dagrun for example_python_operator to None
[2022-01-25 23:17:19,154] {processor.py:171} INFO - Processing /Users/chang/opt/anaconda3/lib/python3.9/site-packages/airflow/example_dags/example_python_operator.py took 0.072 seconds
[2022-01-25 23:18:54,617] {processor.py:163} INFO - Started process (PID=19852) to work on /Users/chang/opt/anaconda3/lib/python3.9/site-packages/airflow/example_dags/example_python_operator.py
[2022-01-25 23:18:54,618] {processor.py:642} INFO - Processing file /Users/chang/opt/anaconda3/lib/python3.9/site-packages/airflow/example_dags/example_python_operator.py for tasks to queue
[2022-01-25 23:18:54,618] {logging_mixin.py:109} INFO - [2022-01-25 23:18:54,618] {dagbag.py:500} INFO - Filling up the DagBag from /Users/chang/opt/anaconda3/lib/python3.9/site-packages/airflow/example_dags/example_python_operator.py
[2022-01-25 23:18:54,636] {logging_mixin.py:109} INFO - [2022-01-25 23:18:54,636] {example_python_operator.py:67} WARNING - The virtalenv_python example task requires virtualenv, please install it.
[2022-01-25 23:18:54,659] {processor.py:654} INFO - DAG(s) dict_keys(['example_python_operator']) retrieved from /Users/chang/opt/anaconda3/lib/python3.9/site-packages/airflow/example_dags/example_python_operator.py
[2022-01-25 23:18:54,673] {logging_mixin.py:109} INFO - [2022-01-25 23:18:54,673] {dag.py:2396} INFO - Sync 1 DAGs
[2022-01-25 23:18:54,681] {logging_mixin.py:109} INFO - [2022-01-25 23:18:54,680] {dag.py:2935} INFO - Setting next_dagrun for example_python_operator to None
[2022-01-25 23:18:54,686] {processor.py:171} INFO - Processing /Users/chang/opt/anaconda3/lib/python3.9/site-packages/airflow/example_dags/example_python_operator.py took 0.069 seconds
[2022-01-25 23:20:24,335] {processor.py:163} INFO - Started process (PID=19893) to work on /Users/chang/opt/anaconda3/lib/python3.9/site-packages/airflow/example_dags/example_python_operator.py
[2022-01-25 23:20:24,336] {processor.py:642} INFO - Processing file /Users/chang/opt/anaconda3/lib/python3.9/site-packages/airflow/example_dags/example_python_operator.py for tasks to queue
[2022-01-25 23:20:24,337] {logging_mixin.py:109} INFO - [2022-01-25 23:20:24,336] {dagbag.py:500} INFO - Filling up the DagBag from /Users/chang/opt/anaconda3/lib/python3.9/site-packages/airflow/example_dags/example_python_operator.py
[2022-01-25 23:20:24,354] {logging_mixin.py:109} INFO - [2022-01-25 23:20:24,354] {example_python_operator.py:67} WARNING - The virtalenv_python example task requires virtualenv, please install it.
[2022-01-25 23:20:24,376] {processor.py:654} INFO - DAG(s) dict_keys(['example_python_operator']) retrieved from /Users/chang/opt/anaconda3/lib/python3.9/site-packages/airflow/example_dags/example_python_operator.py
[2022-01-25 23:20:24,389] {logging_mixin.py:109} INFO - [2022-01-25 23:20:24,389] {dag.py:2396} INFO - Sync 1 DAGs
[2022-01-25 23:20:24,396] {logging_mixin.py:109} INFO - [2022-01-25 23:20:24,396] {dag.py:2935} INFO - Setting next_dagrun for example_python_operator to None
[2022-01-25 23:20:24,401] {processor.py:171} INFO - Processing /Users/chang/opt/anaconda3/lib/python3.9/site-packages/airflow/example_dags/example_python_operator.py took 0.067 seconds
[2022-01-25 23:22:00,088] {processor.py:163} INFO - Started process (PID=19950) to work on /Users/chang/opt/anaconda3/lib/python3.9/site-packages/airflow/example_dags/example_python_operator.py
[2022-01-25 23:22:00,090] {processor.py:642} INFO - Processing file /Users/chang/opt/anaconda3/lib/python3.9/site-packages/airflow/example_dags/example_python_operator.py for tasks to queue
[2022-01-25 23:22:00,091] {logging_mixin.py:109} INFO - [2022-01-25 23:22:00,090] {dagbag.py:500} INFO - Filling up the DagBag from /Users/chang/opt/anaconda3/lib/python3.9/site-packages/airflow/example_dags/example_python_operator.py
[2022-01-25 23:22:00,111] {logging_mixin.py:109} INFO - [2022-01-25 23:22:00,111] {example_python_operator.py:67} WARNING - The virtalenv_python example task requires virtualenv, please install it.
[2022-01-25 23:22:00,135] {processor.py:654} INFO - DAG(s) dict_keys(['example_python_operator']) retrieved from /Users/chang/opt/anaconda3/lib/python3.9/site-packages/airflow/example_dags/example_python_operator.py
[2022-01-25 23:22:00,149] {logging_mixin.py:109} INFO - [2022-01-25 23:22:00,149] {dag.py:2396} INFO - Sync 1 DAGs
[2022-01-25 23:22:00,156] {logging_mixin.py:109} INFO - [2022-01-25 23:22:00,156] {dag.py:2935} INFO - Setting next_dagrun for example_python_operator to None
[2022-01-25 23:22:00,162] {processor.py:171} INFO - Processing /Users/chang/opt/anaconda3/lib/python3.9/site-packages/airflow/example_dags/example_python_operator.py took 0.074 seconds
[2022-01-25 23:23:31,222] {processor.py:163} INFO - Started process (PID=19989) to work on /Users/chang/opt/anaconda3/lib/python3.9/site-packages/airflow/example_dags/example_python_operator.py
[2022-01-25 23:23:31,223] {processor.py:642} INFO - Processing file /Users/chang/opt/anaconda3/lib/python3.9/site-packages/airflow/example_dags/example_python_operator.py for tasks to queue
[2022-01-25 23:23:31,223] {logging_mixin.py:109} INFO - [2022-01-25 23:23:31,223] {dagbag.py:500} INFO - Filling up the DagBag from /Users/chang/opt/anaconda3/lib/python3.9/site-packages/airflow/example_dags/example_python_operator.py
[2022-01-25 23:23:31,242] {logging_mixin.py:109} INFO - [2022-01-25 23:23:31,242] {example_python_operator.py:67} WARNING - The virtalenv_python example task requires virtualenv, please install it.
[2022-01-25 23:23:31,265] {processor.py:654} INFO - DAG(s) dict_keys(['example_python_operator']) retrieved from /Users/chang/opt/anaconda3/lib/python3.9/site-packages/airflow/example_dags/example_python_operator.py
[2022-01-25 23:23:31,280] {logging_mixin.py:109} INFO - [2022-01-25 23:23:31,280] {dag.py:2396} INFO - Sync 1 DAGs
[2022-01-25 23:23:31,288] {logging_mixin.py:109} INFO - [2022-01-25 23:23:31,288] {dag.py:2935} INFO - Setting next_dagrun for example_python_operator to None
[2022-01-25 23:23:31,293] {processor.py:171} INFO - Processing /Users/chang/opt/anaconda3/lib/python3.9/site-packages/airflow/example_dags/example_python_operator.py took 0.072 seconds
[2022-01-25 23:25:02,293] {processor.py:163} INFO - Started process (PID=20035) to work on /Users/chang/opt/anaconda3/lib/python3.9/site-packages/airflow/example_dags/example_python_operator.py
[2022-01-25 23:25:02,294] {processor.py:642} INFO - Processing file /Users/chang/opt/anaconda3/lib/python3.9/site-packages/airflow/example_dags/example_python_operator.py for tasks to queue
[2022-01-25 23:25:02,294] {logging_mixin.py:109} INFO - [2022-01-25 23:25:02,294] {dagbag.py:500} INFO - Filling up the DagBag from /Users/chang/opt/anaconda3/lib/python3.9/site-packages/airflow/example_dags/example_python_operator.py
[2022-01-25 23:25:02,314] {logging_mixin.py:109} INFO - [2022-01-25 23:25:02,314] {example_python_operator.py:67} WARNING - The virtalenv_python example task requires virtualenv, please install it.
[2022-01-25 23:25:02,341] {processor.py:654} INFO - DAG(s) dict_keys(['example_python_operator']) retrieved from /Users/chang/opt/anaconda3/lib/python3.9/site-packages/airflow/example_dags/example_python_operator.py
[2022-01-25 23:25:02,356] {logging_mixin.py:109} INFO - [2022-01-25 23:25:02,356] {dag.py:2396} INFO - Sync 1 DAGs
[2022-01-25 23:25:02,363] {logging_mixin.py:109} INFO - [2022-01-25 23:25:02,363] {dag.py:2935} INFO - Setting next_dagrun for example_python_operator to None
[2022-01-25 23:25:02,369] {processor.py:171} INFO - Processing /Users/chang/opt/anaconda3/lib/python3.9/site-packages/airflow/example_dags/example_python_operator.py took 0.077 seconds
[2022-01-25 23:26:33,631] {processor.py:163} INFO - Started process (PID=20088) to work on /Users/chang/opt/anaconda3/lib/python3.9/site-packages/airflow/example_dags/example_python_operator.py
[2022-01-25 23:26:33,633] {processor.py:642} INFO - Processing file /Users/chang/opt/anaconda3/lib/python3.9/site-packages/airflow/example_dags/example_python_operator.py for tasks to queue
[2022-01-25 23:26:33,633] {logging_mixin.py:109} INFO - [2022-01-25 23:26:33,633] {dagbag.py:500} INFO - Filling up the DagBag from /Users/chang/opt/anaconda3/lib/python3.9/site-packages/airflow/example_dags/example_python_operator.py
[2022-01-25 23:26:33,653] {logging_mixin.py:109} INFO - [2022-01-25 23:26:33,653] {example_python_operator.py:67} WARNING - The virtalenv_python example task requires virtualenv, please install it.
[2022-01-25 23:26:33,689] {processor.py:654} INFO - DAG(s) dict_keys(['example_python_operator']) retrieved from /Users/chang/opt/anaconda3/lib/python3.9/site-packages/airflow/example_dags/example_python_operator.py
[2022-01-25 23:26:33,714] {logging_mixin.py:109} INFO - [2022-01-25 23:26:33,714] {dag.py:2396} INFO - Sync 1 DAGs
[2022-01-25 23:26:33,723] {logging_mixin.py:109} INFO - [2022-01-25 23:26:33,723] {dag.py:2935} INFO - Setting next_dagrun for example_python_operator to None
[2022-01-25 23:26:33,730] {processor.py:171} INFO - Processing /Users/chang/opt/anaconda3/lib/python3.9/site-packages/airflow/example_dags/example_python_operator.py took 0.099 seconds
[2022-01-25 23:28:07,567] {processor.py:163} INFO - Started process (PID=20363) to work on /Users/chang/opt/anaconda3/lib/python3.9/site-packages/airflow/example_dags/example_python_operator.py
[2022-01-25 23:28:07,568] {processor.py:642} INFO - Processing file /Users/chang/opt/anaconda3/lib/python3.9/site-packages/airflow/example_dags/example_python_operator.py for tasks to queue
[2022-01-25 23:28:07,568] {logging_mixin.py:109} INFO - [2022-01-25 23:28:07,568] {dagbag.py:500} INFO - Filling up the DagBag from /Users/chang/opt/anaconda3/lib/python3.9/site-packages/airflow/example_dags/example_python_operator.py
[2022-01-25 23:28:07,591] {logging_mixin.py:109} INFO - [2022-01-25 23:28:07,591] {example_python_operator.py:67} WARNING - The virtalenv_python example task requires virtualenv, please install it.
[2022-01-25 23:28:07,621] {processor.py:654} INFO - DAG(s) dict_keys(['example_python_operator']) retrieved from /Users/chang/opt/anaconda3/lib/python3.9/site-packages/airflow/example_dags/example_python_operator.py
[2022-01-25 23:28:07,639] {logging_mixin.py:109} INFO - [2022-01-25 23:28:07,638] {dag.py:2396} INFO - Sync 1 DAGs
[2022-01-25 23:28:07,649] {logging_mixin.py:109} INFO - [2022-01-25 23:28:07,648] {dag.py:2935} INFO - Setting next_dagrun for example_python_operator to None
[2022-01-25 23:28:07,655] {processor.py:171} INFO - Processing /Users/chang/opt/anaconda3/lib/python3.9/site-packages/airflow/example_dags/example_python_operator.py took 0.089 seconds
