[2022-01-25 23:13:16,701] {processor.py:163} INFO - Started process (PID=19539) to work on /Users/chang/opt/anaconda3/lib/python3.9/site-packages/airflow/example_dags/example_complex.py
[2022-01-25 23:13:16,702] {processor.py:642} INFO - Processing file /Users/chang/opt/anaconda3/lib/python3.9/site-packages/airflow/example_dags/example_complex.py for tasks to queue
[2022-01-25 23:13:16,702] {logging_mixin.py:109} INFO - [2022-01-25 23:13:16,702] {dagbag.py:500} INFO - Filling up the DagBag from /Users/chang/opt/anaconda3/lib/python3.9/site-packages/airflow/example_dags/example_complex.py
[2022-01-25 23:13:16,737] {processor.py:654} INFO - DAG(s) dict_keys(['example_complex']) retrieved from /Users/chang/opt/anaconda3/lib/python3.9/site-packages/airflow/example_dags/example_complex.py
[2022-01-25 23:13:16,759] {logging_mixin.py:109} INFO - [2022-01-25 23:13:16,759] {dag.py:2396} INFO - Sync 1 DAGs
[2022-01-25 23:13:16,767] {logging_mixin.py:109} INFO - [2022-01-25 23:13:16,767] {dag.py:2935} INFO - Setting next_dagrun for example_complex to None
[2022-01-25 23:13:16,774] {processor.py:171} INFO - Processing /Users/chang/opt/anaconda3/lib/python3.9/site-packages/airflow/example_dags/example_complex.py took 0.073 seconds
[2022-01-25 23:14:45,726] {processor.py:163} INFO - Started process (PID=19665) to work on /Users/chang/opt/anaconda3/lib/python3.9/site-packages/airflow/example_dags/example_complex.py
[2022-01-25 23:14:45,726] {processor.py:642} INFO - Processing file /Users/chang/opt/anaconda3/lib/python3.9/site-packages/airflow/example_dags/example_complex.py for tasks to queue
[2022-01-25 23:14:45,727] {logging_mixin.py:109} INFO - [2022-01-25 23:14:45,727] {dagbag.py:500} INFO - Filling up the DagBag from /Users/chang/opt/anaconda3/lib/python3.9/site-packages/airflow/example_dags/example_complex.py
[2022-01-25 23:14:45,762] {processor.py:654} INFO - DAG(s) dict_keys(['example_complex']) retrieved from /Users/chang/opt/anaconda3/lib/python3.9/site-packages/airflow/example_dags/example_complex.py
[2022-01-25 23:14:45,784] {logging_mixin.py:109} INFO - [2022-01-25 23:14:45,784] {dag.py:2396} INFO - Sync 1 DAGs
[2022-01-25 23:14:45,791] {logging_mixin.py:109} INFO - [2022-01-25 23:14:45,791] {dag.py:2935} INFO - Setting next_dagrun for example_complex to None
[2022-01-25 23:14:45,797] {processor.py:171} INFO - Processing /Users/chang/opt/anaconda3/lib/python3.9/site-packages/airflow/example_dags/example_complex.py took 0.072 seconds
[2022-01-25 23:16:15,024] {processor.py:163} INFO - Started process (PID=19741) to work on /Users/chang/opt/anaconda3/lib/python3.9/site-packages/airflow/example_dags/example_complex.py
[2022-01-25 23:16:15,025] {processor.py:642} INFO - Processing file /Users/chang/opt/anaconda3/lib/python3.9/site-packages/airflow/example_dags/example_complex.py for tasks to queue
[2022-01-25 23:16:15,026] {logging_mixin.py:109} INFO - [2022-01-25 23:16:15,026] {dagbag.py:500} INFO - Filling up the DagBag from /Users/chang/opt/anaconda3/lib/python3.9/site-packages/airflow/example_dags/example_complex.py
[2022-01-25 23:16:15,060] {processor.py:654} INFO - DAG(s) dict_keys(['example_complex']) retrieved from /Users/chang/opt/anaconda3/lib/python3.9/site-packages/airflow/example_dags/example_complex.py
[2022-01-25 23:16:15,078] {logging_mixin.py:109} INFO - [2022-01-25 23:16:15,078] {dag.py:2396} INFO - Sync 1 DAGs
[2022-01-25 23:16:15,085] {logging_mixin.py:109} INFO - [2022-01-25 23:16:15,085] {dag.py:2935} INFO - Setting next_dagrun for example_complex to None
[2022-01-25 23:16:15,091] {processor.py:171} INFO - Processing /Users/chang/opt/anaconda3/lib/python3.9/site-packages/airflow/example_dags/example_complex.py took 0.068 seconds
[2022-01-25 23:17:43,137] {processor.py:163} INFO - Started process (PID=19823) to work on /Users/chang/opt/anaconda3/lib/python3.9/site-packages/airflow/example_dags/example_complex.py
[2022-01-25 23:17:43,138] {processor.py:642} INFO - Processing file /Users/chang/opt/anaconda3/lib/python3.9/site-packages/airflow/example_dags/example_complex.py for tasks to queue
[2022-01-25 23:17:43,138] {logging_mixin.py:109} INFO - [2022-01-25 23:17:43,138] {dagbag.py:500} INFO - Filling up the DagBag from /Users/chang/opt/anaconda3/lib/python3.9/site-packages/airflow/example_dags/example_complex.py
[2022-01-25 23:17:43,170] {processor.py:654} INFO - DAG(s) dict_keys(['example_complex']) retrieved from /Users/chang/opt/anaconda3/lib/python3.9/site-packages/airflow/example_dags/example_complex.py
[2022-01-25 23:17:43,188] {logging_mixin.py:109} INFO - [2022-01-25 23:17:43,188] {dag.py:2396} INFO - Sync 1 DAGs
[2022-01-25 23:17:43,197] {logging_mixin.py:109} INFO - [2022-01-25 23:17:43,197] {dag.py:2935} INFO - Setting next_dagrun for example_complex to None
[2022-01-25 23:17:43,203] {processor.py:171} INFO - Processing /Users/chang/opt/anaconda3/lib/python3.9/site-packages/airflow/example_dags/example_complex.py took 0.067 seconds
[2022-01-25 23:19:16,307] {processor.py:163} INFO - Started process (PID=19868) to work on /Users/chang/opt/anaconda3/lib/python3.9/site-packages/airflow/example_dags/example_complex.py
[2022-01-25 23:19:16,308] {processor.py:642} INFO - Processing file /Users/chang/opt/anaconda3/lib/python3.9/site-packages/airflow/example_dags/example_complex.py for tasks to queue
[2022-01-25 23:19:16,309] {logging_mixin.py:109} INFO - [2022-01-25 23:19:16,309] {dagbag.py:500} INFO - Filling up the DagBag from /Users/chang/opt/anaconda3/lib/python3.9/site-packages/airflow/example_dags/example_complex.py
[2022-01-25 23:19:16,341] {processor.py:654} INFO - DAG(s) dict_keys(['example_complex']) retrieved from /Users/chang/opt/anaconda3/lib/python3.9/site-packages/airflow/example_dags/example_complex.py
[2022-01-25 23:19:16,359] {logging_mixin.py:109} INFO - [2022-01-25 23:19:16,359] {dag.py:2396} INFO - Sync 1 DAGs
[2022-01-25 23:19:16,366] {logging_mixin.py:109} INFO - [2022-01-25 23:19:16,366] {dag.py:2935} INFO - Setting next_dagrun for example_complex to None
[2022-01-25 23:19:16,371] {processor.py:171} INFO - Processing /Users/chang/opt/anaconda3/lib/python3.9/site-packages/airflow/example_dags/example_complex.py took 0.065 seconds
[2022-01-25 23:20:45,877] {processor.py:163} INFO - Started process (PID=19901) to work on /Users/chang/opt/anaconda3/lib/python3.9/site-packages/airflow/example_dags/example_complex.py
[2022-01-25 23:20:45,879] {processor.py:642} INFO - Processing file /Users/chang/opt/anaconda3/lib/python3.9/site-packages/airflow/example_dags/example_complex.py for tasks to queue
[2022-01-25 23:20:45,879] {logging_mixin.py:109} INFO - [2022-01-25 23:20:45,879] {dagbag.py:500} INFO - Filling up the DagBag from /Users/chang/opt/anaconda3/lib/python3.9/site-packages/airflow/example_dags/example_complex.py
[2022-01-25 23:20:45,912] {processor.py:654} INFO - DAG(s) dict_keys(['example_complex']) retrieved from /Users/chang/opt/anaconda3/lib/python3.9/site-packages/airflow/example_dags/example_complex.py
[2022-01-25 23:20:45,930] {logging_mixin.py:109} INFO - [2022-01-25 23:20:45,930] {dag.py:2396} INFO - Sync 1 DAGs
[2022-01-25 23:20:45,938] {logging_mixin.py:109} INFO - [2022-01-25 23:20:45,938] {dag.py:2935} INFO - Setting next_dagrun for example_complex to None
[2022-01-25 23:20:45,945] {processor.py:171} INFO - Processing /Users/chang/opt/anaconda3/lib/python3.9/site-packages/airflow/example_dags/example_complex.py took 0.068 seconds
[2022-01-25 23:22:22,772] {processor.py:163} INFO - Started process (PID=19963) to work on /Users/chang/opt/anaconda3/lib/python3.9/site-packages/airflow/example_dags/example_complex.py
[2022-01-25 23:22:22,773] {processor.py:642} INFO - Processing file /Users/chang/opt/anaconda3/lib/python3.9/site-packages/airflow/example_dags/example_complex.py for tasks to queue
[2022-01-25 23:22:22,773] {logging_mixin.py:109} INFO - [2022-01-25 23:22:22,773] {dagbag.py:500} INFO - Filling up the DagBag from /Users/chang/opt/anaconda3/lib/python3.9/site-packages/airflow/example_dags/example_complex.py
[2022-01-25 23:22:22,805] {processor.py:654} INFO - DAG(s) dict_keys(['example_complex']) retrieved from /Users/chang/opt/anaconda3/lib/python3.9/site-packages/airflow/example_dags/example_complex.py
[2022-01-25 23:22:22,826] {logging_mixin.py:109} INFO - [2022-01-25 23:22:22,826] {dag.py:2396} INFO - Sync 1 DAGs
[2022-01-25 23:22:22,833] {logging_mixin.py:109} INFO - [2022-01-25 23:22:22,833] {dag.py:2935} INFO - Setting next_dagrun for example_complex to None
[2022-01-25 23:22:22,838] {processor.py:171} INFO - Processing /Users/chang/opt/anaconda3/lib/python3.9/site-packages/airflow/example_dags/example_complex.py took 0.067 seconds
[2022-01-25 23:23:54,347] {processor.py:163} INFO - Started process (PID=20007) to work on /Users/chang/opt/anaconda3/lib/python3.9/site-packages/airflow/example_dags/example_complex.py
[2022-01-25 23:23:54,348] {processor.py:642} INFO - Processing file /Users/chang/opt/anaconda3/lib/python3.9/site-packages/airflow/example_dags/example_complex.py for tasks to queue
[2022-01-25 23:23:54,348] {logging_mixin.py:109} INFO - [2022-01-25 23:23:54,348] {dagbag.py:500} INFO - Filling up the DagBag from /Users/chang/opt/anaconda3/lib/python3.9/site-packages/airflow/example_dags/example_complex.py
[2022-01-25 23:23:54,381] {processor.py:654} INFO - DAG(s) dict_keys(['example_complex']) retrieved from /Users/chang/opt/anaconda3/lib/python3.9/site-packages/airflow/example_dags/example_complex.py
[2022-01-25 23:23:54,402] {logging_mixin.py:109} INFO - [2022-01-25 23:23:54,401] {dag.py:2396} INFO - Sync 1 DAGs
[2022-01-25 23:23:54,409] {logging_mixin.py:109} INFO - [2022-01-25 23:23:54,409] {dag.py:2935} INFO - Setting next_dagrun for example_complex to None
[2022-01-25 23:23:54,415] {processor.py:171} INFO - Processing /Users/chang/opt/anaconda3/lib/python3.9/site-packages/airflow/example_dags/example_complex.py took 0.069 seconds
[2022-01-25 23:25:23,792] {processor.py:163} INFO - Started process (PID=20043) to work on /Users/chang/opt/anaconda3/lib/python3.9/site-packages/airflow/example_dags/example_complex.py
[2022-01-25 23:25:23,793] {processor.py:642} INFO - Processing file /Users/chang/opt/anaconda3/lib/python3.9/site-packages/airflow/example_dags/example_complex.py for tasks to queue
[2022-01-25 23:25:23,793] {logging_mixin.py:109} INFO - [2022-01-25 23:25:23,793] {dagbag.py:500} INFO - Filling up the DagBag from /Users/chang/opt/anaconda3/lib/python3.9/site-packages/airflow/example_dags/example_complex.py
[2022-01-25 23:25:23,826] {processor.py:654} INFO - DAG(s) dict_keys(['example_complex']) retrieved from /Users/chang/opt/anaconda3/lib/python3.9/site-packages/airflow/example_dags/example_complex.py
[2022-01-25 23:25:23,844] {logging_mixin.py:109} INFO - [2022-01-25 23:25:23,844] {dag.py:2396} INFO - Sync 1 DAGs
[2022-01-25 23:25:23,851] {logging_mixin.py:109} INFO - [2022-01-25 23:25:23,851] {dag.py:2935} INFO - Setting next_dagrun for example_complex to None
[2022-01-25 23:25:23,856] {processor.py:171} INFO - Processing /Users/chang/opt/anaconda3/lib/python3.9/site-packages/airflow/example_dags/example_complex.py took 0.065 seconds
[2022-01-25 23:26:57,187] {processor.py:163} INFO - Started process (PID=20097) to work on /Users/chang/opt/anaconda3/lib/python3.9/site-packages/airflow/example_dags/example_complex.py
[2022-01-25 23:26:57,188] {processor.py:642} INFO - Processing file /Users/chang/opt/anaconda3/lib/python3.9/site-packages/airflow/example_dags/example_complex.py for tasks to queue
[2022-01-25 23:26:57,188] {logging_mixin.py:109} INFO - [2022-01-25 23:26:57,188] {dagbag.py:500} INFO - Filling up the DagBag from /Users/chang/opt/anaconda3/lib/python3.9/site-packages/airflow/example_dags/example_complex.py
[2022-01-25 23:26:57,226] {processor.py:654} INFO - DAG(s) dict_keys(['example_complex']) retrieved from /Users/chang/opt/anaconda3/lib/python3.9/site-packages/airflow/example_dags/example_complex.py
[2022-01-25 23:26:57,246] {logging_mixin.py:109} INFO - [2022-01-25 23:26:57,246] {dag.py:2396} INFO - Sync 1 DAGs
[2022-01-25 23:26:57,253] {logging_mixin.py:109} INFO - [2022-01-25 23:26:57,253] {dag.py:2935} INFO - Setting next_dagrun for example_complex to None
[2022-01-25 23:26:57,259] {processor.py:171} INFO - Processing /Users/chang/opt/anaconda3/lib/python3.9/site-packages/airflow/example_dags/example_complex.py took 0.073 seconds
