[2022-01-25 23:12:43,546] {processor.py:163} INFO - Started process (PID=19508) to work on /Users/chang/opt/anaconda3/lib/python3.9/site-packages/airflow/example_dags/example_sla_dag.py
[2022-01-25 23:12:43,547] {processor.py:642} INFO - Processing file /Users/chang/opt/anaconda3/lib/python3.9/site-packages/airflow/example_dags/example_sla_dag.py for tasks to queue
[2022-01-25 23:12:43,547] {logging_mixin.py:109} INFO - [2022-01-25 23:12:43,547] {dagbag.py:500} INFO - Filling up the DagBag from /Users/chang/opt/anaconda3/lib/python3.9/site-packages/airflow/example_dags/example_sla_dag.py
[2022-01-25 23:12:43,589] {processor.py:654} INFO - DAG(s) dict_keys(['example_sla_dag']) retrieved from /Users/chang/opt/anaconda3/lib/python3.9/site-packages/airflow/example_dags/example_sla_dag.py
[2022-01-25 23:12:43,603] {logging_mixin.py:109} INFO - [2022-01-25 23:12:43,603] {dag.py:2396} INFO - Sync 1 DAGs
[2022-01-25 23:12:43,612] {logging_mixin.py:109} INFO - [2022-01-25 23:12:43,612] {dag.py:2935} INFO - Setting next_dagrun for example_sla_dag to 2022-01-25T14:10:00+00:00
[2022-01-25 23:12:43,618] {processor.py:171} INFO - Processing /Users/chang/opt/anaconda3/lib/python3.9/site-packages/airflow/example_dags/example_sla_dag.py took 0.072 seconds
[2022-01-25 23:14:15,611] {processor.py:163} INFO - Started process (PID=19643) to work on /Users/chang/opt/anaconda3/lib/python3.9/site-packages/airflow/example_dags/example_sla_dag.py
[2022-01-25 23:14:15,612] {processor.py:642} INFO - Processing file /Users/chang/opt/anaconda3/lib/python3.9/site-packages/airflow/example_dags/example_sla_dag.py for tasks to queue
[2022-01-25 23:14:15,613] {logging_mixin.py:109} INFO - [2022-01-25 23:14:15,613] {dagbag.py:500} INFO - Filling up the DagBag from /Users/chang/opt/anaconda3/lib/python3.9/site-packages/airflow/example_dags/example_sla_dag.py
[2022-01-25 23:14:15,654] {processor.py:654} INFO - DAG(s) dict_keys(['example_sla_dag']) retrieved from /Users/chang/opt/anaconda3/lib/python3.9/site-packages/airflow/example_dags/example_sla_dag.py
[2022-01-25 23:14:15,668] {logging_mixin.py:109} INFO - [2022-01-25 23:14:15,668] {dag.py:2396} INFO - Sync 1 DAGs
[2022-01-25 23:14:15,677] {logging_mixin.py:109} INFO - [2022-01-25 23:14:15,677] {dag.py:2935} INFO - Setting next_dagrun for example_sla_dag to 2022-01-25T14:12:00+00:00
[2022-01-25 23:14:15,682] {processor.py:171} INFO - Processing /Users/chang/opt/anaconda3/lib/python3.9/site-packages/airflow/example_dags/example_sla_dag.py took 0.071 seconds
[2022-01-25 23:15:43,540] {processor.py:163} INFO - Started process (PID=19710) to work on /Users/chang/opt/anaconda3/lib/python3.9/site-packages/airflow/example_dags/example_sla_dag.py
[2022-01-25 23:15:43,541] {processor.py:642} INFO - Processing file /Users/chang/opt/anaconda3/lib/python3.9/site-packages/airflow/example_dags/example_sla_dag.py for tasks to queue
[2022-01-25 23:15:43,541] {logging_mixin.py:109} INFO - [2022-01-25 23:15:43,541] {dagbag.py:500} INFO - Filling up the DagBag from /Users/chang/opt/anaconda3/lib/python3.9/site-packages/airflow/example_dags/example_sla_dag.py
[2022-01-25 23:15:43,580] {processor.py:654} INFO - DAG(s) dict_keys(['example_sla_dag']) retrieved from /Users/chang/opt/anaconda3/lib/python3.9/site-packages/airflow/example_dags/example_sla_dag.py
[2022-01-25 23:15:43,594] {logging_mixin.py:109} INFO - [2022-01-25 23:15:43,594] {dag.py:2396} INFO - Sync 1 DAGs
[2022-01-25 23:15:43,603] {logging_mixin.py:109} INFO - [2022-01-25 23:15:43,603] {dag.py:2935} INFO - Setting next_dagrun for example_sla_dag to 2022-01-25T14:12:00+00:00
[2022-01-25 23:15:43,609] {processor.py:171} INFO - Processing /Users/chang/opt/anaconda3/lib/python3.9/site-packages/airflow/example_dags/example_sla_dag.py took 0.069 seconds
[2022-01-25 23:17:11,151] {processor.py:163} INFO - Started process (PID=19787) to work on /Users/chang/opt/anaconda3/lib/python3.9/site-packages/airflow/example_dags/example_sla_dag.py
[2022-01-25 23:17:11,152] {processor.py:642} INFO - Processing file /Users/chang/opt/anaconda3/lib/python3.9/site-packages/airflow/example_dags/example_sla_dag.py for tasks to queue
[2022-01-25 23:17:11,152] {logging_mixin.py:109} INFO - [2022-01-25 23:17:11,152] {dagbag.py:500} INFO - Filling up the DagBag from /Users/chang/opt/anaconda3/lib/python3.9/site-packages/airflow/example_dags/example_sla_dag.py
[2022-01-25 23:17:11,192] {processor.py:654} INFO - DAG(s) dict_keys(['example_sla_dag']) retrieved from /Users/chang/opt/anaconda3/lib/python3.9/site-packages/airflow/example_dags/example_sla_dag.py
[2022-01-25 23:17:11,205] {logging_mixin.py:109} INFO - [2022-01-25 23:17:11,205] {dag.py:2396} INFO - Sync 1 DAGs
[2022-01-25 23:17:11,214] {logging_mixin.py:109} INFO - [2022-01-25 23:17:11,214] {dag.py:2935} INFO - Setting next_dagrun for example_sla_dag to 2022-01-25T14:14:00+00:00
[2022-01-25 23:17:11,219] {processor.py:171} INFO - Processing /Users/chang/opt/anaconda3/lib/python3.9/site-packages/airflow/example_dags/example_sla_dag.py took 0.069 seconds
[2022-01-25 23:18:46,647] {processor.py:163} INFO - Started process (PID=19849) to work on /Users/chang/opt/anaconda3/lib/python3.9/site-packages/airflow/example_dags/example_sla_dag.py
[2022-01-25 23:18:46,648] {processor.py:642} INFO - Processing file /Users/chang/opt/anaconda3/lib/python3.9/site-packages/airflow/example_dags/example_sla_dag.py for tasks to queue
[2022-01-25 23:18:46,649] {logging_mixin.py:109} INFO - [2022-01-25 23:18:46,649] {dagbag.py:500} INFO - Filling up the DagBag from /Users/chang/opt/anaconda3/lib/python3.9/site-packages/airflow/example_dags/example_sla_dag.py
[2022-01-25 23:18:46,690] {processor.py:654} INFO - DAG(s) dict_keys(['example_sla_dag']) retrieved from /Users/chang/opt/anaconda3/lib/python3.9/site-packages/airflow/example_dags/example_sla_dag.py
[2022-01-25 23:18:46,705] {logging_mixin.py:109} INFO - [2022-01-25 23:18:46,705] {dag.py:2396} INFO - Sync 1 DAGs
[2022-01-25 23:18:46,713] {logging_mixin.py:109} INFO - [2022-01-25 23:18:46,713] {dag.py:2935} INFO - Setting next_dagrun for example_sla_dag to 2022-01-25T14:16:00+00:00
[2022-01-25 23:18:46,718] {processor.py:171} INFO - Processing /Users/chang/opt/anaconda3/lib/python3.9/site-packages/airflow/example_dags/example_sla_dag.py took 0.072 seconds
[2022-01-25 23:20:16,508] {processor.py:163} INFO - Started process (PID=19890) to work on /Users/chang/opt/anaconda3/lib/python3.9/site-packages/airflow/example_dags/example_sla_dag.py
[2022-01-25 23:20:16,509] {processor.py:642} INFO - Processing file /Users/chang/opt/anaconda3/lib/python3.9/site-packages/airflow/example_dags/example_sla_dag.py for tasks to queue
[2022-01-25 23:20:16,510] {logging_mixin.py:109} INFO - [2022-01-25 23:20:16,510] {dagbag.py:500} INFO - Filling up the DagBag from /Users/chang/opt/anaconda3/lib/python3.9/site-packages/airflow/example_dags/example_sla_dag.py
[2022-01-25 23:20:16,551] {processor.py:654} INFO - DAG(s) dict_keys(['example_sla_dag']) retrieved from /Users/chang/opt/anaconda3/lib/python3.9/site-packages/airflow/example_dags/example_sla_dag.py
[2022-01-25 23:20:16,564] {logging_mixin.py:109} INFO - [2022-01-25 23:20:16,564] {dag.py:2396} INFO - Sync 1 DAGs
[2022-01-25 23:20:16,573] {logging_mixin.py:109} INFO - [2022-01-25 23:20:16,573] {dag.py:2935} INFO - Setting next_dagrun for example_sla_dag to 2022-01-25T14:18:00+00:00
[2022-01-25 23:20:16,578] {processor.py:171} INFO - Processing /Users/chang/opt/anaconda3/lib/python3.9/site-packages/airflow/example_dags/example_sla_dag.py took 0.070 seconds
[2022-01-25 23:21:51,652] {processor.py:163} INFO - Started process (PID=19945) to work on /Users/chang/opt/anaconda3/lib/python3.9/site-packages/airflow/example_dags/example_sla_dag.py
[2022-01-25 23:21:51,653] {processor.py:642} INFO - Processing file /Users/chang/opt/anaconda3/lib/python3.9/site-packages/airflow/example_dags/example_sla_dag.py for tasks to queue
[2022-01-25 23:21:51,653] {logging_mixin.py:109} INFO - [2022-01-25 23:21:51,653] {dagbag.py:500} INFO - Filling up the DagBag from /Users/chang/opt/anaconda3/lib/python3.9/site-packages/airflow/example_dags/example_sla_dag.py
[2022-01-25 23:21:51,707] {processor.py:654} INFO - DAG(s) dict_keys(['example_sla_dag']) retrieved from /Users/chang/opt/anaconda3/lib/python3.9/site-packages/airflow/example_dags/example_sla_dag.py
[2022-01-25 23:21:51,723] {logging_mixin.py:109} INFO - [2022-01-25 23:21:51,723] {dag.py:2396} INFO - Sync 1 DAGs
[2022-01-25 23:21:51,733] {logging_mixin.py:109} INFO - [2022-01-25 23:21:51,733] {dag.py:2935} INFO - Setting next_dagrun for example_sla_dag to 2022-01-25T14:18:00+00:00
[2022-01-25 23:21:51,739] {processor.py:171} INFO - Processing /Users/chang/opt/anaconda3/lib/python3.9/site-packages/airflow/example_dags/example_sla_dag.py took 0.087 seconds
[2022-01-25 23:23:23,311] {processor.py:163} INFO - Started process (PID=19986) to work on /Users/chang/opt/anaconda3/lib/python3.9/site-packages/airflow/example_dags/example_sla_dag.py
[2022-01-25 23:23:23,312] {processor.py:642} INFO - Processing file /Users/chang/opt/anaconda3/lib/python3.9/site-packages/airflow/example_dags/example_sla_dag.py for tasks to queue
[2022-01-25 23:23:23,313] {logging_mixin.py:109} INFO - [2022-01-25 23:23:23,313] {dagbag.py:500} INFO - Filling up the DagBag from /Users/chang/opt/anaconda3/lib/python3.9/site-packages/airflow/example_dags/example_sla_dag.py
[2022-01-25 23:23:23,360] {processor.py:654} INFO - DAG(s) dict_keys(['example_sla_dag']) retrieved from /Users/chang/opt/anaconda3/lib/python3.9/site-packages/airflow/example_dags/example_sla_dag.py
[2022-01-25 23:23:23,376] {logging_mixin.py:109} INFO - [2022-01-25 23:23:23,375] {dag.py:2396} INFO - Sync 1 DAGs
[2022-01-25 23:23:23,386] {logging_mixin.py:109} INFO - [2022-01-25 23:23:23,386] {dag.py:2935} INFO - Setting next_dagrun for example_sla_dag to 2022-01-25T14:20:00+00:00
[2022-01-25 23:23:23,392] {processor.py:171} INFO - Processing /Users/chang/opt/anaconda3/lib/python3.9/site-packages/airflow/example_dags/example_sla_dag.py took 0.082 seconds
[2022-01-25 23:24:54,393] {processor.py:163} INFO - Started process (PID=20032) to work on /Users/chang/opt/anaconda3/lib/python3.9/site-packages/airflow/example_dags/example_sla_dag.py
[2022-01-25 23:24:54,394] {processor.py:642} INFO - Processing file /Users/chang/opt/anaconda3/lib/python3.9/site-packages/airflow/example_dags/example_sla_dag.py for tasks to queue
[2022-01-25 23:24:54,394] {logging_mixin.py:109} INFO - [2022-01-25 23:24:54,394] {dagbag.py:500} INFO - Filling up the DagBag from /Users/chang/opt/anaconda3/lib/python3.9/site-packages/airflow/example_dags/example_sla_dag.py
[2022-01-25 23:24:54,433] {processor.py:654} INFO - DAG(s) dict_keys(['example_sla_dag']) retrieved from /Users/chang/opt/anaconda3/lib/python3.9/site-packages/airflow/example_dags/example_sla_dag.py
[2022-01-25 23:24:54,446] {logging_mixin.py:109} INFO - [2022-01-25 23:24:54,446] {dag.py:2396} INFO - Sync 1 DAGs
[2022-01-25 23:24:54,454] {logging_mixin.py:109} INFO - [2022-01-25 23:24:54,454] {dag.py:2935} INFO - Setting next_dagrun for example_sla_dag to 2022-01-25T14:22:00+00:00
[2022-01-25 23:24:54,459] {processor.py:171} INFO - Processing /Users/chang/opt/anaconda3/lib/python3.9/site-packages/airflow/example_dags/example_sla_dag.py took 0.067 seconds
[2022-01-25 23:26:24,829] {processor.py:163} INFO - Started process (PID=20083) to work on /Users/chang/opt/anaconda3/lib/python3.9/site-packages/airflow/example_dags/example_sla_dag.py
[2022-01-25 23:26:24,830] {processor.py:642} INFO - Processing file /Users/chang/opt/anaconda3/lib/python3.9/site-packages/airflow/example_dags/example_sla_dag.py for tasks to queue
[2022-01-25 23:26:24,830] {logging_mixin.py:109} INFO - [2022-01-25 23:26:24,830] {dagbag.py:500} INFO - Filling up the DagBag from /Users/chang/opt/anaconda3/lib/python3.9/site-packages/airflow/example_dags/example_sla_dag.py
[2022-01-25 23:26:24,873] {processor.py:654} INFO - DAG(s) dict_keys(['example_sla_dag']) retrieved from /Users/chang/opt/anaconda3/lib/python3.9/site-packages/airflow/example_dags/example_sla_dag.py
[2022-01-25 23:26:24,887] {logging_mixin.py:109} INFO - [2022-01-25 23:26:24,887] {dag.py:2396} INFO - Sync 1 DAGs
[2022-01-25 23:26:24,896] {logging_mixin.py:109} INFO - [2022-01-25 23:26:24,896] {dag.py:2935} INFO - Setting next_dagrun for example_sla_dag to 2022-01-25T14:24:00+00:00
[2022-01-25 23:26:24,902] {processor.py:171} INFO - Processing /Users/chang/opt/anaconda3/lib/python3.9/site-packages/airflow/example_dags/example_sla_dag.py took 0.073 seconds
[2022-01-25 23:28:00,629] {processor.py:163} INFO - Started process (PID=20359) to work on /Users/chang/opt/anaconda3/lib/python3.9/site-packages/airflow/example_dags/example_sla_dag.py
[2022-01-25 23:28:00,630] {processor.py:642} INFO - Processing file /Users/chang/opt/anaconda3/lib/python3.9/site-packages/airflow/example_dags/example_sla_dag.py for tasks to queue
[2022-01-25 23:28:00,630] {logging_mixin.py:109} INFO - [2022-01-25 23:28:00,630] {dagbag.py:500} INFO - Filling up the DagBag from /Users/chang/opt/anaconda3/lib/python3.9/site-packages/airflow/example_dags/example_sla_dag.py
[2022-01-25 23:28:00,673] {processor.py:654} INFO - DAG(s) dict_keys(['example_sla_dag']) retrieved from /Users/chang/opt/anaconda3/lib/python3.9/site-packages/airflow/example_dags/example_sla_dag.py
[2022-01-25 23:28:00,688] {logging_mixin.py:109} INFO - [2022-01-25 23:28:00,688] {dag.py:2396} INFO - Sync 1 DAGs
[2022-01-25 23:28:00,698] {logging_mixin.py:109} INFO - [2022-01-25 23:28:00,698] {dag.py:2935} INFO - Setting next_dagrun for example_sla_dag to 2022-01-25T14:26:00+00:00
[2022-01-25 23:28:00,704] {processor.py:171} INFO - Processing /Users/chang/opt/anaconda3/lib/python3.9/site-packages/airflow/example_dags/example_sla_dag.py took 0.076 seconds
