[2022-01-25 23:13:19,557] {processor.py:163} INFO - Started process (PID=19541) to work on /Users/chang/opt/anaconda3/lib/python3.9/site-packages/airflow/example_dags/example_branch_python_dop_operator_3.py
[2022-01-25 23:13:19,557] {processor.py:642} INFO - Processing file /Users/chang/opt/anaconda3/lib/python3.9/site-packages/airflow/example_dags/example_branch_python_dop_operator_3.py for tasks to queue
[2022-01-25 23:13:19,558] {logging_mixin.py:109} INFO - [2022-01-25 23:13:19,558] {dagbag.py:500} INFO - Filling up the DagBag from /Users/chang/opt/anaconda3/lib/python3.9/site-packages/airflow/example_dags/example_branch_python_dop_operator_3.py
[2022-01-25 23:13:19,598] {processor.py:654} INFO - DAG(s) dict_keys(['example_branch_dop_operator_v3']) retrieved from /Users/chang/opt/anaconda3/lib/python3.9/site-packages/airflow/example_dags/example_branch_python_dop_operator_3.py
[2022-01-25 23:13:19,612] {logging_mixin.py:109} INFO - [2022-01-25 23:13:19,612] {dag.py:2396} INFO - Sync 1 DAGs
[2022-01-25 23:13:19,622] {logging_mixin.py:109} INFO - [2022-01-25 23:13:19,622] {dag.py:2935} INFO - Setting next_dagrun for example_branch_dop_operator_v3 to 2022-01-25T14:12:00+00:00
[2022-01-25 23:13:19,628] {processor.py:171} INFO - Processing /Users/chang/opt/anaconda3/lib/python3.9/site-packages/airflow/example_dags/example_branch_python_dop_operator_3.py took 0.072 seconds
[2022-01-25 23:14:48,430] {processor.py:163} INFO - Started process (PID=19666) to work on /Users/chang/opt/anaconda3/lib/python3.9/site-packages/airflow/example_dags/example_branch_python_dop_operator_3.py
[2022-01-25 23:14:48,430] {processor.py:642} INFO - Processing file /Users/chang/opt/anaconda3/lib/python3.9/site-packages/airflow/example_dags/example_branch_python_dop_operator_3.py for tasks to queue
[2022-01-25 23:14:48,431] {logging_mixin.py:109} INFO - [2022-01-25 23:14:48,431] {dagbag.py:500} INFO - Filling up the DagBag from /Users/chang/opt/anaconda3/lib/python3.9/site-packages/airflow/example_dags/example_branch_python_dop_operator_3.py
[2022-01-25 23:14:48,473] {processor.py:654} INFO - DAG(s) dict_keys(['example_branch_dop_operator_v3']) retrieved from /Users/chang/opt/anaconda3/lib/python3.9/site-packages/airflow/example_dags/example_branch_python_dop_operator_3.py
[2022-01-25 23:14:48,487] {logging_mixin.py:109} INFO - [2022-01-25 23:14:48,487] {dag.py:2396} INFO - Sync 1 DAGs
[2022-01-25 23:14:48,498] {logging_mixin.py:109} INFO - [2022-01-25 23:14:48,498] {dag.py:2935} INFO - Setting next_dagrun for example_branch_dop_operator_v3 to 2022-01-25T14:13:00+00:00
[2022-01-25 23:14:48,503] {processor.py:171} INFO - Processing /Users/chang/opt/anaconda3/lib/python3.9/site-packages/airflow/example_dags/example_branch_python_dop_operator_3.py took 0.074 seconds
[2022-01-25 23:16:17,948] {processor.py:163} INFO - Started process (PID=19743) to work on /Users/chang/opt/anaconda3/lib/python3.9/site-packages/airflow/example_dags/example_branch_python_dop_operator_3.py
[2022-01-25 23:16:17,949] {processor.py:642} INFO - Processing file /Users/chang/opt/anaconda3/lib/python3.9/site-packages/airflow/example_dags/example_branch_python_dop_operator_3.py for tasks to queue
[2022-01-25 23:16:17,949] {logging_mixin.py:109} INFO - [2022-01-25 23:16:17,949] {dagbag.py:500} INFO - Filling up the DagBag from /Users/chang/opt/anaconda3/lib/python3.9/site-packages/airflow/example_dags/example_branch_python_dop_operator_3.py
[2022-01-25 23:16:17,993] {processor.py:654} INFO - DAG(s) dict_keys(['example_branch_dop_operator_v3']) retrieved from /Users/chang/opt/anaconda3/lib/python3.9/site-packages/airflow/example_dags/example_branch_python_dop_operator_3.py
[2022-01-25 23:16:18,013] {logging_mixin.py:109} INFO - [2022-01-25 23:16:18,012] {dag.py:2396} INFO - Sync 1 DAGs
[2022-01-25 23:16:18,024] {logging_mixin.py:109} INFO - [2022-01-25 23:16:18,024] {dag.py:2935} INFO - Setting next_dagrun for example_branch_dop_operator_v3 to 2022-01-25T14:15:00+00:00
[2022-01-25 23:16:18,030] {processor.py:171} INFO - Processing /Users/chang/opt/anaconda3/lib/python3.9/site-packages/airflow/example_dags/example_branch_python_dop_operator_3.py took 0.083 seconds
[2022-01-25 23:17:46,025] {processor.py:163} INFO - Started process (PID=19824) to work on /Users/chang/opt/anaconda3/lib/python3.9/site-packages/airflow/example_dags/example_branch_python_dop_operator_3.py
[2022-01-25 23:17:46,026] {processor.py:642} INFO - Processing file /Users/chang/opt/anaconda3/lib/python3.9/site-packages/airflow/example_dags/example_branch_python_dop_operator_3.py for tasks to queue
[2022-01-25 23:17:46,026] {logging_mixin.py:109} INFO - [2022-01-25 23:17:46,026] {dagbag.py:500} INFO - Filling up the DagBag from /Users/chang/opt/anaconda3/lib/python3.9/site-packages/airflow/example_dags/example_branch_python_dop_operator_3.py
[2022-01-25 23:17:46,068] {processor.py:654} INFO - DAG(s) dict_keys(['example_branch_dop_operator_v3']) retrieved from /Users/chang/opt/anaconda3/lib/python3.9/site-packages/airflow/example_dags/example_branch_python_dop_operator_3.py
[2022-01-25 23:17:46,083] {logging_mixin.py:109} INFO - [2022-01-25 23:17:46,083] {dag.py:2396} INFO - Sync 1 DAGs
[2022-01-25 23:17:46,093] {logging_mixin.py:109} INFO - [2022-01-25 23:17:46,093] {dag.py:2935} INFO - Setting next_dagrun for example_branch_dop_operator_v3 to 2022-01-25T14:16:00+00:00
[2022-01-25 23:17:46,100] {processor.py:171} INFO - Processing /Users/chang/opt/anaconda3/lib/python3.9/site-packages/airflow/example_dags/example_branch_python_dop_operator_3.py took 0.076 seconds
[2022-01-25 23:19:18,975] {processor.py:163} INFO - Started process (PID=19869) to work on /Users/chang/opt/anaconda3/lib/python3.9/site-packages/airflow/example_dags/example_branch_python_dop_operator_3.py
[2022-01-25 23:19:18,977] {processor.py:642} INFO - Processing file /Users/chang/opt/anaconda3/lib/python3.9/site-packages/airflow/example_dags/example_branch_python_dop_operator_3.py for tasks to queue
[2022-01-25 23:19:18,977] {logging_mixin.py:109} INFO - [2022-01-25 23:19:18,977] {dagbag.py:500} INFO - Filling up the DagBag from /Users/chang/opt/anaconda3/lib/python3.9/site-packages/airflow/example_dags/example_branch_python_dop_operator_3.py
[2022-01-25 23:19:19,018] {processor.py:654} INFO - DAG(s) dict_keys(['example_branch_dop_operator_v3']) retrieved from /Users/chang/opt/anaconda3/lib/python3.9/site-packages/airflow/example_dags/example_branch_python_dop_operator_3.py
[2022-01-25 23:19:19,032] {logging_mixin.py:109} INFO - [2022-01-25 23:19:19,031] {dag.py:2396} INFO - Sync 1 DAGs
[2022-01-25 23:19:19,041] {logging_mixin.py:109} INFO - [2022-01-25 23:19:19,041] {dag.py:2935} INFO - Setting next_dagrun for example_branch_dop_operator_v3 to 2022-01-25T14:18:00+00:00
[2022-01-25 23:19:19,047] {processor.py:171} INFO - Processing /Users/chang/opt/anaconda3/lib/python3.9/site-packages/airflow/example_dags/example_branch_python_dop_operator_3.py took 0.072 seconds
[2022-01-25 23:20:48,591] {processor.py:163} INFO - Started process (PID=19902) to work on /Users/chang/opt/anaconda3/lib/python3.9/site-packages/airflow/example_dags/example_branch_python_dop_operator_3.py
[2022-01-25 23:20:48,591] {processor.py:642} INFO - Processing file /Users/chang/opt/anaconda3/lib/python3.9/site-packages/airflow/example_dags/example_branch_python_dop_operator_3.py for tasks to queue
[2022-01-25 23:20:48,592] {logging_mixin.py:109} INFO - [2022-01-25 23:20:48,592] {dagbag.py:500} INFO - Filling up the DagBag from /Users/chang/opt/anaconda3/lib/python3.9/site-packages/airflow/example_dags/example_branch_python_dop_operator_3.py
[2022-01-25 23:20:48,631] {processor.py:654} INFO - DAG(s) dict_keys(['example_branch_dop_operator_v3']) retrieved from /Users/chang/opt/anaconda3/lib/python3.9/site-packages/airflow/example_dags/example_branch_python_dop_operator_3.py
[2022-01-25 23:20:48,645] {logging_mixin.py:109} INFO - [2022-01-25 23:20:48,645] {dag.py:2396} INFO - Sync 1 DAGs
[2022-01-25 23:20:48,655] {logging_mixin.py:109} INFO - [2022-01-25 23:20:48,655] {dag.py:2935} INFO - Setting next_dagrun for example_branch_dop_operator_v3 to 2022-01-25T14:19:00+00:00
[2022-01-25 23:20:48,661] {processor.py:171} INFO - Processing /Users/chang/opt/anaconda3/lib/python3.9/site-packages/airflow/example_dags/example_branch_python_dop_operator_3.py took 0.071 seconds
[2022-01-25 23:22:25,761] {processor.py:163} INFO - Started process (PID=19964) to work on /Users/chang/opt/anaconda3/lib/python3.9/site-packages/airflow/example_dags/example_branch_python_dop_operator_3.py
[2022-01-25 23:22:25,762] {processor.py:642} INFO - Processing file /Users/chang/opt/anaconda3/lib/python3.9/site-packages/airflow/example_dags/example_branch_python_dop_operator_3.py for tasks to queue
[2022-01-25 23:22:25,762] {logging_mixin.py:109} INFO - [2022-01-25 23:22:25,762] {dagbag.py:500} INFO - Filling up the DagBag from /Users/chang/opt/anaconda3/lib/python3.9/site-packages/airflow/example_dags/example_branch_python_dop_operator_3.py
[2022-01-25 23:22:25,800] {processor.py:654} INFO - DAG(s) dict_keys(['example_branch_dop_operator_v3']) retrieved from /Users/chang/opt/anaconda3/lib/python3.9/site-packages/airflow/example_dags/example_branch_python_dop_operator_3.py
[2022-01-25 23:22:25,813] {logging_mixin.py:109} INFO - [2022-01-25 23:22:25,812] {dag.py:2396} INFO - Sync 1 DAGs
[2022-01-25 23:22:25,822] {logging_mixin.py:109} INFO - [2022-01-25 23:22:25,822] {dag.py:2935} INFO - Setting next_dagrun for example_branch_dop_operator_v3 to 2022-01-25T14:21:00+00:00
[2022-01-25 23:22:25,827] {processor.py:171} INFO - Processing /Users/chang/opt/anaconda3/lib/python3.9/site-packages/airflow/example_dags/example_branch_python_dop_operator_3.py took 0.067 seconds
[2022-01-25 23:23:57,060] {processor.py:163} INFO - Started process (PID=20008) to work on /Users/chang/opt/anaconda3/lib/python3.9/site-packages/airflow/example_dags/example_branch_python_dop_operator_3.py
[2022-01-25 23:23:57,061] {processor.py:642} INFO - Processing file /Users/chang/opt/anaconda3/lib/python3.9/site-packages/airflow/example_dags/example_branch_python_dop_operator_3.py for tasks to queue
[2022-01-25 23:23:57,062] {logging_mixin.py:109} INFO - [2022-01-25 23:23:57,062] {dagbag.py:500} INFO - Filling up the DagBag from /Users/chang/opt/anaconda3/lib/python3.9/site-packages/airflow/example_dags/example_branch_python_dop_operator_3.py
[2022-01-25 23:23:57,101] {processor.py:654} INFO - DAG(s) dict_keys(['example_branch_dop_operator_v3']) retrieved from /Users/chang/opt/anaconda3/lib/python3.9/site-packages/airflow/example_dags/example_branch_python_dop_operator_3.py
[2022-01-25 23:23:57,116] {logging_mixin.py:109} INFO - [2022-01-25 23:23:57,115] {dag.py:2396} INFO - Sync 1 DAGs
[2022-01-25 23:23:57,130] {logging_mixin.py:109} INFO - [2022-01-25 23:23:57,130] {dag.py:2935} INFO - Setting next_dagrun for example_branch_dop_operator_v3 to 2022-01-25T14:22:00+00:00
[2022-01-25 23:23:57,139] {processor.py:171} INFO - Processing /Users/chang/opt/anaconda3/lib/python3.9/site-packages/airflow/example_dags/example_branch_python_dop_operator_3.py took 0.080 seconds
[2022-01-25 23:25:26,436] {processor.py:163} INFO - Started process (PID=20044) to work on /Users/chang/opt/anaconda3/lib/python3.9/site-packages/airflow/example_dags/example_branch_python_dop_operator_3.py
[2022-01-25 23:25:26,437] {processor.py:642} INFO - Processing file /Users/chang/opt/anaconda3/lib/python3.9/site-packages/airflow/example_dags/example_branch_python_dop_operator_3.py for tasks to queue
[2022-01-25 23:25:26,438] {logging_mixin.py:109} INFO - [2022-01-25 23:25:26,438] {dagbag.py:500} INFO - Filling up the DagBag from /Users/chang/opt/anaconda3/lib/python3.9/site-packages/airflow/example_dags/example_branch_python_dop_operator_3.py
[2022-01-25 23:25:26,478] {processor.py:654} INFO - DAG(s) dict_keys(['example_branch_dop_operator_v3']) retrieved from /Users/chang/opt/anaconda3/lib/python3.9/site-packages/airflow/example_dags/example_branch_python_dop_operator_3.py
[2022-01-25 23:25:26,492] {logging_mixin.py:109} INFO - [2022-01-25 23:25:26,491] {dag.py:2396} INFO - Sync 1 DAGs
[2022-01-25 23:25:26,501] {logging_mixin.py:109} INFO - [2022-01-25 23:25:26,501] {dag.py:2935} INFO - Setting next_dagrun for example_branch_dop_operator_v3 to 2022-01-25T14:24:00+00:00
[2022-01-25 23:25:26,506] {processor.py:171} INFO - Processing /Users/chang/opt/anaconda3/lib/python3.9/site-packages/airflow/example_dags/example_branch_python_dop_operator_3.py took 0.071 seconds
[2022-01-25 23:26:59,424] {processor.py:163} INFO - Started process (PID=20098) to work on /Users/chang/opt/anaconda3/lib/python3.9/site-packages/airflow/example_dags/example_branch_python_dop_operator_3.py
[2022-01-25 23:26:59,425] {processor.py:642} INFO - Processing file /Users/chang/opt/anaconda3/lib/python3.9/site-packages/airflow/example_dags/example_branch_python_dop_operator_3.py for tasks to queue
[2022-01-25 23:26:59,426] {logging_mixin.py:109} INFO - [2022-01-25 23:26:59,426] {dagbag.py:500} INFO - Filling up the DagBag from /Users/chang/opt/anaconda3/lib/python3.9/site-packages/airflow/example_dags/example_branch_python_dop_operator_3.py
[2022-01-25 23:26:59,470] {processor.py:654} INFO - DAG(s) dict_keys(['example_branch_dop_operator_v3']) retrieved from /Users/chang/opt/anaconda3/lib/python3.9/site-packages/airflow/example_dags/example_branch_python_dop_operator_3.py
[2022-01-25 23:26:59,485] {logging_mixin.py:109} INFO - [2022-01-25 23:26:59,485] {dag.py:2396} INFO - Sync 1 DAGs
[2022-01-25 23:26:59,495] {logging_mixin.py:109} INFO - [2022-01-25 23:26:59,495] {dag.py:2935} INFO - Setting next_dagrun for example_branch_dop_operator_v3 to 2022-01-25T14:25:00+00:00
[2022-01-25 23:26:59,501] {processor.py:171} INFO - Processing /Users/chang/opt/anaconda3/lib/python3.9/site-packages/airflow/example_dags/example_branch_python_dop_operator_3.py took 0.078 seconds
