[2022-01-25 23:12:57,813] {processor.py:163} INFO - Started process (PID=19527) to work on /Users/chang/opt/anaconda3/lib/python3.9/site-packages/airflow/example_dags/example_nested_branch_dag.py
[2022-01-25 23:12:57,813] {processor.py:642} INFO - Processing file /Users/chang/opt/anaconda3/lib/python3.9/site-packages/airflow/example_dags/example_nested_branch_dag.py for tasks to queue
[2022-01-25 23:12:57,813] {logging_mixin.py:109} INFO - [2022-01-25 23:12:57,813] {dagbag.py:500} INFO - Filling up the DagBag from /Users/chang/opt/anaconda3/lib/python3.9/site-packages/airflow/example_dags/example_nested_branch_dag.py
[2022-01-25 23:12:57,854] {processor.py:654} INFO - DAG(s) dict_keys(['example_nested_branch_dag']) retrieved from /Users/chang/opt/anaconda3/lib/python3.9/site-packages/airflow/example_dags/example_nested_branch_dag.py
[2022-01-25 23:12:57,874] {logging_mixin.py:109} INFO - [2022-01-25 23:12:57,873] {dag.py:2396} INFO - Sync 1 DAGs
[2022-01-25 23:12:57,886] {logging_mixin.py:109} INFO - [2022-01-25 23:12:57,886] {dag.py:2935} INFO - Setting next_dagrun for example_nested_branch_dag to 2022-01-24 00:00:00+00:00
[2022-01-25 23:12:57,895] {processor.py:171} INFO - Processing /Users/chang/opt/anaconda3/lib/python3.9/site-packages/airflow/example_dags/example_nested_branch_dag.py took 0.083 seconds
[2022-01-25 23:14:28,902] {processor.py:163} INFO - Started process (PID=19648) to work on /Users/chang/opt/anaconda3/lib/python3.9/site-packages/airflow/example_dags/example_nested_branch_dag.py
[2022-01-25 23:14:28,904] {processor.py:642} INFO - Processing file /Users/chang/opt/anaconda3/lib/python3.9/site-packages/airflow/example_dags/example_nested_branch_dag.py for tasks to queue
[2022-01-25 23:14:28,904] {logging_mixin.py:109} INFO - [2022-01-25 23:14:28,904] {dagbag.py:500} INFO - Filling up the DagBag from /Users/chang/opt/anaconda3/lib/python3.9/site-packages/airflow/example_dags/example_nested_branch_dag.py
[2022-01-25 23:14:28,946] {processor.py:654} INFO - DAG(s) dict_keys(['example_nested_branch_dag']) retrieved from /Users/chang/opt/anaconda3/lib/python3.9/site-packages/airflow/example_dags/example_nested_branch_dag.py
[2022-01-25 23:14:28,960] {logging_mixin.py:109} INFO - [2022-01-25 23:14:28,960] {dag.py:2396} INFO - Sync 1 DAGs
[2022-01-25 23:14:28,968] {logging_mixin.py:109} INFO - [2022-01-25 23:14:28,968] {dag.py:2935} INFO - Setting next_dagrun for example_nested_branch_dag to 2022-01-24 00:00:00+00:00
[2022-01-25 23:14:28,973] {processor.py:171} INFO - Processing /Users/chang/opt/anaconda3/lib/python3.9/site-packages/airflow/example_dags/example_nested_branch_dag.py took 0.071 seconds
[2022-01-25 23:15:57,065] {processor.py:163} INFO - Started process (PID=19715) to work on /Users/chang/opt/anaconda3/lib/python3.9/site-packages/airflow/example_dags/example_nested_branch_dag.py
[2022-01-25 23:15:57,066] {processor.py:642} INFO - Processing file /Users/chang/opt/anaconda3/lib/python3.9/site-packages/airflow/example_dags/example_nested_branch_dag.py for tasks to queue
[2022-01-25 23:15:57,066] {logging_mixin.py:109} INFO - [2022-01-25 23:15:57,066] {dagbag.py:500} INFO - Filling up the DagBag from /Users/chang/opt/anaconda3/lib/python3.9/site-packages/airflow/example_dags/example_nested_branch_dag.py
[2022-01-25 23:15:57,120] {processor.py:654} INFO - DAG(s) dict_keys(['example_nested_branch_dag']) retrieved from /Users/chang/opt/anaconda3/lib/python3.9/site-packages/airflow/example_dags/example_nested_branch_dag.py
[2022-01-25 23:15:57,136] {logging_mixin.py:109} INFO - [2022-01-25 23:15:57,136] {dag.py:2396} INFO - Sync 1 DAGs
[2022-01-25 23:15:57,143] {logging_mixin.py:109} INFO - [2022-01-25 23:15:57,142] {dag.py:2935} INFO - Setting next_dagrun for example_nested_branch_dag to 2022-01-24 00:00:00+00:00
[2022-01-25 23:15:57,147] {processor.py:171} INFO - Processing /Users/chang/opt/anaconda3/lib/python3.9/site-packages/airflow/example_dags/example_nested_branch_dag.py took 0.083 seconds
[2022-01-25 23:17:24,506] {processor.py:163} INFO - Started process (PID=19803) to work on /Users/chang/opt/anaconda3/lib/python3.9/site-packages/airflow/example_dags/example_nested_branch_dag.py
[2022-01-25 23:17:24,507] {processor.py:642} INFO - Processing file /Users/chang/opt/anaconda3/lib/python3.9/site-packages/airflow/example_dags/example_nested_branch_dag.py for tasks to queue
[2022-01-25 23:17:24,507] {logging_mixin.py:109} INFO - [2022-01-25 23:17:24,507] {dagbag.py:500} INFO - Filling up the DagBag from /Users/chang/opt/anaconda3/lib/python3.9/site-packages/airflow/example_dags/example_nested_branch_dag.py
[2022-01-25 23:17:24,549] {processor.py:654} INFO - DAG(s) dict_keys(['example_nested_branch_dag']) retrieved from /Users/chang/opt/anaconda3/lib/python3.9/site-packages/airflow/example_dags/example_nested_branch_dag.py
[2022-01-25 23:17:24,563] {logging_mixin.py:109} INFO - [2022-01-25 23:17:24,563] {dag.py:2396} INFO - Sync 1 DAGs
[2022-01-25 23:17:24,571] {logging_mixin.py:109} INFO - [2022-01-25 23:17:24,571] {dag.py:2935} INFO - Setting next_dagrun for example_nested_branch_dag to 2022-01-24 00:00:00+00:00
[2022-01-25 23:17:24,577] {processor.py:171} INFO - Processing /Users/chang/opt/anaconda3/lib/python3.9/site-packages/airflow/example_dags/example_nested_branch_dag.py took 0.071 seconds
[2022-01-25 23:18:59,937] {processor.py:163} INFO - Started process (PID=19854) to work on /Users/chang/opt/anaconda3/lib/python3.9/site-packages/airflow/example_dags/example_nested_branch_dag.py
[2022-01-25 23:18:59,938] {processor.py:642} INFO - Processing file /Users/chang/opt/anaconda3/lib/python3.9/site-packages/airflow/example_dags/example_nested_branch_dag.py for tasks to queue
[2022-01-25 23:18:59,939] {logging_mixin.py:109} INFO - [2022-01-25 23:18:59,938] {dagbag.py:500} INFO - Filling up the DagBag from /Users/chang/opt/anaconda3/lib/python3.9/site-packages/airflow/example_dags/example_nested_branch_dag.py
[2022-01-25 23:18:59,980] {processor.py:654} INFO - DAG(s) dict_keys(['example_nested_branch_dag']) retrieved from /Users/chang/opt/anaconda3/lib/python3.9/site-packages/airflow/example_dags/example_nested_branch_dag.py
[2022-01-25 23:18:59,996] {logging_mixin.py:109} INFO - [2022-01-25 23:18:59,996] {dag.py:2396} INFO - Sync 1 DAGs
[2022-01-25 23:19:00,005] {logging_mixin.py:109} INFO - [2022-01-25 23:19:00,005] {dag.py:2935} INFO - Setting next_dagrun for example_nested_branch_dag to 2022-01-24 00:00:00+00:00
[2022-01-25 23:19:00,012] {processor.py:171} INFO - Processing /Users/chang/opt/anaconda3/lib/python3.9/site-packages/airflow/example_dags/example_nested_branch_dag.py took 0.075 seconds
[2022-01-25 23:20:29,609] {processor.py:163} INFO - Started process (PID=19895) to work on /Users/chang/opt/anaconda3/lib/python3.9/site-packages/airflow/example_dags/example_nested_branch_dag.py
[2022-01-25 23:20:29,611] {processor.py:642} INFO - Processing file /Users/chang/opt/anaconda3/lib/python3.9/site-packages/airflow/example_dags/example_nested_branch_dag.py for tasks to queue
[2022-01-25 23:20:29,611] {logging_mixin.py:109} INFO - [2022-01-25 23:20:29,611] {dagbag.py:500} INFO - Filling up the DagBag from /Users/chang/opt/anaconda3/lib/python3.9/site-packages/airflow/example_dags/example_nested_branch_dag.py
[2022-01-25 23:20:29,651] {processor.py:654} INFO - DAG(s) dict_keys(['example_nested_branch_dag']) retrieved from /Users/chang/opt/anaconda3/lib/python3.9/site-packages/airflow/example_dags/example_nested_branch_dag.py
[2022-01-25 23:20:29,665] {logging_mixin.py:109} INFO - [2022-01-25 23:20:29,664] {dag.py:2396} INFO - Sync 1 DAGs
[2022-01-25 23:20:29,672] {logging_mixin.py:109} INFO - [2022-01-25 23:20:29,672] {dag.py:2935} INFO - Setting next_dagrun for example_nested_branch_dag to 2022-01-24 00:00:00+00:00
[2022-01-25 23:20:29,678] {processor.py:171} INFO - Processing /Users/chang/opt/anaconda3/lib/python3.9/site-packages/airflow/example_dags/example_nested_branch_dag.py took 0.069 seconds
[2022-01-25 23:22:05,174] {processor.py:163} INFO - Started process (PID=19952) to work on /Users/chang/opt/anaconda3/lib/python3.9/site-packages/airflow/example_dags/example_nested_branch_dag.py
[2022-01-25 23:22:05,175] {processor.py:642} INFO - Processing file /Users/chang/opt/anaconda3/lib/python3.9/site-packages/airflow/example_dags/example_nested_branch_dag.py for tasks to queue
[2022-01-25 23:22:05,175] {logging_mixin.py:109} INFO - [2022-01-25 23:22:05,175] {dagbag.py:500} INFO - Filling up the DagBag from /Users/chang/opt/anaconda3/lib/python3.9/site-packages/airflow/example_dags/example_nested_branch_dag.py
[2022-01-25 23:22:05,214] {processor.py:654} INFO - DAG(s) dict_keys(['example_nested_branch_dag']) retrieved from /Users/chang/opt/anaconda3/lib/python3.9/site-packages/airflow/example_dags/example_nested_branch_dag.py
[2022-01-25 23:22:05,228] {logging_mixin.py:109} INFO - [2022-01-25 23:22:05,228] {dag.py:2396} INFO - Sync 1 DAGs
[2022-01-25 23:22:05,236] {logging_mixin.py:109} INFO - [2022-01-25 23:22:05,235] {dag.py:2935} INFO - Setting next_dagrun for example_nested_branch_dag to 2022-01-24 00:00:00+00:00
[2022-01-25 23:22:05,241] {processor.py:171} INFO - Processing /Users/chang/opt/anaconda3/lib/python3.9/site-packages/airflow/example_dags/example_nested_branch_dag.py took 0.067 seconds
[2022-01-25 23:23:37,173] {processor.py:163} INFO - Started process (PID=19991) to work on /Users/chang/opt/anaconda3/lib/python3.9/site-packages/airflow/example_dags/example_nested_branch_dag.py
[2022-01-25 23:23:37,174] {processor.py:642} INFO - Processing file /Users/chang/opt/anaconda3/lib/python3.9/site-packages/airflow/example_dags/example_nested_branch_dag.py for tasks to queue
[2022-01-25 23:23:37,174] {logging_mixin.py:109} INFO - [2022-01-25 23:23:37,174] {dagbag.py:500} INFO - Filling up the DagBag from /Users/chang/opt/anaconda3/lib/python3.9/site-packages/airflow/example_dags/example_nested_branch_dag.py
[2022-01-25 23:23:37,238] {processor.py:654} INFO - DAG(s) dict_keys(['example_nested_branch_dag']) retrieved from /Users/chang/opt/anaconda3/lib/python3.9/site-packages/airflow/example_dags/example_nested_branch_dag.py
[2022-01-25 23:23:37,257] {logging_mixin.py:109} INFO - [2022-01-25 23:23:37,257] {dag.py:2396} INFO - Sync 1 DAGs
[2022-01-25 23:23:37,269] {logging_mixin.py:109} INFO - [2022-01-25 23:23:37,269] {dag.py:2935} INFO - Setting next_dagrun for example_nested_branch_dag to 2022-01-24 00:00:00+00:00
[2022-01-25 23:23:37,276] {processor.py:171} INFO - Processing /Users/chang/opt/anaconda3/lib/python3.9/site-packages/airflow/example_dags/example_nested_branch_dag.py took 0.104 seconds
[2022-01-25 23:25:07,743] {processor.py:163} INFO - Started process (PID=20037) to work on /Users/chang/opt/anaconda3/lib/python3.9/site-packages/airflow/example_dags/example_nested_branch_dag.py
[2022-01-25 23:25:07,744] {processor.py:642} INFO - Processing file /Users/chang/opt/anaconda3/lib/python3.9/site-packages/airflow/example_dags/example_nested_branch_dag.py for tasks to queue
[2022-01-25 23:25:07,745] {logging_mixin.py:109} INFO - [2022-01-25 23:25:07,745] {dagbag.py:500} INFO - Filling up the DagBag from /Users/chang/opt/anaconda3/lib/python3.9/site-packages/airflow/example_dags/example_nested_branch_dag.py
[2022-01-25 23:25:07,788] {processor.py:654} INFO - DAG(s) dict_keys(['example_nested_branch_dag']) retrieved from /Users/chang/opt/anaconda3/lib/python3.9/site-packages/airflow/example_dags/example_nested_branch_dag.py
[2022-01-25 23:25:07,804] {logging_mixin.py:109} INFO - [2022-01-25 23:25:07,803] {dag.py:2396} INFO - Sync 1 DAGs
[2022-01-25 23:25:07,812] {logging_mixin.py:109} INFO - [2022-01-25 23:25:07,812] {dag.py:2935} INFO - Setting next_dagrun for example_nested_branch_dag to 2022-01-24 00:00:00+00:00
[2022-01-25 23:25:07,818] {processor.py:171} INFO - Processing /Users/chang/opt/anaconda3/lib/python3.9/site-packages/airflow/example_dags/example_nested_branch_dag.py took 0.076 seconds
[2022-01-25 23:26:39,632] {processor.py:163} INFO - Started process (PID=20091) to work on /Users/chang/opt/anaconda3/lib/python3.9/site-packages/airflow/example_dags/example_nested_branch_dag.py
[2022-01-25 23:26:39,633] {processor.py:642} INFO - Processing file /Users/chang/opt/anaconda3/lib/python3.9/site-packages/airflow/example_dags/example_nested_branch_dag.py for tasks to queue
[2022-01-25 23:26:39,634] {logging_mixin.py:109} INFO - [2022-01-25 23:26:39,634] {dagbag.py:500} INFO - Filling up the DagBag from /Users/chang/opt/anaconda3/lib/python3.9/site-packages/airflow/example_dags/example_nested_branch_dag.py
[2022-01-25 23:26:39,674] {processor.py:654} INFO - DAG(s) dict_keys(['example_nested_branch_dag']) retrieved from /Users/chang/opt/anaconda3/lib/python3.9/site-packages/airflow/example_dags/example_nested_branch_dag.py
[2022-01-25 23:26:39,689] {logging_mixin.py:109} INFO - [2022-01-25 23:26:39,689] {dag.py:2396} INFO - Sync 1 DAGs
[2022-01-25 23:26:39,697] {logging_mixin.py:109} INFO - [2022-01-25 23:26:39,697] {dag.py:2935} INFO - Setting next_dagrun for example_nested_branch_dag to 2022-01-24 00:00:00+00:00
[2022-01-25 23:26:39,703] {processor.py:171} INFO - Processing /Users/chang/opt/anaconda3/lib/python3.9/site-packages/airflow/example_dags/example_nested_branch_dag.py took 0.071 seconds
[2022-01-25 23:28:13,341] {processor.py:163} INFO - Started process (PID=20365) to work on /Users/chang/opt/anaconda3/lib/python3.9/site-packages/airflow/example_dags/example_nested_branch_dag.py
[2022-01-25 23:28:13,342] {processor.py:642} INFO - Processing file /Users/chang/opt/anaconda3/lib/python3.9/site-packages/airflow/example_dags/example_nested_branch_dag.py for tasks to queue
[2022-01-25 23:28:13,343] {logging_mixin.py:109} INFO - [2022-01-25 23:28:13,343] {dagbag.py:500} INFO - Filling up the DagBag from /Users/chang/opt/anaconda3/lib/python3.9/site-packages/airflow/example_dags/example_nested_branch_dag.py
[2022-01-25 23:28:13,382] {processor.py:654} INFO - DAG(s) dict_keys(['example_nested_branch_dag']) retrieved from /Users/chang/opt/anaconda3/lib/python3.9/site-packages/airflow/example_dags/example_nested_branch_dag.py
[2022-01-25 23:28:13,397] {logging_mixin.py:109} INFO - [2022-01-25 23:28:13,397] {dag.py:2396} INFO - Sync 1 DAGs
[2022-01-25 23:28:13,405] {logging_mixin.py:109} INFO - [2022-01-25 23:28:13,405] {dag.py:2935} INFO - Setting next_dagrun for example_nested_branch_dag to 2022-01-24 00:00:00+00:00
[2022-01-25 23:28:13,411] {processor.py:171} INFO - Processing /Users/chang/opt/anaconda3/lib/python3.9/site-packages/airflow/example_dags/example_nested_branch_dag.py took 0.070 seconds
