[2022-01-25 23:13:28,068] {processor.py:163} INFO - Started process (PID=19571) to work on /Users/chang/opt/anaconda3/lib/python3.9/site-packages/airflow/example_dags/example_branch_day_of_week_operator.py
[2022-01-25 23:13:28,068] {processor.py:642} INFO - Processing file /Users/chang/opt/anaconda3/lib/python3.9/site-packages/airflow/example_dags/example_branch_day_of_week_operator.py for tasks to queue
[2022-01-25 23:13:28,069] {logging_mixin.py:109} INFO - [2022-01-25 23:13:28,069] {dagbag.py:500} INFO - Filling up the DagBag from /Users/chang/opt/anaconda3/lib/python3.9/site-packages/airflow/example_dags/example_branch_day_of_week_operator.py
[2022-01-25 23:13:28,113] {processor.py:654} INFO - DAG(s) dict_keys(['example_weekday_branch_operator']) retrieved from /Users/chang/opt/anaconda3/lib/python3.9/site-packages/airflow/example_dags/example_branch_day_of_week_operator.py
[2022-01-25 23:13:28,135] {logging_mixin.py:109} INFO - [2022-01-25 23:13:28,135] {dag.py:2396} INFO - Sync 1 DAGs
[2022-01-25 23:13:28,148] {logging_mixin.py:109} INFO - [2022-01-25 23:13:28,148] {dag.py:2935} INFO - Setting next_dagrun for example_weekday_branch_operator to 2022-01-24 00:00:00+00:00
[2022-01-25 23:13:28,157] {processor.py:171} INFO - Processing /Users/chang/opt/anaconda3/lib/python3.9/site-packages/airflow/example_dags/example_branch_day_of_week_operator.py took 0.089 seconds
[2022-01-25 23:14:56,493] {processor.py:163} INFO - Started process (PID=19669) to work on /Users/chang/opt/anaconda3/lib/python3.9/site-packages/airflow/example_dags/example_branch_day_of_week_operator.py
[2022-01-25 23:14:56,493] {processor.py:642} INFO - Processing file /Users/chang/opt/anaconda3/lib/python3.9/site-packages/airflow/example_dags/example_branch_day_of_week_operator.py for tasks to queue
[2022-01-25 23:14:56,494] {logging_mixin.py:109} INFO - [2022-01-25 23:14:56,494] {dagbag.py:500} INFO - Filling up the DagBag from /Users/chang/opt/anaconda3/lib/python3.9/site-packages/airflow/example_dags/example_branch_day_of_week_operator.py
[2022-01-25 23:14:56,522] {processor.py:654} INFO - DAG(s) dict_keys(['example_weekday_branch_operator']) retrieved from /Users/chang/opt/anaconda3/lib/python3.9/site-packages/airflow/example_dags/example_branch_day_of_week_operator.py
[2022-01-25 23:14:56,537] {logging_mixin.py:109} INFO - [2022-01-25 23:14:56,537] {dag.py:2396} INFO - Sync 1 DAGs
[2022-01-25 23:14:56,546] {logging_mixin.py:109} INFO - [2022-01-25 23:14:56,546] {dag.py:2935} INFO - Setting next_dagrun for example_weekday_branch_operator to 2022-01-24 00:00:00+00:00
[2022-01-25 23:14:56,552] {processor.py:171} INFO - Processing /Users/chang/opt/anaconda3/lib/python3.9/site-packages/airflow/example_dags/example_branch_day_of_week_operator.py took 0.059 seconds
[2022-01-25 23:16:25,127] {processor.py:163} INFO - Started process (PID=19746) to work on /Users/chang/opt/anaconda3/lib/python3.9/site-packages/airflow/example_dags/example_branch_day_of_week_operator.py
[2022-01-25 23:16:25,128] {processor.py:642} INFO - Processing file /Users/chang/opt/anaconda3/lib/python3.9/site-packages/airflow/example_dags/example_branch_day_of_week_operator.py for tasks to queue
[2022-01-25 23:16:25,128] {logging_mixin.py:109} INFO - [2022-01-25 23:16:25,128] {dagbag.py:500} INFO - Filling up the DagBag from /Users/chang/opt/anaconda3/lib/python3.9/site-packages/airflow/example_dags/example_branch_day_of_week_operator.py
[2022-01-25 23:16:25,158] {processor.py:654} INFO - DAG(s) dict_keys(['example_weekday_branch_operator']) retrieved from /Users/chang/opt/anaconda3/lib/python3.9/site-packages/airflow/example_dags/example_branch_day_of_week_operator.py
[2022-01-25 23:16:25,172] {logging_mixin.py:109} INFO - [2022-01-25 23:16:25,172] {dag.py:2396} INFO - Sync 1 DAGs
[2022-01-25 23:16:25,180] {logging_mixin.py:109} INFO - [2022-01-25 23:16:25,180] {dag.py:2935} INFO - Setting next_dagrun for example_weekday_branch_operator to 2022-01-24 00:00:00+00:00
[2022-01-25 23:16:25,185] {processor.py:171} INFO - Processing /Users/chang/opt/anaconda3/lib/python3.9/site-packages/airflow/example_dags/example_branch_day_of_week_operator.py took 0.059 seconds
[2022-01-25 23:17:54,328] {processor.py:163} INFO - Started process (PID=19829) to work on /Users/chang/opt/anaconda3/lib/python3.9/site-packages/airflow/example_dags/example_branch_day_of_week_operator.py
[2022-01-25 23:17:54,329] {processor.py:642} INFO - Processing file /Users/chang/opt/anaconda3/lib/python3.9/site-packages/airflow/example_dags/example_branch_day_of_week_operator.py for tasks to queue
[2022-01-25 23:17:54,329] {logging_mixin.py:109} INFO - [2022-01-25 23:17:54,329] {dagbag.py:500} INFO - Filling up the DagBag from /Users/chang/opt/anaconda3/lib/python3.9/site-packages/airflow/example_dags/example_branch_day_of_week_operator.py
[2022-01-25 23:17:54,358] {processor.py:654} INFO - DAG(s) dict_keys(['example_weekday_branch_operator']) retrieved from /Users/chang/opt/anaconda3/lib/python3.9/site-packages/airflow/example_dags/example_branch_day_of_week_operator.py
[2022-01-25 23:17:54,372] {logging_mixin.py:109} INFO - [2022-01-25 23:17:54,372] {dag.py:2396} INFO - Sync 1 DAGs
[2022-01-25 23:17:54,382] {logging_mixin.py:109} INFO - [2022-01-25 23:17:54,382] {dag.py:2935} INFO - Setting next_dagrun for example_weekday_branch_operator to 2022-01-24 00:00:00+00:00
[2022-01-25 23:17:54,389] {processor.py:171} INFO - Processing /Users/chang/opt/anaconda3/lib/python3.9/site-packages/airflow/example_dags/example_branch_day_of_week_operator.py took 0.062 seconds
[2022-01-25 23:19:26,916] {processor.py:163} INFO - Started process (PID=19872) to work on /Users/chang/opt/anaconda3/lib/python3.9/site-packages/airflow/example_dags/example_branch_day_of_week_operator.py
[2022-01-25 23:19:26,916] {processor.py:642} INFO - Processing file /Users/chang/opt/anaconda3/lib/python3.9/site-packages/airflow/example_dags/example_branch_day_of_week_operator.py for tasks to queue
[2022-01-25 23:19:26,917] {logging_mixin.py:109} INFO - [2022-01-25 23:19:26,917] {dagbag.py:500} INFO - Filling up the DagBag from /Users/chang/opt/anaconda3/lib/python3.9/site-packages/airflow/example_dags/example_branch_day_of_week_operator.py
[2022-01-25 23:19:26,947] {processor.py:654} INFO - DAG(s) dict_keys(['example_weekday_branch_operator']) retrieved from /Users/chang/opt/anaconda3/lib/python3.9/site-packages/airflow/example_dags/example_branch_day_of_week_operator.py
[2022-01-25 23:19:26,962] {logging_mixin.py:109} INFO - [2022-01-25 23:19:26,961] {dag.py:2396} INFO - Sync 1 DAGs
[2022-01-25 23:19:26,970] {logging_mixin.py:109} INFO - [2022-01-25 23:19:26,970] {dag.py:2935} INFO - Setting next_dagrun for example_weekday_branch_operator to 2022-01-24 00:00:00+00:00
[2022-01-25 23:19:26,977] {processor.py:171} INFO - Processing /Users/chang/opt/anaconda3/lib/python3.9/site-packages/airflow/example_dags/example_branch_day_of_week_operator.py took 0.061 seconds
[2022-01-25 23:20:56,597] {processor.py:163} INFO - Started process (PID=19913) to work on /Users/chang/opt/anaconda3/lib/python3.9/site-packages/airflow/example_dags/example_branch_day_of_week_operator.py
[2022-01-25 23:20:56,598] {processor.py:642} INFO - Processing file /Users/chang/opt/anaconda3/lib/python3.9/site-packages/airflow/example_dags/example_branch_day_of_week_operator.py for tasks to queue
[2022-01-25 23:20:56,598] {logging_mixin.py:109} INFO - [2022-01-25 23:20:56,598] {dagbag.py:500} INFO - Filling up the DagBag from /Users/chang/opt/anaconda3/lib/python3.9/site-packages/airflow/example_dags/example_branch_day_of_week_operator.py
[2022-01-25 23:20:56,627] {processor.py:654} INFO - DAG(s) dict_keys(['example_weekday_branch_operator']) retrieved from /Users/chang/opt/anaconda3/lib/python3.9/site-packages/airflow/example_dags/example_branch_day_of_week_operator.py
[2022-01-25 23:20:56,643] {logging_mixin.py:109} INFO - [2022-01-25 23:20:56,643] {dag.py:2396} INFO - Sync 1 DAGs
[2022-01-25 23:20:56,651] {logging_mixin.py:109} INFO - [2022-01-25 23:20:56,651] {dag.py:2935} INFO - Setting next_dagrun for example_weekday_branch_operator to 2022-01-24 00:00:00+00:00
[2022-01-25 23:20:56,657] {processor.py:171} INFO - Processing /Users/chang/opt/anaconda3/lib/python3.9/site-packages/airflow/example_dags/example_branch_day_of_week_operator.py took 0.060 seconds
[2022-01-25 23:22:33,959] {processor.py:163} INFO - Started process (PID=19967) to work on /Users/chang/opt/anaconda3/lib/python3.9/site-packages/airflow/example_dags/example_branch_day_of_week_operator.py
[2022-01-25 23:22:33,960] {processor.py:642} INFO - Processing file /Users/chang/opt/anaconda3/lib/python3.9/site-packages/airflow/example_dags/example_branch_day_of_week_operator.py for tasks to queue
[2022-01-25 23:22:33,960] {logging_mixin.py:109} INFO - [2022-01-25 23:22:33,960] {dagbag.py:500} INFO - Filling up the DagBag from /Users/chang/opt/anaconda3/lib/python3.9/site-packages/airflow/example_dags/example_branch_day_of_week_operator.py
[2022-01-25 23:22:33,990] {processor.py:654} INFO - DAG(s) dict_keys(['example_weekday_branch_operator']) retrieved from /Users/chang/opt/anaconda3/lib/python3.9/site-packages/airflow/example_dags/example_branch_day_of_week_operator.py
[2022-01-25 23:22:34,004] {logging_mixin.py:109} INFO - [2022-01-25 23:22:34,004] {dag.py:2396} INFO - Sync 1 DAGs
[2022-01-25 23:22:34,013] {logging_mixin.py:109} INFO - [2022-01-25 23:22:34,013] {dag.py:2935} INFO - Setting next_dagrun for example_weekday_branch_operator to 2022-01-24 00:00:00+00:00
[2022-01-25 23:22:34,020] {processor.py:171} INFO - Processing /Users/chang/opt/anaconda3/lib/python3.9/site-packages/airflow/example_dags/example_branch_day_of_week_operator.py took 0.061 seconds
[2022-01-25 23:24:05,831] {processor.py:163} INFO - Started process (PID=20014) to work on /Users/chang/opt/anaconda3/lib/python3.9/site-packages/airflow/example_dags/example_branch_day_of_week_operator.py
[2022-01-25 23:24:05,832] {processor.py:642} INFO - Processing file /Users/chang/opt/anaconda3/lib/python3.9/site-packages/airflow/example_dags/example_branch_day_of_week_operator.py for tasks to queue
[2022-01-25 23:24:05,832] {logging_mixin.py:109} INFO - [2022-01-25 23:24:05,832] {dagbag.py:500} INFO - Filling up the DagBag from /Users/chang/opt/anaconda3/lib/python3.9/site-packages/airflow/example_dags/example_branch_day_of_week_operator.py
[2022-01-25 23:24:05,860] {processor.py:654} INFO - DAG(s) dict_keys(['example_weekday_branch_operator']) retrieved from /Users/chang/opt/anaconda3/lib/python3.9/site-packages/airflow/example_dags/example_branch_day_of_week_operator.py
[2022-01-25 23:24:05,874] {logging_mixin.py:109} INFO - [2022-01-25 23:24:05,874] {dag.py:2396} INFO - Sync 1 DAGs
[2022-01-25 23:24:05,881] {logging_mixin.py:109} INFO - [2022-01-25 23:24:05,881] {dag.py:2935} INFO - Setting next_dagrun for example_weekday_branch_operator to 2022-01-24 00:00:00+00:00
[2022-01-25 23:24:05,887] {processor.py:171} INFO - Processing /Users/chang/opt/anaconda3/lib/python3.9/site-packages/airflow/example_dags/example_branch_day_of_week_operator.py took 0.056 seconds
[2022-01-25 23:25:34,979] {processor.py:163} INFO - Started process (PID=20055) to work on /Users/chang/opt/anaconda3/lib/python3.9/site-packages/airflow/example_dags/example_branch_day_of_week_operator.py
[2022-01-25 23:25:34,980] {processor.py:642} INFO - Processing file /Users/chang/opt/anaconda3/lib/python3.9/site-packages/airflow/example_dags/example_branch_day_of_week_operator.py for tasks to queue
[2022-01-25 23:25:34,981] {logging_mixin.py:109} INFO - [2022-01-25 23:25:34,981] {dagbag.py:500} INFO - Filling up the DagBag from /Users/chang/opt/anaconda3/lib/python3.9/site-packages/airflow/example_dags/example_branch_day_of_week_operator.py
[2022-01-25 23:25:35,027] {processor.py:654} INFO - DAG(s) dict_keys(['example_weekday_branch_operator']) retrieved from /Users/chang/opt/anaconda3/lib/python3.9/site-packages/airflow/example_dags/example_branch_day_of_week_operator.py
[2022-01-25 23:25:35,049] {logging_mixin.py:109} INFO - [2022-01-25 23:25:35,048] {dag.py:2396} INFO - Sync 1 DAGs
[2022-01-25 23:25:35,059] {logging_mixin.py:109} INFO - [2022-01-25 23:25:35,059] {dag.py:2935} INFO - Setting next_dagrun for example_weekday_branch_operator to 2022-01-24 00:00:00+00:00
[2022-01-25 23:25:35,065] {processor.py:171} INFO - Processing /Users/chang/opt/anaconda3/lib/python3.9/site-packages/airflow/example_dags/example_branch_day_of_week_operator.py took 0.086 seconds
[2022-01-25 23:27:06,709] {processor.py:163} INFO - Started process (PID=20101) to work on /Users/chang/opt/anaconda3/lib/python3.9/site-packages/airflow/example_dags/example_branch_day_of_week_operator.py
[2022-01-25 23:27:06,709] {processor.py:642} INFO - Processing file /Users/chang/opt/anaconda3/lib/python3.9/site-packages/airflow/example_dags/example_branch_day_of_week_operator.py for tasks to queue
[2022-01-25 23:27:06,710] {logging_mixin.py:109} INFO - [2022-01-25 23:27:06,710] {dagbag.py:500} INFO - Filling up the DagBag from /Users/chang/opt/anaconda3/lib/python3.9/site-packages/airflow/example_dags/example_branch_day_of_week_operator.py
[2022-01-25 23:27:06,740] {processor.py:654} INFO - DAG(s) dict_keys(['example_weekday_branch_operator']) retrieved from /Users/chang/opt/anaconda3/lib/python3.9/site-packages/airflow/example_dags/example_branch_day_of_week_operator.py
[2022-01-25 23:27:06,755] {logging_mixin.py:109} INFO - [2022-01-25 23:27:06,755] {dag.py:2396} INFO - Sync 1 DAGs
[2022-01-25 23:27:06,764] {logging_mixin.py:109} INFO - [2022-01-25 23:27:06,764] {dag.py:2935} INFO - Setting next_dagrun for example_weekday_branch_operator to 2022-01-24 00:00:00+00:00
[2022-01-25 23:27:06,769] {processor.py:171} INFO - Processing /Users/chang/opt/anaconda3/lib/python3.9/site-packages/airflow/example_dags/example_branch_day_of_week_operator.py took 0.061 seconds
