[2022-01-25 23:12:09,120] {processor.py:163} INFO - Started process (PID=19481) to work on /Users/chang/opt/anaconda3/lib/python3.9/site-packages/airflow/example_dags/tutorial_taskflow_api_etl_virtualenv.py
[2022-01-25 23:12:09,121] {processor.py:642} INFO - Processing file /Users/chang/opt/anaconda3/lib/python3.9/site-packages/airflow/example_dags/tutorial_taskflow_api_etl_virtualenv.py for tasks to queue
[2022-01-25 23:12:09,121] {logging_mixin.py:109} INFO - [2022-01-25 23:12:09,121] {dagbag.py:500} INFO - Filling up the DagBag from /Users/chang/opt/anaconda3/lib/python3.9/site-packages/airflow/example_dags/tutorial_taskflow_api_etl_virtualenv.py
[2022-01-25 23:12:09,139] {logging_mixin.py:109} INFO - [2022-01-25 23:12:09,139] {tutorial_taskflow_api_etl_virtualenv.py:29} WARNING - The tutorial_taskflow_api_etl_virtualenv example DAG requires virtualenv, please install it.
[2022-01-25 23:12:09,161] {processor.py:656} WARNING - No viable dags retrieved from /Users/chang/opt/anaconda3/lib/python3.9/site-packages/airflow/example_dags/tutorial_taskflow_api_etl_virtualenv.py
[2022-01-25 23:12:09,163] {processor.py:171} INFO - Processing /Users/chang/opt/anaconda3/lib/python3.9/site-packages/airflow/example_dags/tutorial_taskflow_api_etl_virtualenv.py took 0.044 seconds
[2022-01-25 23:13:42,096] {processor.py:163} INFO - Started process (PID=19599) to work on /Users/chang/opt/anaconda3/lib/python3.9/site-packages/airflow/example_dags/tutorial_taskflow_api_etl_virtualenv.py
[2022-01-25 23:13:42,098] {processor.py:642} INFO - Processing file /Users/chang/opt/anaconda3/lib/python3.9/site-packages/airflow/example_dags/tutorial_taskflow_api_etl_virtualenv.py for tasks to queue
[2022-01-25 23:13:42,099] {logging_mixin.py:109} INFO - [2022-01-25 23:13:42,099] {dagbag.py:500} INFO - Filling up the DagBag from /Users/chang/opt/anaconda3/lib/python3.9/site-packages/airflow/example_dags/tutorial_taskflow_api_etl_virtualenv.py
[2022-01-25 23:13:42,125] {logging_mixin.py:109} INFO - [2022-01-25 23:13:42,125] {tutorial_taskflow_api_etl_virtualenv.py:29} WARNING - The tutorial_taskflow_api_etl_virtualenv example DAG requires virtualenv, please install it.
[2022-01-25 23:13:42,156] {processor.py:656} WARNING - No viable dags retrieved from /Users/chang/opt/anaconda3/lib/python3.9/site-packages/airflow/example_dags/tutorial_taskflow_api_etl_virtualenv.py
[2022-01-25 23:13:42,158] {processor.py:171} INFO - Processing /Users/chang/opt/anaconda3/lib/python3.9/site-packages/airflow/example_dags/tutorial_taskflow_api_etl_virtualenv.py took 0.062 seconds
[2022-01-25 23:15:09,944] {processor.py:163} INFO - Started process (PID=19685) to work on /Users/chang/opt/anaconda3/lib/python3.9/site-packages/airflow/example_dags/tutorial_taskflow_api_etl_virtualenv.py
[2022-01-25 23:15:09,944] {processor.py:642} INFO - Processing file /Users/chang/opt/anaconda3/lib/python3.9/site-packages/airflow/example_dags/tutorial_taskflow_api_etl_virtualenv.py for tasks to queue
[2022-01-25 23:15:09,945] {logging_mixin.py:109} INFO - [2022-01-25 23:15:09,945] {dagbag.py:500} INFO - Filling up the DagBag from /Users/chang/opt/anaconda3/lib/python3.9/site-packages/airflow/example_dags/tutorial_taskflow_api_etl_virtualenv.py
[2022-01-25 23:15:09,962] {logging_mixin.py:109} INFO - [2022-01-25 23:15:09,962] {tutorial_taskflow_api_etl_virtualenv.py:29} WARNING - The tutorial_taskflow_api_etl_virtualenv example DAG requires virtualenv, please install it.
[2022-01-25 23:15:09,986] {processor.py:656} WARNING - No viable dags retrieved from /Users/chang/opt/anaconda3/lib/python3.9/site-packages/airflow/example_dags/tutorial_taskflow_api_etl_virtualenv.py
[2022-01-25 23:15:09,988] {processor.py:171} INFO - Processing /Users/chang/opt/anaconda3/lib/python3.9/site-packages/airflow/example_dags/tutorial_taskflow_api_etl_virtualenv.py took 0.044 seconds
[2022-01-25 23:16:37,746] {processor.py:163} INFO - Started process (PID=19751) to work on /Users/chang/opt/anaconda3/lib/python3.9/site-packages/airflow/example_dags/tutorial_taskflow_api_etl_virtualenv.py
[2022-01-25 23:16:37,747] {processor.py:642} INFO - Processing file /Users/chang/opt/anaconda3/lib/python3.9/site-packages/airflow/example_dags/tutorial_taskflow_api_etl_virtualenv.py for tasks to queue
[2022-01-25 23:16:37,747] {logging_mixin.py:109} INFO - [2022-01-25 23:16:37,747] {dagbag.py:500} INFO - Filling up the DagBag from /Users/chang/opt/anaconda3/lib/python3.9/site-packages/airflow/example_dags/tutorial_taskflow_api_etl_virtualenv.py
[2022-01-25 23:16:37,769] {logging_mixin.py:109} INFO - [2022-01-25 23:16:37,769] {tutorial_taskflow_api_etl_virtualenv.py:29} WARNING - The tutorial_taskflow_api_etl_virtualenv example DAG requires virtualenv, please install it.
[2022-01-25 23:16:37,800] {processor.py:656} WARNING - No viable dags retrieved from /Users/chang/opt/anaconda3/lib/python3.9/site-packages/airflow/example_dags/tutorial_taskflow_api_etl_virtualenv.py
[2022-01-25 23:16:37,802] {processor.py:171} INFO - Processing /Users/chang/opt/anaconda3/lib/python3.9/site-packages/airflow/example_dags/tutorial_taskflow_api_etl_virtualenv.py took 0.057 seconds
[2022-01-25 23:18:12,488] {processor.py:163} INFO - Started process (PID=19837) to work on /Users/chang/opt/anaconda3/lib/python3.9/site-packages/airflow/example_dags/tutorial_taskflow_api_etl_virtualenv.py
[2022-01-25 23:18:12,489] {processor.py:642} INFO - Processing file /Users/chang/opt/anaconda3/lib/python3.9/site-packages/airflow/example_dags/tutorial_taskflow_api_etl_virtualenv.py for tasks to queue
[2022-01-25 23:18:12,490] {logging_mixin.py:109} INFO - [2022-01-25 23:18:12,490] {dagbag.py:500} INFO - Filling up the DagBag from /Users/chang/opt/anaconda3/lib/python3.9/site-packages/airflow/example_dags/tutorial_taskflow_api_etl_virtualenv.py
[2022-01-25 23:18:12,515] {logging_mixin.py:109} INFO - [2022-01-25 23:18:12,515] {tutorial_taskflow_api_etl_virtualenv.py:29} WARNING - The tutorial_taskflow_api_etl_virtualenv example DAG requires virtualenv, please install it.
[2022-01-25 23:18:12,551] {processor.py:656} WARNING - No viable dags retrieved from /Users/chang/opt/anaconda3/lib/python3.9/site-packages/airflow/example_dags/tutorial_taskflow_api_etl_virtualenv.py
[2022-01-25 23:18:12,553] {processor.py:171} INFO - Processing /Users/chang/opt/anaconda3/lib/python3.9/site-packages/airflow/example_dags/tutorial_taskflow_api_etl_virtualenv.py took 0.066 seconds
[2022-01-25 23:19:43,723] {processor.py:163} INFO - Started process (PID=19878) to work on /Users/chang/opt/anaconda3/lib/python3.9/site-packages/airflow/example_dags/tutorial_taskflow_api_etl_virtualenv.py
[2022-01-25 23:19:43,724] {processor.py:642} INFO - Processing file /Users/chang/opt/anaconda3/lib/python3.9/site-packages/airflow/example_dags/tutorial_taskflow_api_etl_virtualenv.py for tasks to queue
[2022-01-25 23:19:43,724] {logging_mixin.py:109} INFO - [2022-01-25 23:19:43,724] {dagbag.py:500} INFO - Filling up the DagBag from /Users/chang/opt/anaconda3/lib/python3.9/site-packages/airflow/example_dags/tutorial_taskflow_api_etl_virtualenv.py
[2022-01-25 23:19:43,741] {logging_mixin.py:109} INFO - [2022-01-25 23:19:43,741] {tutorial_taskflow_api_etl_virtualenv.py:29} WARNING - The tutorial_taskflow_api_etl_virtualenv example DAG requires virtualenv, please install it.
[2022-01-25 23:19:43,761] {processor.py:656} WARNING - No viable dags retrieved from /Users/chang/opt/anaconda3/lib/python3.9/site-packages/airflow/example_dags/tutorial_taskflow_api_etl_virtualenv.py
[2022-01-25 23:19:43,763] {processor.py:171} INFO - Processing /Users/chang/opt/anaconda3/lib/python3.9/site-packages/airflow/example_dags/tutorial_taskflow_api_etl_virtualenv.py took 0.040 seconds
[2022-01-25 23:21:13,062] {processor.py:163} INFO - Started process (PID=19919) to work on /Users/chang/opt/anaconda3/lib/python3.9/site-packages/airflow/example_dags/tutorial_taskflow_api_etl_virtualenv.py
[2022-01-25 23:21:13,063] {processor.py:642} INFO - Processing file /Users/chang/opt/anaconda3/lib/python3.9/site-packages/airflow/example_dags/tutorial_taskflow_api_etl_virtualenv.py for tasks to queue
[2022-01-25 23:21:13,063] {logging_mixin.py:109} INFO - [2022-01-25 23:21:13,063] {dagbag.py:500} INFO - Filling up the DagBag from /Users/chang/opt/anaconda3/lib/python3.9/site-packages/airflow/example_dags/tutorial_taskflow_api_etl_virtualenv.py
[2022-01-25 23:21:13,079] {logging_mixin.py:109} INFO - [2022-01-25 23:21:13,079] {tutorial_taskflow_api_etl_virtualenv.py:29} WARNING - The tutorial_taskflow_api_etl_virtualenv example DAG requires virtualenv, please install it.
[2022-01-25 23:21:13,100] {processor.py:656} WARNING - No viable dags retrieved from /Users/chang/opt/anaconda3/lib/python3.9/site-packages/airflow/example_dags/tutorial_taskflow_api_etl_virtualenv.py
[2022-01-25 23:21:13,102] {processor.py:171} INFO - Processing /Users/chang/opt/anaconda3/lib/python3.9/site-packages/airflow/example_dags/tutorial_taskflow_api_etl_virtualenv.py took 0.040 seconds
[2022-01-25 23:22:51,143] {processor.py:163} INFO - Started process (PID=19973) to work on /Users/chang/opt/anaconda3/lib/python3.9/site-packages/airflow/example_dags/tutorial_taskflow_api_etl_virtualenv.py
[2022-01-25 23:22:51,144] {processor.py:642} INFO - Processing file /Users/chang/opt/anaconda3/lib/python3.9/site-packages/airflow/example_dags/tutorial_taskflow_api_etl_virtualenv.py for tasks to queue
[2022-01-25 23:22:51,144] {logging_mixin.py:109} INFO - [2022-01-25 23:22:51,144] {dagbag.py:500} INFO - Filling up the DagBag from /Users/chang/opt/anaconda3/lib/python3.9/site-packages/airflow/example_dags/tutorial_taskflow_api_etl_virtualenv.py
[2022-01-25 23:22:51,161] {logging_mixin.py:109} INFO - [2022-01-25 23:22:51,161] {tutorial_taskflow_api_etl_virtualenv.py:29} WARNING - The tutorial_taskflow_api_etl_virtualenv example DAG requires virtualenv, please install it.
[2022-01-25 23:22:51,180] {processor.py:656} WARNING - No viable dags retrieved from /Users/chang/opt/anaconda3/lib/python3.9/site-packages/airflow/example_dags/tutorial_taskflow_api_etl_virtualenv.py
[2022-01-25 23:22:51,181] {processor.py:171} INFO - Processing /Users/chang/opt/anaconda3/lib/python3.9/site-packages/airflow/example_dags/tutorial_taskflow_api_etl_virtualenv.py took 0.038 seconds
[2022-01-25 23:24:21,283] {processor.py:163} INFO - Started process (PID=20020) to work on /Users/chang/opt/anaconda3/lib/python3.9/site-packages/airflow/example_dags/tutorial_taskflow_api_etl_virtualenv.py
[2022-01-25 23:24:21,284] {processor.py:642} INFO - Processing file /Users/chang/opt/anaconda3/lib/python3.9/site-packages/airflow/example_dags/tutorial_taskflow_api_etl_virtualenv.py for tasks to queue
[2022-01-25 23:24:21,284] {logging_mixin.py:109} INFO - [2022-01-25 23:24:21,284] {dagbag.py:500} INFO - Filling up the DagBag from /Users/chang/opt/anaconda3/lib/python3.9/site-packages/airflow/example_dags/tutorial_taskflow_api_etl_virtualenv.py
[2022-01-25 23:24:21,302] {logging_mixin.py:109} INFO - [2022-01-25 23:24:21,302] {tutorial_taskflow_api_etl_virtualenv.py:29} WARNING - The tutorial_taskflow_api_etl_virtualenv example DAG requires virtualenv, please install it.
[2022-01-25 23:24:21,325] {processor.py:656} WARNING - No viable dags retrieved from /Users/chang/opt/anaconda3/lib/python3.9/site-packages/airflow/example_dags/tutorial_taskflow_api_etl_virtualenv.py
[2022-01-25 23:24:21,326] {processor.py:171} INFO - Processing /Users/chang/opt/anaconda3/lib/python3.9/site-packages/airflow/example_dags/tutorial_taskflow_api_etl_virtualenv.py took 0.044 seconds
[2022-01-25 23:25:52,892] {processor.py:163} INFO - Started process (PID=20064) to work on /Users/chang/opt/anaconda3/lib/python3.9/site-packages/airflow/example_dags/tutorial_taskflow_api_etl_virtualenv.py
[2022-01-25 23:25:52,893] {processor.py:642} INFO - Processing file /Users/chang/opt/anaconda3/lib/python3.9/site-packages/airflow/example_dags/tutorial_taskflow_api_etl_virtualenv.py for tasks to queue
[2022-01-25 23:25:52,894] {logging_mixin.py:109} INFO - [2022-01-25 23:25:52,893] {dagbag.py:500} INFO - Filling up the DagBag from /Users/chang/opt/anaconda3/lib/python3.9/site-packages/airflow/example_dags/tutorial_taskflow_api_etl_virtualenv.py
[2022-01-25 23:25:52,915] {logging_mixin.py:109} INFO - [2022-01-25 23:25:52,915] {tutorial_taskflow_api_etl_virtualenv.py:29} WARNING - The tutorial_taskflow_api_etl_virtualenv example DAG requires virtualenv, please install it.
[2022-01-25 23:25:52,937] {processor.py:656} WARNING - No viable dags retrieved from /Users/chang/opt/anaconda3/lib/python3.9/site-packages/airflow/example_dags/tutorial_taskflow_api_etl_virtualenv.py
[2022-01-25 23:25:52,938] {processor.py:171} INFO - Processing /Users/chang/opt/anaconda3/lib/python3.9/site-packages/airflow/example_dags/tutorial_taskflow_api_etl_virtualenv.py took 0.047 seconds
[2022-01-25 23:27:23,870] {processor.py:163} INFO - Started process (PID=20171) to work on /Users/chang/opt/anaconda3/lib/python3.9/site-packages/airflow/example_dags/tutorial_taskflow_api_etl_virtualenv.py
[2022-01-25 23:27:23,871] {processor.py:642} INFO - Processing file /Users/chang/opt/anaconda3/lib/python3.9/site-packages/airflow/example_dags/tutorial_taskflow_api_etl_virtualenv.py for tasks to queue
[2022-01-25 23:27:23,872] {logging_mixin.py:109} INFO - [2022-01-25 23:27:23,871] {dagbag.py:500} INFO - Filling up the DagBag from /Users/chang/opt/anaconda3/lib/python3.9/site-packages/airflow/example_dags/tutorial_taskflow_api_etl_virtualenv.py
[2022-01-25 23:27:23,890] {logging_mixin.py:109} INFO - [2022-01-25 23:27:23,890] {tutorial_taskflow_api_etl_virtualenv.py:29} WARNING - The tutorial_taskflow_api_etl_virtualenv example DAG requires virtualenv, please install it.
[2022-01-25 23:27:23,917] {processor.py:656} WARNING - No viable dags retrieved from /Users/chang/opt/anaconda3/lib/python3.9/site-packages/airflow/example_dags/tutorial_taskflow_api_etl_virtualenv.py
[2022-01-25 23:27:23,919] {processor.py:171} INFO - Processing /Users/chang/opt/anaconda3/lib/python3.9/site-packages/airflow/example_dags/tutorial_taskflow_api_etl_virtualenv.py took 0.050 seconds
