[2022-01-25 23:12:15,306] {processor.py:163} INFO - Started process (PID=19491) to work on /Users/chang/opt/anaconda3/lib/python3.9/site-packages/airflow/example_dags/tutorial_etl_dag.py
[2022-01-25 23:12:15,307] {processor.py:642} INFO - Processing file /Users/chang/opt/anaconda3/lib/python3.9/site-packages/airflow/example_dags/tutorial_etl_dag.py for tasks to queue
[2022-01-25 23:12:15,307] {logging_mixin.py:109} INFO - [2022-01-25 23:12:15,307] {dagbag.py:500} INFO - Filling up the DagBag from /Users/chang/opt/anaconda3/lib/python3.9/site-packages/airflow/example_dags/tutorial_etl_dag.py
[2022-01-25 23:12:15,358] {processor.py:654} INFO - DAG(s) dict_keys(['tutorial_etl_dag']) retrieved from /Users/chang/opt/anaconda3/lib/python3.9/site-packages/airflow/example_dags/tutorial_etl_dag.py
[2022-01-25 23:12:15,371] {logging_mixin.py:109} INFO - [2022-01-25 23:12:15,371] {dag.py:2396} INFO - Sync 1 DAGs
[2022-01-25 23:12:15,387] {logging_mixin.py:109} INFO - [2022-01-25 23:12:15,387] {dag.py:2935} INFO - Setting next_dagrun for tutorial_etl_dag to None
[2022-01-25 23:12:15,395] {processor.py:171} INFO - Processing /Users/chang/opt/anaconda3/lib/python3.9/site-packages/airflow/example_dags/tutorial_etl_dag.py took 0.089 seconds
[2022-01-25 23:13:48,043] {processor.py:163} INFO - Started process (PID=19612) to work on /Users/chang/opt/anaconda3/lib/python3.9/site-packages/airflow/example_dags/tutorial_etl_dag.py
[2022-01-25 23:13:48,044] {processor.py:642} INFO - Processing file /Users/chang/opt/anaconda3/lib/python3.9/site-packages/airflow/example_dags/tutorial_etl_dag.py for tasks to queue
[2022-01-25 23:13:48,045] {logging_mixin.py:109} INFO - [2022-01-25 23:13:48,045] {dagbag.py:500} INFO - Filling up the DagBag from /Users/chang/opt/anaconda3/lib/python3.9/site-packages/airflow/example_dags/tutorial_etl_dag.py
[2022-01-25 23:13:48,087] {processor.py:654} INFO - DAG(s) dict_keys(['tutorial_etl_dag']) retrieved from /Users/chang/opt/anaconda3/lib/python3.9/site-packages/airflow/example_dags/tutorial_etl_dag.py
[2022-01-25 23:13:48,103] {logging_mixin.py:109} INFO - [2022-01-25 23:13:48,102] {dag.py:2396} INFO - Sync 1 DAGs
[2022-01-25 23:13:48,111] {logging_mixin.py:109} INFO - [2022-01-25 23:13:48,111] {dag.py:2935} INFO - Setting next_dagrun for tutorial_etl_dag to None
[2022-01-25 23:13:48,119] {processor.py:171} INFO - Processing /Users/chang/opt/anaconda3/lib/python3.9/site-packages/airflow/example_dags/tutorial_etl_dag.py took 0.077 seconds
[2022-01-25 23:15:15,619] {processor.py:163} INFO - Started process (PID=19697) to work on /Users/chang/opt/anaconda3/lib/python3.9/site-packages/airflow/example_dags/tutorial_etl_dag.py
[2022-01-25 23:15:15,619] {processor.py:642} INFO - Processing file /Users/chang/opt/anaconda3/lib/python3.9/site-packages/airflow/example_dags/tutorial_etl_dag.py for tasks to queue
[2022-01-25 23:15:15,619] {logging_mixin.py:109} INFO - [2022-01-25 23:15:15,619] {dagbag.py:500} INFO - Filling up the DagBag from /Users/chang/opt/anaconda3/lib/python3.9/site-packages/airflow/example_dags/tutorial_etl_dag.py
[2022-01-25 23:15:15,658] {processor.py:654} INFO - DAG(s) dict_keys(['tutorial_etl_dag']) retrieved from /Users/chang/opt/anaconda3/lib/python3.9/site-packages/airflow/example_dags/tutorial_etl_dag.py
[2022-01-25 23:15:15,672] {logging_mixin.py:109} INFO - [2022-01-25 23:15:15,672] {dag.py:2396} INFO - Sync 1 DAGs
[2022-01-25 23:15:15,680] {logging_mixin.py:109} INFO - [2022-01-25 23:15:15,680] {dag.py:2935} INFO - Setting next_dagrun for tutorial_etl_dag to None
[2022-01-25 23:15:15,686] {processor.py:171} INFO - Processing /Users/chang/opt/anaconda3/lib/python3.9/site-packages/airflow/example_dags/tutorial_etl_dag.py took 0.068 seconds
[2022-01-25 23:16:43,446] {processor.py:163} INFO - Started process (PID=19753) to work on /Users/chang/opt/anaconda3/lib/python3.9/site-packages/airflow/example_dags/tutorial_etl_dag.py
[2022-01-25 23:16:43,447] {processor.py:642} INFO - Processing file /Users/chang/opt/anaconda3/lib/python3.9/site-packages/airflow/example_dags/tutorial_etl_dag.py for tasks to queue
[2022-01-25 23:16:43,448] {logging_mixin.py:109} INFO - [2022-01-25 23:16:43,448] {dagbag.py:500} INFO - Filling up the DagBag from /Users/chang/opt/anaconda3/lib/python3.9/site-packages/airflow/example_dags/tutorial_etl_dag.py
[2022-01-25 23:16:43,486] {processor.py:654} INFO - DAG(s) dict_keys(['tutorial_etl_dag']) retrieved from /Users/chang/opt/anaconda3/lib/python3.9/site-packages/airflow/example_dags/tutorial_etl_dag.py
[2022-01-25 23:16:43,499] {logging_mixin.py:109} INFO - [2022-01-25 23:16:43,499] {dag.py:2396} INFO - Sync 1 DAGs
[2022-01-25 23:16:43,506] {logging_mixin.py:109} INFO - [2022-01-25 23:16:43,506] {dag.py:2935} INFO - Setting next_dagrun for tutorial_etl_dag to None
[2022-01-25 23:16:43,512] {processor.py:171} INFO - Processing /Users/chang/opt/anaconda3/lib/python3.9/site-packages/airflow/example_dags/tutorial_etl_dag.py took 0.066 seconds
[2022-01-25 23:18:18,943] {processor.py:163} INFO - Started process (PID=19839) to work on /Users/chang/opt/anaconda3/lib/python3.9/site-packages/airflow/example_dags/tutorial_etl_dag.py
[2022-01-25 23:18:18,944] {processor.py:642} INFO - Processing file /Users/chang/opt/anaconda3/lib/python3.9/site-packages/airflow/example_dags/tutorial_etl_dag.py for tasks to queue
[2022-01-25 23:18:18,945] {logging_mixin.py:109} INFO - [2022-01-25 23:18:18,945] {dagbag.py:500} INFO - Filling up the DagBag from /Users/chang/opt/anaconda3/lib/python3.9/site-packages/airflow/example_dags/tutorial_etl_dag.py
[2022-01-25 23:18:18,987] {processor.py:654} INFO - DAG(s) dict_keys(['tutorial_etl_dag']) retrieved from /Users/chang/opt/anaconda3/lib/python3.9/site-packages/airflow/example_dags/tutorial_etl_dag.py
[2022-01-25 23:18:19,002] {logging_mixin.py:109} INFO - [2022-01-25 23:18:19,002] {dag.py:2396} INFO - Sync 1 DAGs
[2022-01-25 23:18:19,012] {logging_mixin.py:109} INFO - [2022-01-25 23:18:19,012] {dag.py:2935} INFO - Setting next_dagrun for tutorial_etl_dag to None
[2022-01-25 23:18:19,019] {processor.py:171} INFO - Processing /Users/chang/opt/anaconda3/lib/python3.9/site-packages/airflow/example_dags/tutorial_etl_dag.py took 0.077 seconds
[2022-01-25 23:19:49,217] {processor.py:163} INFO - Started process (PID=19880) to work on /Users/chang/opt/anaconda3/lib/python3.9/site-packages/airflow/example_dags/tutorial_etl_dag.py
[2022-01-25 23:19:49,219] {processor.py:642} INFO - Processing file /Users/chang/opt/anaconda3/lib/python3.9/site-packages/airflow/example_dags/tutorial_etl_dag.py for tasks to queue
[2022-01-25 23:19:49,219] {logging_mixin.py:109} INFO - [2022-01-25 23:19:49,219] {dagbag.py:500} INFO - Filling up the DagBag from /Users/chang/opt/anaconda3/lib/python3.9/site-packages/airflow/example_dags/tutorial_etl_dag.py
[2022-01-25 23:19:49,258] {processor.py:654} INFO - DAG(s) dict_keys(['tutorial_etl_dag']) retrieved from /Users/chang/opt/anaconda3/lib/python3.9/site-packages/airflow/example_dags/tutorial_etl_dag.py
[2022-01-25 23:19:49,272] {logging_mixin.py:109} INFO - [2022-01-25 23:19:49,271] {dag.py:2396} INFO - Sync 1 DAGs
[2022-01-25 23:19:49,278] {logging_mixin.py:109} INFO - [2022-01-25 23:19:49,278] {dag.py:2935} INFO - Setting next_dagrun for tutorial_etl_dag to None
[2022-01-25 23:19:49,284] {processor.py:171} INFO - Processing /Users/chang/opt/anaconda3/lib/python3.9/site-packages/airflow/example_dags/tutorial_etl_dag.py took 0.067 seconds
[2022-01-25 23:21:18,676] {processor.py:163} INFO - Started process (PID=19921) to work on /Users/chang/opt/anaconda3/lib/python3.9/site-packages/airflow/example_dags/tutorial_etl_dag.py
[2022-01-25 23:21:18,676] {processor.py:642} INFO - Processing file /Users/chang/opt/anaconda3/lib/python3.9/site-packages/airflow/example_dags/tutorial_etl_dag.py for tasks to queue
[2022-01-25 23:21:18,677] {logging_mixin.py:109} INFO - [2022-01-25 23:21:18,677] {dagbag.py:500} INFO - Filling up the DagBag from /Users/chang/opt/anaconda3/lib/python3.9/site-packages/airflow/example_dags/tutorial_etl_dag.py
[2022-01-25 23:21:18,715] {processor.py:654} INFO - DAG(s) dict_keys(['tutorial_etl_dag']) retrieved from /Users/chang/opt/anaconda3/lib/python3.9/site-packages/airflow/example_dags/tutorial_etl_dag.py
[2022-01-25 23:21:18,731] {logging_mixin.py:109} INFO - [2022-01-25 23:21:18,731] {dag.py:2396} INFO - Sync 1 DAGs
[2022-01-25 23:21:18,741] {logging_mixin.py:109} INFO - [2022-01-25 23:21:18,741] {dag.py:2935} INFO - Setting next_dagrun for tutorial_etl_dag to None
[2022-01-25 23:21:18,748] {processor.py:171} INFO - Processing /Users/chang/opt/anaconda3/lib/python3.9/site-packages/airflow/example_dags/tutorial_etl_dag.py took 0.072 seconds
[2022-01-25 23:22:56,285] {processor.py:163} INFO - Started process (PID=19975) to work on /Users/chang/opt/anaconda3/lib/python3.9/site-packages/airflow/example_dags/tutorial_etl_dag.py
[2022-01-25 23:22:56,286] {processor.py:642} INFO - Processing file /Users/chang/opt/anaconda3/lib/python3.9/site-packages/airflow/example_dags/tutorial_etl_dag.py for tasks to queue
[2022-01-25 23:22:56,287] {logging_mixin.py:109} INFO - [2022-01-25 23:22:56,287] {dagbag.py:500} INFO - Filling up the DagBag from /Users/chang/opt/anaconda3/lib/python3.9/site-packages/airflow/example_dags/tutorial_etl_dag.py
[2022-01-25 23:22:56,324] {processor.py:654} INFO - DAG(s) dict_keys(['tutorial_etl_dag']) retrieved from /Users/chang/opt/anaconda3/lib/python3.9/site-packages/airflow/example_dags/tutorial_etl_dag.py
[2022-01-25 23:22:56,337] {logging_mixin.py:109} INFO - [2022-01-25 23:22:56,337] {dag.py:2396} INFO - Sync 1 DAGs
[2022-01-25 23:22:56,344] {logging_mixin.py:109} INFO - [2022-01-25 23:22:56,343] {dag.py:2935} INFO - Setting next_dagrun for tutorial_etl_dag to None
[2022-01-25 23:22:56,349] {processor.py:171} INFO - Processing /Users/chang/opt/anaconda3/lib/python3.9/site-packages/airflow/example_dags/tutorial_etl_dag.py took 0.064 seconds
[2022-01-25 23:24:26,712] {processor.py:163} INFO - Started process (PID=20022) to work on /Users/chang/opt/anaconda3/lib/python3.9/site-packages/airflow/example_dags/tutorial_etl_dag.py
[2022-01-25 23:24:26,713] {processor.py:642} INFO - Processing file /Users/chang/opt/anaconda3/lib/python3.9/site-packages/airflow/example_dags/tutorial_etl_dag.py for tasks to queue
[2022-01-25 23:24:26,713] {logging_mixin.py:109} INFO - [2022-01-25 23:24:26,713] {dagbag.py:500} INFO - Filling up the DagBag from /Users/chang/opt/anaconda3/lib/python3.9/site-packages/airflow/example_dags/tutorial_etl_dag.py
[2022-01-25 23:24:26,751] {processor.py:654} INFO - DAG(s) dict_keys(['tutorial_etl_dag']) retrieved from /Users/chang/opt/anaconda3/lib/python3.9/site-packages/airflow/example_dags/tutorial_etl_dag.py
[2022-01-25 23:24:26,764] {logging_mixin.py:109} INFO - [2022-01-25 23:24:26,764] {dag.py:2396} INFO - Sync 1 DAGs
[2022-01-25 23:24:26,771] {logging_mixin.py:109} INFO - [2022-01-25 23:24:26,771] {dag.py:2935} INFO - Setting next_dagrun for tutorial_etl_dag to None
[2022-01-25 23:24:26,776] {processor.py:171} INFO - Processing /Users/chang/opt/anaconda3/lib/python3.9/site-packages/airflow/example_dags/tutorial_etl_dag.py took 0.065 seconds
[2022-01-25 23:25:56,925] {processor.py:163} INFO - Started process (PID=20066) to work on /Users/chang/opt/anaconda3/lib/python3.9/site-packages/airflow/example_dags/tutorial_etl_dag.py
[2022-01-25 23:25:56,926] {processor.py:642} INFO - Processing file /Users/chang/opt/anaconda3/lib/python3.9/site-packages/airflow/example_dags/tutorial_etl_dag.py for tasks to queue
[2022-01-25 23:25:56,927] {logging_mixin.py:109} INFO - [2022-01-25 23:25:56,927] {dagbag.py:500} INFO - Filling up the DagBag from /Users/chang/opt/anaconda3/lib/python3.9/site-packages/airflow/example_dags/tutorial_etl_dag.py
[2022-01-25 23:25:56,966] {processor.py:654} INFO - DAG(s) dict_keys(['tutorial_etl_dag']) retrieved from /Users/chang/opt/anaconda3/lib/python3.9/site-packages/airflow/example_dags/tutorial_etl_dag.py
[2022-01-25 23:25:56,979] {logging_mixin.py:109} INFO - [2022-01-25 23:25:56,979] {dag.py:2396} INFO - Sync 1 DAGs
[2022-01-25 23:25:56,986] {logging_mixin.py:109} INFO - [2022-01-25 23:25:56,986] {dag.py:2935} INFO - Setting next_dagrun for tutorial_etl_dag to None
[2022-01-25 23:25:56,993] {processor.py:171} INFO - Processing /Users/chang/opt/anaconda3/lib/python3.9/site-packages/airflow/example_dags/tutorial_etl_dag.py took 0.068 seconds
[2022-01-25 23:27:29,589] {processor.py:163} INFO - Started process (PID=20186) to work on /Users/chang/opt/anaconda3/lib/python3.9/site-packages/airflow/example_dags/tutorial_etl_dag.py
[2022-01-25 23:27:29,590] {processor.py:642} INFO - Processing file /Users/chang/opt/anaconda3/lib/python3.9/site-packages/airflow/example_dags/tutorial_etl_dag.py for tasks to queue
[2022-01-25 23:27:29,591] {logging_mixin.py:109} INFO - [2022-01-25 23:27:29,591] {dagbag.py:500} INFO - Filling up the DagBag from /Users/chang/opt/anaconda3/lib/python3.9/site-packages/airflow/example_dags/tutorial_etl_dag.py
[2022-01-25 23:27:29,631] {processor.py:654} INFO - DAG(s) dict_keys(['tutorial_etl_dag']) retrieved from /Users/chang/opt/anaconda3/lib/python3.9/site-packages/airflow/example_dags/tutorial_etl_dag.py
[2022-01-25 23:27:29,646] {logging_mixin.py:109} INFO - [2022-01-25 23:27:29,645] {dag.py:2396} INFO - Sync 1 DAGs
[2022-01-25 23:27:29,654] {logging_mixin.py:109} INFO - [2022-01-25 23:27:29,654] {dag.py:2935} INFO - Setting next_dagrun for tutorial_etl_dag to None
[2022-01-25 23:27:29,660] {processor.py:171} INFO - Processing /Users/chang/opt/anaconda3/lib/python3.9/site-packages/airflow/example_dags/tutorial_etl_dag.py took 0.071 seconds
