[2022-01-25 23:12:12,331] {processor.py:163} INFO - Started process (PID=19482) to work on /Users/chang/opt/anaconda3/lib/python3.9/site-packages/airflow/example_dags/tutorial_taskflow_api_etl.py
[2022-01-25 23:12:12,331] {processor.py:642} INFO - Processing file /Users/chang/opt/anaconda3/lib/python3.9/site-packages/airflow/example_dags/tutorial_taskflow_api_etl.py for tasks to queue
[2022-01-25 23:12:12,331] {logging_mixin.py:109} INFO - [2022-01-25 23:12:12,331] {dagbag.py:500} INFO - Filling up the DagBag from /Users/chang/opt/anaconda3/lib/python3.9/site-packages/airflow/example_dags/tutorial_taskflow_api_etl.py
[2022-01-25 23:12:12,387] {processor.py:654} INFO - DAG(s) dict_keys(['tutorial_taskflow_api_etl']) retrieved from /Users/chang/opt/anaconda3/lib/python3.9/site-packages/airflow/example_dags/tutorial_taskflow_api_etl.py
[2022-01-25 23:12:12,399] {logging_mixin.py:109} INFO - [2022-01-25 23:12:12,398] {dag.py:2396} INFO - Sync 1 DAGs
[2022-01-25 23:12:12,411] {logging_mixin.py:109} INFO - [2022-01-25 23:12:12,410] {dag.py:2935} INFO - Setting next_dagrun for tutorial_taskflow_api_etl to None
[2022-01-25 23:12:12,418] {processor.py:171} INFO - Processing /Users/chang/opt/anaconda3/lib/python3.9/site-packages/airflow/example_dags/tutorial_taskflow_api_etl.py took 0.088 seconds
[2022-01-25 23:13:44,971] {processor.py:163} INFO - Started process (PID=19611) to work on /Users/chang/opt/anaconda3/lib/python3.9/site-packages/airflow/example_dags/tutorial_taskflow_api_etl.py
[2022-01-25 23:13:44,972] {processor.py:642} INFO - Processing file /Users/chang/opt/anaconda3/lib/python3.9/site-packages/airflow/example_dags/tutorial_taskflow_api_etl.py for tasks to queue
[2022-01-25 23:13:44,973] {logging_mixin.py:109} INFO - [2022-01-25 23:13:44,973] {dagbag.py:500} INFO - Filling up the DagBag from /Users/chang/opt/anaconda3/lib/python3.9/site-packages/airflow/example_dags/tutorial_taskflow_api_etl.py
[2022-01-25 23:13:45,018] {processor.py:654} INFO - DAG(s) dict_keys(['tutorial_taskflow_api_etl']) retrieved from /Users/chang/opt/anaconda3/lib/python3.9/site-packages/airflow/example_dags/tutorial_taskflow_api_etl.py
[2022-01-25 23:13:45,324] {logging_mixin.py:109} INFO - [2022-01-25 23:13:45,324] {dag.py:2396} INFO - Sync 1 DAGs
[2022-01-25 23:13:45,332] {logging_mixin.py:109} INFO - [2022-01-25 23:13:45,332] {dag.py:2935} INFO - Setting next_dagrun for tutorial_taskflow_api_etl to None
[2022-01-25 23:13:45,337] {processor.py:171} INFO - Processing /Users/chang/opt/anaconda3/lib/python3.9/site-packages/airflow/example_dags/tutorial_taskflow_api_etl.py took 0.366 seconds
[2022-01-25 23:15:12,668] {processor.py:163} INFO - Started process (PID=19696) to work on /Users/chang/opt/anaconda3/lib/python3.9/site-packages/airflow/example_dags/tutorial_taskflow_api_etl.py
[2022-01-25 23:15:12,669] {processor.py:642} INFO - Processing file /Users/chang/opt/anaconda3/lib/python3.9/site-packages/airflow/example_dags/tutorial_taskflow_api_etl.py for tasks to queue
[2022-01-25 23:15:12,669] {logging_mixin.py:109} INFO - [2022-01-25 23:15:12,669] {dagbag.py:500} INFO - Filling up the DagBag from /Users/chang/opt/anaconda3/lib/python3.9/site-packages/airflow/example_dags/tutorial_taskflow_api_etl.py
[2022-01-25 23:15:12,711] {processor.py:654} INFO - DAG(s) dict_keys(['tutorial_taskflow_api_etl']) retrieved from /Users/chang/opt/anaconda3/lib/python3.9/site-packages/airflow/example_dags/tutorial_taskflow_api_etl.py
[2022-01-25 23:15:12,952] {logging_mixin.py:109} INFO - [2022-01-25 23:15:12,952] {dag.py:2396} INFO - Sync 1 DAGs
[2022-01-25 23:15:12,961] {logging_mixin.py:109} INFO - [2022-01-25 23:15:12,961] {dag.py:2935} INFO - Setting next_dagrun for tutorial_taskflow_api_etl to None
[2022-01-25 23:15:12,968] {processor.py:171} INFO - Processing /Users/chang/opt/anaconda3/lib/python3.9/site-packages/airflow/example_dags/tutorial_taskflow_api_etl.py took 0.300 seconds
[2022-01-25 23:16:40,532] {processor.py:163} INFO - Started process (PID=19752) to work on /Users/chang/opt/anaconda3/lib/python3.9/site-packages/airflow/example_dags/tutorial_taskflow_api_etl.py
[2022-01-25 23:16:40,533] {processor.py:642} INFO - Processing file /Users/chang/opt/anaconda3/lib/python3.9/site-packages/airflow/example_dags/tutorial_taskflow_api_etl.py for tasks to queue
[2022-01-25 23:16:40,533] {logging_mixin.py:109} INFO - [2022-01-25 23:16:40,533] {dagbag.py:500} INFO - Filling up the DagBag from /Users/chang/opt/anaconda3/lib/python3.9/site-packages/airflow/example_dags/tutorial_taskflow_api_etl.py
[2022-01-25 23:16:40,572] {processor.py:654} INFO - DAG(s) dict_keys(['tutorial_taskflow_api_etl']) retrieved from /Users/chang/opt/anaconda3/lib/python3.9/site-packages/airflow/example_dags/tutorial_taskflow_api_etl.py
[2022-01-25 23:16:40,789] {logging_mixin.py:109} INFO - [2022-01-25 23:16:40,789] {dag.py:2396} INFO - Sync 1 DAGs
[2022-01-25 23:16:40,796] {logging_mixin.py:109} INFO - [2022-01-25 23:16:40,796] {dag.py:2935} INFO - Setting next_dagrun for tutorial_taskflow_api_etl to None
[2022-01-25 23:16:40,801] {processor.py:171} INFO - Processing /Users/chang/opt/anaconda3/lib/python3.9/site-packages/airflow/example_dags/tutorial_taskflow_api_etl.py took 0.270 seconds
[2022-01-25 23:18:15,699] {processor.py:163} INFO - Started process (PID=19838) to work on /Users/chang/opt/anaconda3/lib/python3.9/site-packages/airflow/example_dags/tutorial_taskflow_api_etl.py
[2022-01-25 23:18:15,701] {processor.py:642} INFO - Processing file /Users/chang/opt/anaconda3/lib/python3.9/site-packages/airflow/example_dags/tutorial_taskflow_api_etl.py for tasks to queue
[2022-01-25 23:18:15,701] {logging_mixin.py:109} INFO - [2022-01-25 23:18:15,701] {dagbag.py:500} INFO - Filling up the DagBag from /Users/chang/opt/anaconda3/lib/python3.9/site-packages/airflow/example_dags/tutorial_taskflow_api_etl.py
[2022-01-25 23:18:15,747] {processor.py:654} INFO - DAG(s) dict_keys(['tutorial_taskflow_api_etl']) retrieved from /Users/chang/opt/anaconda3/lib/python3.9/site-packages/airflow/example_dags/tutorial_taskflow_api_etl.py
[2022-01-25 23:18:16,004] {logging_mixin.py:109} INFO - [2022-01-25 23:18:16,004] {dag.py:2396} INFO - Sync 1 DAGs
[2022-01-25 23:18:16,014] {logging_mixin.py:109} INFO - [2022-01-25 23:18:16,014] {dag.py:2935} INFO - Setting next_dagrun for tutorial_taskflow_api_etl to None
[2022-01-25 23:18:16,021] {processor.py:171} INFO - Processing /Users/chang/opt/anaconda3/lib/python3.9/site-packages/airflow/example_dags/tutorial_taskflow_api_etl.py took 0.323 seconds
[2022-01-25 23:19:46,367] {processor.py:163} INFO - Started process (PID=19879) to work on /Users/chang/opt/anaconda3/lib/python3.9/site-packages/airflow/example_dags/tutorial_taskflow_api_etl.py
[2022-01-25 23:19:46,368] {processor.py:642} INFO - Processing file /Users/chang/opt/anaconda3/lib/python3.9/site-packages/airflow/example_dags/tutorial_taskflow_api_etl.py for tasks to queue
[2022-01-25 23:19:46,369] {logging_mixin.py:109} INFO - [2022-01-25 23:19:46,369] {dagbag.py:500} INFO - Filling up the DagBag from /Users/chang/opt/anaconda3/lib/python3.9/site-packages/airflow/example_dags/tutorial_taskflow_api_etl.py
[2022-01-25 23:19:46,411] {processor.py:654} INFO - DAG(s) dict_keys(['tutorial_taskflow_api_etl']) retrieved from /Users/chang/opt/anaconda3/lib/python3.9/site-packages/airflow/example_dags/tutorial_taskflow_api_etl.py
[2022-01-25 23:19:46,655] {logging_mixin.py:109} INFO - [2022-01-25 23:19:46,655] {dag.py:2396} INFO - Sync 1 DAGs
[2022-01-25 23:19:46,662] {logging_mixin.py:109} INFO - [2022-01-25 23:19:46,662] {dag.py:2935} INFO - Setting next_dagrun for tutorial_taskflow_api_etl to None
[2022-01-25 23:19:46,668] {processor.py:171} INFO - Processing /Users/chang/opt/anaconda3/lib/python3.9/site-packages/airflow/example_dags/tutorial_taskflow_api_etl.py took 0.301 seconds
[2022-01-25 23:21:15,686] {processor.py:163} INFO - Started process (PID=19920) to work on /Users/chang/opt/anaconda3/lib/python3.9/site-packages/airflow/example_dags/tutorial_taskflow_api_etl.py
[2022-01-25 23:21:15,686] {processor.py:642} INFO - Processing file /Users/chang/opt/anaconda3/lib/python3.9/site-packages/airflow/example_dags/tutorial_taskflow_api_etl.py for tasks to queue
[2022-01-25 23:21:15,686] {logging_mixin.py:109} INFO - [2022-01-25 23:21:15,686] {dagbag.py:500} INFO - Filling up the DagBag from /Users/chang/opt/anaconda3/lib/python3.9/site-packages/airflow/example_dags/tutorial_taskflow_api_etl.py
[2022-01-25 23:21:15,728] {processor.py:654} INFO - DAG(s) dict_keys(['tutorial_taskflow_api_etl']) retrieved from /Users/chang/opt/anaconda3/lib/python3.9/site-packages/airflow/example_dags/tutorial_taskflow_api_etl.py
[2022-01-25 23:21:15,902] {logging_mixin.py:109} INFO - [2022-01-25 23:21:15,902] {dag.py:2396} INFO - Sync 1 DAGs
[2022-01-25 23:21:15,909] {logging_mixin.py:109} INFO - [2022-01-25 23:21:15,909] {dag.py:2935} INFO - Setting next_dagrun for tutorial_taskflow_api_etl to None
[2022-01-25 23:21:15,914] {processor.py:171} INFO - Processing /Users/chang/opt/anaconda3/lib/python3.9/site-packages/airflow/example_dags/tutorial_taskflow_api_etl.py took 0.229 seconds
[2022-01-25 23:22:53,497] {processor.py:163} INFO - Started process (PID=19974) to work on /Users/chang/opt/anaconda3/lib/python3.9/site-packages/airflow/example_dags/tutorial_taskflow_api_etl.py
[2022-01-25 23:22:53,499] {processor.py:642} INFO - Processing file /Users/chang/opt/anaconda3/lib/python3.9/site-packages/airflow/example_dags/tutorial_taskflow_api_etl.py for tasks to queue
[2022-01-25 23:22:53,499] {logging_mixin.py:109} INFO - [2022-01-25 23:22:53,499] {dagbag.py:500} INFO - Filling up the DagBag from /Users/chang/opt/anaconda3/lib/python3.9/site-packages/airflow/example_dags/tutorial_taskflow_api_etl.py
[2022-01-25 23:22:53,538] {processor.py:654} INFO - DAG(s) dict_keys(['tutorial_taskflow_api_etl']) retrieved from /Users/chang/opt/anaconda3/lib/python3.9/site-packages/airflow/example_dags/tutorial_taskflow_api_etl.py
[2022-01-25 23:22:53,778] {logging_mixin.py:109} INFO - [2022-01-25 23:22:53,777] {dag.py:2396} INFO - Sync 1 DAGs
[2022-01-25 23:22:53,784] {logging_mixin.py:109} INFO - [2022-01-25 23:22:53,784] {dag.py:2935} INFO - Setting next_dagrun for tutorial_taskflow_api_etl to None
[2022-01-25 23:22:53,789] {processor.py:171} INFO - Processing /Users/chang/opt/anaconda3/lib/python3.9/site-packages/airflow/example_dags/tutorial_taskflow_api_etl.py took 0.292 seconds
[2022-01-25 23:24:23,888] {processor.py:163} INFO - Started process (PID=20021) to work on /Users/chang/opt/anaconda3/lib/python3.9/site-packages/airflow/example_dags/tutorial_taskflow_api_etl.py
[2022-01-25 23:24:23,889] {processor.py:642} INFO - Processing file /Users/chang/opt/anaconda3/lib/python3.9/site-packages/airflow/example_dags/tutorial_taskflow_api_etl.py for tasks to queue
[2022-01-25 23:24:23,889] {logging_mixin.py:109} INFO - [2022-01-25 23:24:23,889] {dagbag.py:500} INFO - Filling up the DagBag from /Users/chang/opt/anaconda3/lib/python3.9/site-packages/airflow/example_dags/tutorial_taskflow_api_etl.py
[2022-01-25 23:24:23,930] {processor.py:654} INFO - DAG(s) dict_keys(['tutorial_taskflow_api_etl']) retrieved from /Users/chang/opt/anaconda3/lib/python3.9/site-packages/airflow/example_dags/tutorial_taskflow_api_etl.py
[2022-01-25 23:24:24,167] {logging_mixin.py:109} INFO - [2022-01-25 23:24:24,166] {dag.py:2396} INFO - Sync 1 DAGs
[2022-01-25 23:24:24,173] {logging_mixin.py:109} INFO - [2022-01-25 23:24:24,173] {dag.py:2935} INFO - Setting next_dagrun for tutorial_taskflow_api_etl to None
[2022-01-25 23:24:24,178] {processor.py:171} INFO - Processing /Users/chang/opt/anaconda3/lib/python3.9/site-packages/airflow/example_dags/tutorial_taskflow_api_etl.py took 0.291 seconds
[2022-01-25 23:25:54,685] {processor.py:163} INFO - Started process (PID=20065) to work on /Users/chang/opt/anaconda3/lib/python3.9/site-packages/airflow/example_dags/tutorial_taskflow_api_etl.py
[2022-01-25 23:25:54,686] {processor.py:642} INFO - Processing file /Users/chang/opt/anaconda3/lib/python3.9/site-packages/airflow/example_dags/tutorial_taskflow_api_etl.py for tasks to queue
[2022-01-25 23:25:54,687] {logging_mixin.py:109} INFO - [2022-01-25 23:25:54,687] {dagbag.py:500} INFO - Filling up the DagBag from /Users/chang/opt/anaconda3/lib/python3.9/site-packages/airflow/example_dags/tutorial_taskflow_api_etl.py
[2022-01-25 23:25:54,726] {processor.py:654} INFO - DAG(s) dict_keys(['tutorial_taskflow_api_etl']) retrieved from /Users/chang/opt/anaconda3/lib/python3.9/site-packages/airflow/example_dags/tutorial_taskflow_api_etl.py
[2022-01-25 23:25:55,045] {logging_mixin.py:109} INFO - [2022-01-25 23:25:55,045] {dag.py:2396} INFO - Sync 1 DAGs
[2022-01-25 23:25:55,052] {logging_mixin.py:109} INFO - [2022-01-25 23:25:55,052] {dag.py:2935} INFO - Setting next_dagrun for tutorial_taskflow_api_etl to None
[2022-01-25 23:25:55,058] {processor.py:171} INFO - Processing /Users/chang/opt/anaconda3/lib/python3.9/site-packages/airflow/example_dags/tutorial_taskflow_api_etl.py took 0.373 seconds
[2022-01-25 23:27:26,547] {processor.py:163} INFO - Started process (PID=20175) to work on /Users/chang/opt/anaconda3/lib/python3.9/site-packages/airflow/example_dags/tutorial_taskflow_api_etl.py
[2022-01-25 23:27:26,548] {processor.py:642} INFO - Processing file /Users/chang/opt/anaconda3/lib/python3.9/site-packages/airflow/example_dags/tutorial_taskflow_api_etl.py for tasks to queue
[2022-01-25 23:27:26,548] {logging_mixin.py:109} INFO - [2022-01-25 23:27:26,548] {dagbag.py:500} INFO - Filling up the DagBag from /Users/chang/opt/anaconda3/lib/python3.9/site-packages/airflow/example_dags/tutorial_taskflow_api_etl.py
[2022-01-25 23:27:26,591] {processor.py:654} INFO - DAG(s) dict_keys(['tutorial_taskflow_api_etl']) retrieved from /Users/chang/opt/anaconda3/lib/python3.9/site-packages/airflow/example_dags/tutorial_taskflow_api_etl.py
[2022-01-25 23:27:26,908] {logging_mixin.py:109} INFO - [2022-01-25 23:27:26,908] {dag.py:2396} INFO - Sync 1 DAGs
[2022-01-25 23:27:26,916] {logging_mixin.py:109} INFO - [2022-01-25 23:27:26,916] {dag.py:2935} INFO - Setting next_dagrun for tutorial_taskflow_api_etl to None
[2022-01-25 23:27:26,923] {processor.py:171} INFO - Processing /Users/chang/opt/anaconda3/lib/python3.9/site-packages/airflow/example_dags/tutorial_taskflow_api_etl.py took 0.377 seconds
